[2018-01-09 00:00:06] production.INFO: array (
  0 => 'Inside sendNotification',
)  
[2018-01-09 00:00:06] production.INFO: array (
  'sendNotification END:' => 
  array (
    'result' => 'HTTP/2 200 
apns-id: A4A54DB8-99F1-F477-F859-A821C25B512E

',
    'status_code' => 200,
  ),
)  
[2018-01-09 00:00:07] production.INFO: array (
  0 => 'Inside sendNotification',
)  
[2018-01-09 00:00:07] production.INFO: array (
  0 => 'Inside sendNotification',
)  
[2018-01-09 00:00:07] production.INFO: array (
  'sendNotification END:' => 
  array (
    'result' => 'HTTP/2 200 
apns-id: 6100D54D-016B-563C-3E84-C17F434E73FF

',
    'status_code' => 200,
  ),
)  
[2018-01-09 00:00:07] production.INFO: array (
  'sendNotification END:' => 
  array (
    'result' => 'HTTP/2 200 
apns-id: 6100D54D-016B-563C-3E84-C17F434E73FF

',
    'status_code' => 200,
  ),
)  
[2018-01-09 07:47:54] production.ERROR: array (
  'Request' => 
  array (
    'device' => 'android',
    'device_token' => 'eljvDN84IDM:APA91bHZCkeUVFuPMHu-Cbui79Rtx-gwb-OQN67Gbc0EjIfebSYKCujquV8CMDvy_0sqluBAMa3jWfKRpeN_3k1Jeh0UwGG6sJ2yn1G5fVUvlXvFsFg-AcNfR9U4Mdw3DXQ5sFVBLh84',
    'user_id' => 913,
  ),
)  
[2018-01-09 10:03:26] production.ERROR: array (
  'Request' => 
  array (
    'device' => 'android',
    'device_token' => 'cgVEhMrk3pk:APA91bEqnBbzQlKBzWS5nf-Vb08fCfqMgOnglscZorDK-_br-Na5j-ys3QfkE8cM0xoFjgBWw1t7Jt25C3Wr8UeJTuP_EJcEin8Y7vMRwt-SZpvAUkSiLlW5UbBQt2OUFwkkuOpNLm4-',
    'user_id' => 914,
  ),
)  
[2018-01-09 10:58:30] production.ERROR: array (
  'Request' => 
  array (
    'device' => 'android',
    'device_token' => 'fp4ppy2vGGQ:APA91bGdwqGPKTQvXtVL1FMz1V74qTgXfuyP9KSye5yoIbvljVRh_NMjt_Qkzsv5jRhfcACWjQN4YPp-ycGbTNFWOhh59jt1t8gqhKevNDyRPyxxzIAA-EKEwg1aaXq_ehYQsyFAb_nI',
    'user_id' => 915,
  ),
)  
[2018-01-09 10:58:42] production.ERROR: array (
  'Request' => 
  array (
    'device' => 'android',
    'device_token' => 'el8eaUS1_Io:APA91bE0OEEllLRFfKyX3kmitDXks06RPiDb-d0B1JRaASM9uNtilX1ZVk95CvXNhr5wiFKjQ_D9eaKd8UwwLUq9G0wgvRmNMOmJhoUviYWDWrco5npjtUmGJEZpXOVSeAG8HYCAArfm',
    'user_id' => 916,
  ),
)  
[2018-01-09 11:19:25] production.ERROR: array (
  'Request' => 
  array (
    'device' => 'iOS',
    'device_token' => 'e1717e9478c513a6b920f85713042c7af8d7621c5ebaeb315e0c7fecacb09f46',
    'user_id' => 917,
  ),
)  
[2018-01-09 11:37:06] production.INFO: array (
  0 => 'User\'s Car Added {Car Trim ID: 28583 User ID: 918}',
)  
[2018-01-09 11:37:12] production.INFO: Broadcasting [booking-event] on channels [private-booking-channel] with payload:
{
    "username": "Alexander Almond Ackon",
    "message": "One more Booking is in list",
    "socket": null
}  
[2018-01-09 11:37:13] production.INFO: array (
  0 => 'Booking Added {Booking: 1 User ID: 918}',
)  
[2018-01-09 11:37:13] production.INFO: array (
  0 => 'Booking Added {Booking: 1 User ID: 918}',
)  
[2018-01-09 11:52:07] production.INFO: array (
  'sendNotification BOOKING OBJECT END:' => 547,
)  
[2018-01-09 12:53:00] production.ERROR: array (
  'Request' => 'SQLSTATE[HY000]: General error: 1366 Incorrect decimal value: \'\' for column \'parts_cost\' at row 1 (SQL: update `bookings` set `parts_cost` = , `labour_cost` = 200, `price` = 200.00, `vat_cost` = 6.00, `updated_at` = 2018-01-09 12:53:00 where `id` = 551)',
)  
[2018-01-09 12:53:00] production.ERROR: PDOException: SQLSTATE[HY000]: General error: 1366 Incorrect decimal value: '' for column 'parts_cost' at row 1 in /var/www/html/vendor/doctrine/dbal/lib/Doctrine/DBAL/Driver/PDOStatement.php:105
Stack trace:
#0 /var/www/html/vendor/doctrine/dbal/lib/Doctrine/DBAL/Driver/PDOStatement.php(105): PDOStatement->execute(NULL)
#1 /var/www/html/vendor/laravel/framework/src/Illuminate/Database/Connection.php(474): Doctrine\DBAL\Driver\PDOStatement->execute()
#2 /var/www/html/vendor/laravel/framework/src/Illuminate/Database/Connection.php(640): Illuminate\Database\Connection->Illuminate\Database\{closure}('update `booking...', Array)
#3 /var/www/html/vendor/laravel/framework/src/Illuminate/Database/Connection.php(607): Illuminate\Database\Connection->runQueryCallback('update `booking...', Array, Object(Closure))
#4 /var/www/html/vendor/laravel/framework/src/Illuminate/Database/Connection.php(477): Illuminate\Database\Connection->run('update `booking...', Array, Object(Closure))
#5 /var/www/html/vendor/laravel/framework/src/Illuminate/Database/Connection.php(416): Illuminate\Database\Connection->affectingStatement('update `booking...', Array)
#6 /var/www/html/vendor/laravel/framework/src/Illuminate/Database/Query/Builder.php(2152): Illuminate\Database\Connection->update('update `booking...', Array)
#7 /var/www/html/vendor/laravel/framework/src/Illuminate/Database/Eloquent/Builder.php(759): Illuminate\Database\Query\Builder->update(Array)
#8 /var/www/html/vendor/laravel/framework/src/Illuminate/Database/Eloquent/Model.php(594): Illuminate\Database\Eloquent\Builder->update(Array)
#9 /var/www/html/vendor/laravel/framework/src/Illuminate/Database/Eloquent/Model.php(514): Illuminate\Database\Eloquent\Model->performUpdate(Object(Illuminate\Database\Eloquent\Builder))
#10 /var/www/html/vendor/laravel/framework/src/Illuminate/Database/Eloquent/Model.php(461): Illuminate\Database\Eloquent\Model->save(Array)
#11 /var/www/html/app/Repositories/Booking/BookingRepository.php(198): Illuminate\Database\Eloquent\Model->update(Array)
#12 /var/www/html/app/Services/BookingService.php(46): App\Repositories\Booking\BookingRepository->update(Array, '551')
#13 /var/www/html/app/Http/Controllers/Admin/BookingController.php(89): App\Services\BookingService->update(Array, '551')
#14 [internal function]: App\Http\Controllers\Admin\BookingController->updateQuote('551', '200.00', Object(Illuminate\Http\Request))
#15 /var/www/html/vendor/laravel/framework/src/Illuminate/Routing/Controller.php(55): call_user_func_array(Array, Array)
#16 /var/www/html/vendor/laravel/framework/src/Illuminate/Routing/ControllerDispatcher.php(44): Illuminate\Routing\Controller->callAction('updateQuote', Array)
#17 /var/www/html/vendor/laravel/framework/src/Illuminate/Routing/Route.php(203): Illuminate\Routing\ControllerDispatcher->dispatch(Object(Illuminate\Routing\Route), Object(App\Http\Controllers\Admin\BookingController), 'updateQuote')
#18 /var/www/html/vendor/laravel/framework/src/Illuminate/Routing/Route.php(160): Illuminate\Routing\Route->runController()
#19 /var/www/html/vendor/laravel/framework/src/Illuminate/Routing/Router.php(574): Illuminate\Routing\Route->run()
#20 /var/www/html/vendor/laravel/framework/src/Illuminate/Routing/Pipeline.php(30): Illuminate\Routing\Router->Illuminate\Routing\{closure}(Object(Illuminate\Http\Request))
#21 /var/www/html/app/Http/Middleware/isVerified.php(20): Illuminate\Routing\Pipeline->Illuminate\Routing\{closure}(Object(Illuminate\Http\Request))
#22 /var/www/html/vendor/laravel/framework/src/Illuminate/Pipeline/Pipeline.php(148): App\Http\Middleware\isVerified->handle(Object(Illuminate\Http\Request), Object(Closure))
#23 /var/www/html/vendor/laravel/framework/src/Illuminate/Routing/Pipeline.php(53): Illuminate\Pipeline\Pipeline->Illuminate\Pipeline\{closure}(Object(Illuminate\Http\Request))
#24 /var/www/html/vendor/zizaco/entrust/src/Entrust/Middleware/EntrustRole.php(48): Illuminate\Routing\Pipeline->Illuminate\Routing\{closure}(Object(Illuminate\Http\Request))
#25 /var/www/html/vendor/laravel/framework/src/Illuminate/Pipeline/Pipeline.php(148): Zizaco\Entrust\Middleware\EntrustRole->handle(Object(Illuminate\Http\Request), Object(Closure), Array)
#26 /var/www/html/vendor/laravel/framework/src/Illuminate/Routing/Pipeline.php(53): Illuminate\Pipeline\Pipeline->Illuminate\Pipeline\{closure}(Object(Illuminate\Http\Request))
#27 /var/www/html/app/Http/Middleware/XSS.php(23): Illuminate\Routing\Pipeline->Illuminate\Routing\{closure}(Object(Illuminate\Http\Request))
#28 /var/www/html/vendor/laravel/framework/src/Illuminate/Pipeline/Pipeline.php(148): App\Http\Middleware\XSS->handle(Object(Illuminate\Http\Request), Object(Closure))
#29 /var/www/html/vendor/laravel/framework/src/Illuminate/Routing/Pipeline.php(53): Illuminate\Pipeline\Pipeline->Illuminate\Pipeline\{closure}(Object(Illuminate\Http\Request))
#30 /var/www/html/app/Http/Middleware/PreventBackHistory.php(17): Illuminate\Routing\Pipeline->Illuminate\Routing\{closure}(Object(Illuminate\Http\Request))
#31 /var/www/html/vendor/laravel/framework/src/Illuminate/Pipeline/Pipeline.php(148): App\Http\Middleware\PreventBackHistory->handle(Object(Illuminate\Http\Request), Object(Closure))
#32 /var/www/html/vendor/laravel/framework/src/Illuminate/Routing/Pipeline.php(53): Illuminate\Pipeline\Pipeline->Illuminate\Pipeline\{closure}(Object(Illuminate\Http\Request))
#33 /var/www/html/vendor/laravel/framework/src/Illuminate/Routing/Middleware/SubstituteBindings.php(41): Illuminate\Routing\Pipeline->Illuminate\Routing\{closure}(Object(Illuminate\Http\Request))
#34 /var/www/html/vendor/laravel/framework/src/Illuminate/Pipeline/Pipeline.php(148): Illuminate\Routing\Middleware\SubstituteBindings->handle(Object(Illuminate\Http\Request), Object(Closure))
#35 /var/www/html/vendor/laravel/framework/src/Illuminate/Routing/Pipeline.php(53): Illuminate\Pipeline\Pipeline->Illuminate\Pipeline\{closure}(Object(Illuminate\Http\Request))
#36 /var/www/html/vendor/laravel/framework/src/Illuminate/Auth/Middleware/Authenticate.php(43): Illuminate\Routing\Pipeline->Illuminate\Routing\{closure}(Object(Illuminate\Http\Request))
#37 /var/www/html/vendor/laravel/framework/src/Illuminate/Pipeline/Pipeline.php(148): Illuminate\Auth\Middleware\Authenticate->handle(Object(Illuminate\Http\Request), Object(Closure))
#38 /var/www/html/vendor/laravel/framework/src/Illuminate/Routing/Pipeline.php(53): Illuminate\Pipeline\Pipeline->Illuminate\Pipeline\{closure}(Object(Illuminate\Http\Request))
#39 /var/www/html/vendor/laravel/framework/src/Illuminate/Foundation/Http/Middleware/VerifyCsrfToken.php(65): Illuminate\Routing\Pipeline->Illuminate\Routing\{closure}(Object(Illuminate\Http\Request))
#40 /var/www/html/vendor/laravel/framework/src/Illuminate/Pipeline/Pipeline.php(148): Illuminate\Foundation\Http\Middleware\VerifyCsrfToken->handle(Object(Illuminate\Http\Request), Object(Closure))
#41 /var/www/html/vendor/laravel/framework/src/Illuminate/Routing/Pipeline.php(53): Illuminate\Pipeline\Pipeline->Illuminate\Pipeline\{closure}(Object(Illuminate\Http\Request))
#42 /var/www/html/vendor/laravel/framework/src/Illuminate/View/Middleware/ShareErrorsFromSession.php(49): Illuminate\Routing\Pipeline->Illuminate\Routing\{closure}(Object(Illuminate\Http\Request))
#43 /var/www/html/vendor/laravel/framework/src/Illuminate/Pipeline/Pipeline.php(148): Illuminate\View\Middleware\ShareErrorsFromSession->handle(Object(Illuminate\Http\Request), Object(Closure))
#44 /var/www/html/vendor/laravel/framework/src/Illuminate/Routing/Pipeline.php(53): Illuminate\Pipeline\Pipeline->Illuminate\Pipeline\{closure}(Object(Illuminate\Http\Request))
#45 /var/www/html/vendor/laravel/framework/src/Illuminate/Session/Middleware/StartSession.php(64): Illuminate\Routing\Pipeline->Illuminate\Routing\{closure}(Object(Illuminate\Http\Request))
#46 /var/www/html/vendor/laravel/framework/src/Illuminate/Pipeline/Pipeline.php(148): Illuminate\Session\Middleware\StartSession->handle(Object(Illuminate\Http\Request), Object(Closure))
#47 /var/www/html/vendor/laravel/framework/src/Illuminate/Routing/Pipeline.php(53): Illuminate\Pipeline\Pipeline->Illuminate\Pipeline\{closure}(Object(Illuminate\Http\Request))
#48 /var/www/html/vendor/laravel/framework/src/Illuminate/Cookie/Middleware/AddQueuedCookiesToResponse.php(37): Illuminate\Routing\Pipeline->Illuminate\Routing\{closure}(Object(Illuminate\Http\Request))
#49 /var/www/html/vendor/laravel/framework/src/Illuminate/Pipeline/Pipeline.php(148): Illuminate\Cookie\Middleware\AddQueuedCookiesToResponse->handle(Object(Illuminate\Http\Request), Object(Closure))
#50 /var/www/html/vendor/laravel/framework/src/Illuminate/Routing/Pipeline.php(53): Illuminate\Pipeline\Pipeline->Illuminate\Pipeline\{closure}(Object(Illuminate\Http\Request))
#51 /var/www/html/vendor/laravel/framework/src/Illuminate/Cookie/Middleware/EncryptCookies.php(59): Illuminate\Routing\Pipeline->Illuminate\Routing\{closure}(Object(Illuminate\Http\Request))
#52 /var/www/html/vendor/laravel/framework/src/Illuminate/Pipeline/Pipeline.php(148): Illuminate\Cookie\Middleware\EncryptCookies->handle(Object(Illuminate\Http\Request), Object(Closure))
#53 /var/www/html/vendor/laravel/framework/src/Illuminate/Routing/Pipeline.php(53): Illuminate\Pipeline\Pipeline->Illuminate\Pipeline\{closure}(Object(Illuminate\Http\Request))
#54 /var/www/html/vendor/laravel/framework/src/Illuminate/Pipeline/Pipeline.php(102): Illuminate\Routing\Pipeline->Illuminate\Routing\{closure}(Object(Illuminate\Http\Request))
#55 /var/www/html/vendor/laravel/framework/src/Illuminate/Routing/Router.php(576): Illuminate\Pipeline\Pipeline->then(Object(Closure))
#56 /var/www/html/vendor/laravel/framework/src/Illuminate/Routing/Router.php(535): Illuminate\Routing\Router->runRouteWithinStack(Object(Illuminate\Routing\Route), Object(Illuminate\Http\Request))
#57 /var/www/html/vendor/laravel/framework/src/Illuminate/Routing/Router.php(513): Illuminate\Routing\Router->dispatchToRoute(Object(Illuminate\Http\Request))
#58 /var/www/html/vendor/laravel/framework/src/Illuminate/Foundation/Http/Kernel.php(176): Illuminate\Routing\Router->dispatch(Object(Illuminate\Http\Request))
#59 /var/www/html/vendor/laravel/framework/src/Illuminate/Routing/Pipeline.php(30): Illuminate\Foundation\Http\Kernel->Illuminate\Foundation\Http\{closure}(Object(Illuminate\Http\Request))
#60 /var/www/html/vendor/laravel/framework/src/Illuminate/Foundation/Http/Middleware/TransformsRequest.php(30): Illuminate\Routing\Pipeline->Illuminate\Routing\{closure}(Object(Illuminate\Http\Request))
#61 /var/www/html/vendor/laravel/framework/src/Illuminate/Pipeline/Pipeline.php(148): Illuminate\Foundation\Http\Middleware\TransformsRequest->handle(Object(Illuminate\Http\Request), Object(Closure))
#62 /var/www/html/vendor/laravel/framework/src/Illuminate/Routing/Pipeline.php(53): Illuminate\Pipeline\Pipeline->Illuminate\Pipeline\{closure}(Object(Illuminate\Http\Request))
#63 /var/www/html/vendor/laravel/framework/src/Illuminate/Foundation/Http/Middleware/TransformsRequest.php(30): Illuminate\Routing\Pipeline->Illuminate\Routing\{closure}(Object(Illuminate\Http\Request))
#64 /var/www/html/vendor/laravel/framework/src/Illuminate/Pipeline/Pipeline.php(148): Illuminate\Foundation\Http\Middleware\TransformsRequest->handle(Object(Illuminate\Http\Request), Object(Closure))
#65 /var/www/html/vendor/laravel/framework/src/Illuminate/Routing/Pipeline.php(53): Illuminate\Pipeline\Pipeline->Illuminate\Pipeline\{closure}(Object(Illuminate\Http\Request))
#66 /var/www/html/vendor/laravel/framework/src/Illuminate/Foundation/Http/Middleware/ValidatePostSize.php(27): Illuminate\Routing\Pipeline->Illuminate\Routing\{closure}(Object(Illuminate\Http\Request))
#67 /var/www/html/vendor/laravel/framework/src/Illuminate/Pipeline/Pipeline.php(148): Illuminate\Foundation\Http\Middleware\ValidatePostSize->handle(Object(Illuminate\Http\Request), Object(Closure))
#68 /var/www/html/vendor/laravel/framework/src/Illuminate/Routing/Pipeline.php(53): Illuminate\Pipeline\Pipeline->Illuminate\Pipeline\{closure}(Object(Illuminate\Http\Request))
#69 /var/www/html/vendor/laravel/framework/src/Illuminate/Foundation/Http/Middleware/CheckForMaintenanceMode.php(46): Illuminate\Routing\Pipeline->Illuminate\Routing\{closure}(Object(Illuminate\Http\Request))
#70 /var/www/html/vendor/laravel/framework/src/Illuminate/Pipeline/Pipeline.php(148): Illuminate\Foundation\Http\Middleware\CheckForMaintenanceMode->handle(Object(Illuminate\Http\Request), Object(Closure))
#71 /var/www/html/vendor/laravel/framework/src/Illuminate/Routing/Pipeline.php(53): Illuminate\Pipeline\Pipeline->Illuminate\Pipeline\{closure}(Object(Illuminate\Http\Request))
#72 /var/www/html/vendor/laravel/framework/src/Illuminate/Pipeline/Pipeline.php(102): Illuminate\Routing\Pipeline->Illuminate\Routing\{closure}(Object(Illuminate\Http\Request))
#73 /var/www/html/vendor/laravel/framework/src/Illuminate/Foundation/Http/Kernel.php(151): Illuminate\Pipeline\Pipeline->then(Object(Closure))
#74 /var/www/html/vendor/laravel/framework/src/Illuminate/Foundation/Http/Kernel.php(116): Illuminate\Foundation\Http\Kernel->sendRequestThroughRouter(Object(Illuminate\Http\Request))
#75 /var/www/html/public/index.php(53): Illuminate\Foundation\Http\Kernel->handle(Object(Illuminate\Http\Request))
#76 {main}

Next Doctrine\DBAL\Driver\PDOException: SQLSTATE[HY000]: General error: 1366 Incorrect decimal value: '' for column 'parts_cost' at row 1 in /var/www/html/vendor/doctrine/dbal/lib/Doctrine/DBAL/Driver/PDOStatement.php:107
Stack trace:
#0 /var/www/html/vendor/laravel/framework/src/Illuminate/Database/Connection.php(474): Doctrine\DBAL\Driver\PDOStatement->execute()
#1 /var/www/html/vendor/laravel/framework/src/Illuminate/Database/Connection.php(640): Illuminate\Database\Connection->Illuminate\Database\{closure}('update `booking...', Array)
#2 /var/www/html/vendor/laravel/framework/src/Illuminate/Database/Connection.php(607): Illuminate\Database\Connection->runQueryCallback('update `booking...', Array, Object(Closure))
#3 /var/www/html/vendor/laravel/framework/src/Illuminate/Database/Connection.php(477): Illuminate\Database\Connection->run('update `booking...', Array, Object(Closure))
#4 /var/www/html/vendor/laravel/framework/src/Illuminate/Database/Connection.php(416): Illuminate\Database\Connection->affectingStatement('update `booking...', Array)
#5 /var/www/html/vendor/laravel/framework/src/Illuminate/Database/Query/Builder.php(2152): Illuminate\Database\Connection->update('update `booking...', Array)
#6 /var/www/html/vendor/laravel/framework/src/Illuminate/Database/Eloquent/Builder.php(759): Illuminate\Database\Query\Builder->update(Array)
#7 /var/www/html/vendor/laravel/framework/src/Illuminate/Database/Eloquent/Model.php(594): Illuminate\Database\Eloquent\Builder->update(Array)
#8 /var/www/html/vendor/laravel/framework/src/Illuminate/Database/Eloquent/Model.php(514): Illuminate\Database\Eloquent\Model->performUpdate(Object(Illuminate\Database\Eloquent\Builder))
#9 /var/www/html/vendor/laravel/framework/src/Illuminate/Database/Eloquent/Model.php(461): Illuminate\Database\Eloquent\Model->save(Array)
#10 /var/www/html/app/Repositories/Booking/BookingRepository.php(198): Illuminate\Database\Eloquent\Model->update(Array)
#11 /var/www/html/app/Services/BookingService.php(46): App\Repositories\Booking\BookingRepository->update(Array, '551')
#12 /var/www/html/app/Http/Controllers/Admin/BookingController.php(89): App\Services\BookingService->update(Array, '551')
#13 [internal function]: App\Http\Controllers\Admin\BookingController->updateQuote('551', '200.00', Object(Illuminate\Http\Request))
#14 /var/www/html/vendor/laravel/framework/src/Illuminate/Routing/Controller.php(55): call_user_func_array(Array, Array)
#15 /var/www/html/vendor/laravel/framework/src/Illuminate/Routing/ControllerDispatcher.php(44): Illuminate\Routing\Controller->callAction('updateQuote', Array)
#16 /var/www/html/vendor/laravel/framework/src/Illuminate/Routing/Route.php(203): Illuminate\Routing\ControllerDispatcher->dispatch(Object(Illuminate\Routing\Route), Object(App\Http\Controllers\Admin\BookingController), 'updateQuote')
#17 /var/www/html/vendor/laravel/framework/src/Illuminate/Routing/Route.php(160): Illuminate\Routing\Route->runController()
#18 /var/www/html/vendor/laravel/framework/src/Illuminate/Routing/Router.php(574): Illuminate\Routing\Route->run()
#19 /var/www/html/vendor/laravel/framework/src/Illuminate/Routing/Pipeline.php(30): Illuminate\Routing\Router->Illuminate\Routing\{closure}(Object(Illuminate\Http\Request))
#20 /var/www/html/app/Http/Middleware/isVerified.php(20): Illuminate\Routing\Pipeline->Illuminate\Routing\{closure}(Object(Illuminate\Http\Request))
#21 /var/www/html/vendor/laravel/framework/src/Illuminate/Pipeline/Pipeline.php(148): App\Http\Middleware\isVerified->handle(Object(Illuminate\Http\Request), Object(Closure))
#22 /var/www/html/vendor/laravel/framework/src/Illuminate/Routing/Pipeline.php(53): Illuminate\Pipeline\Pipeline->Illuminate\Pipeline\{closure}(Object(Illuminate\Http\Request))
#23 /var/www/html/vendor/zizaco/entrust/src/Entrust/Middleware/EntrustRole.php(48): Illuminate\Routing\Pipeline->Illuminate\Routing\{closure}(Object(Illuminate\Http\Request))
#24 /var/www/html/vendor/laravel/framework/src/Illuminate/Pipeline/Pipeline.php(148): Zizaco\Entrust\Middleware\EntrustRole->handle(Object(Illuminate\Http\Request), Object(Closure), Array)
#25 /var/www/html/vendor/laravel/framework/src/Illuminate/Routing/Pipeline.php(53): Illuminate\Pipeline\Pipeline->Illuminate\Pipeline\{closure}(Object(Illuminate\Http\Request))
#26 /var/www/html/app/Http/Middleware/XSS.php(23): Illuminate\Routing\Pipeline->Illuminate\Routing\{closure}(Object(Illuminate\Http\Request))
#27 /var/www/html/vendor/laravel/framework/src/Illuminate/Pipeline/Pipeline.php(148): App\Http\Middleware\XSS->handle(Object(Illuminate\Http\Request), Object(Closure))
#28 /var/www/html/vendor/laravel/framework/src/Illuminate/Routing/Pipeline.php(53): Illuminate\Pipeline\Pipeline->Illuminate\Pipeline\{closure}(Object(Illuminate\Http\Request))
#29 /var/www/html/app/Http/Middleware/PreventBackHistory.php(17): Illuminate\Routing\Pipeline->Illuminate\Routing\{closure}(Object(Illuminate\Http\Request))
#30 /var/www/html/vendor/laravel/framework/src/Illuminate/Pipeline/Pipeline.php(148): App\Http\Middleware\PreventBackHistory->handle(Object(Illuminate\Http\Request), Object(Closure))
#31 /var/www/html/vendor/laravel/framework/src/Illuminate/Routing/Pipeline.php(53): Illuminate\Pipeline\Pipeline->Illuminate\Pipeline\{closure}(Object(Illuminate\Http\Request))
#32 /var/www/html/vendor/laravel/framework/src/Illuminate/Routing/Middleware/SubstituteBindings.php(41): Illuminate\Routing\Pipeline->Illuminate\Routing\{closure}(Object(Illuminate\Http\Request))
#33 /var/www/html/vendor/laravel/framework/src/Illuminate/Pipeline/Pipeline.php(148): Illuminate\Routing\Middleware\SubstituteBindings->handle(Object(Illuminate\Http\Request), Object(Closure))
#34 /var/www/html/vendor/laravel/framework/src/Illuminate/Routing/Pipeline.php(53): Illuminate\Pipeline\Pipeline->Illuminate\Pipeline\{closure}(Object(Illuminate\Http\Request))
#35 /var/www/html/vendor/laravel/framework/src/Illuminate/Auth/Middleware/Authenticate.php(43): Illuminate\Routing\Pipeline->Illuminate\Routing\{closure}(Object(Illuminate\Http\Request))
#36 /var/www/html/vendor/laravel/framework/src/Illuminate/Pipeline/Pipeline.php(148): Illuminate\Auth\Middleware\Authenticate->handle(Object(Illuminate\Http\Request), Object(Closure))
#37 /var/www/html/vendor/laravel/framework/src/Illuminate/Routing/Pipeline.php(53): Illuminate\Pipeline\Pipeline->Illuminate\Pipeline\{closure}(Object(Illuminate\Http\Request))
#38 /var/www/html/vendor/laravel/framework/src/Illuminate/Foundation/Http/Middleware/VerifyCsrfToken.php(65): Illuminate\Routing\Pipeline->Illuminate\Routing\{closure}(Object(Illuminate\Http\Request))
#39 /var/www/html/vendor/laravel/framework/src/Illuminate/Pipeline/Pipeline.php(148): Illuminate\Foundation\Http\Middleware\VerifyCsrfToken->handle(Object(Illuminate\Http\Request), Object(Closure))
#40 /var/www/html/vendor/laravel/framework/src/Illuminate/Routing/Pipeline.php(53): Illuminate\Pipeline\Pipeline->Illuminate\Pipeline\{closure}(Object(Illuminate\Http\Request))
#41 /var/www/html/vendor/laravel/framework/src/Illuminate/View/Middleware/ShareErrorsFromSession.php(49): Illuminate\Routing\Pipeline->Illuminate\Routing\{closure}(Object(Illuminate\Http\Request))
#42 /var/www/html/vendor/laravel/framework/src/Illuminate/Pipeline/Pipeline.php(148): Illuminate\View\Middleware\ShareErrorsFromSession->handle(Object(Illuminate\Http\Request), Object(Closure))
#43 /var/www/html/vendor/laravel/framework/src/Illuminate/Routing/Pipeline.php(53): Illuminate\Pipeline\Pipeline->Illuminate\Pipeline\{closure}(Object(Illuminate\Http\Request))
#44 /var/www/html/vendor/laravel/framework/src/Illuminate/Session/Middleware/StartSession.php(64): Illuminate\Routing\Pipeline->Illuminate\Routing\{closure}(Object(Illuminate\Http\Request))
#45 /var/www/html/vendor/laravel/framework/src/Illuminate/Pipeline/Pipeline.php(148): Illuminate\Session\Middleware\StartSession->handle(Object(Illuminate\Http\Request), Object(Closure))
#46 /var/www/html/vendor/laravel/framework/src/Illuminate/Routing/Pipeline.php(53): Illuminate\Pipeline\Pipeline->Illuminate\Pipeline\{closure}(Object(Illuminate\Http\Request))
#47 /var/www/html/vendor/laravel/framework/src/Illuminate/Cookie/Middleware/AddQueuedCookiesToResponse.php(37): Illuminate\Routing\Pipeline->Illuminate\Routing\{closure}(Object(Illuminate\Http\Request))
#48 /var/www/html/vendor/laravel/framework/src/Illuminate/Pipeline/Pipeline.php(148): Illuminate\Cookie\Middleware\AddQueuedCookiesToResponse->handle(Object(Illuminate\Http\Request), Object(Closure))
#49 /var/www/html/vendor/laravel/framework/src/Illuminate/Routing/Pipeline.php(53): Illuminate\Pipeline\Pipeline->Illuminate\Pipeline\{closure}(Object(Illuminate\Http\Request))
#50 /var/www/html/vendor/laravel/framework/src/Illuminate/Cookie/Middleware/EncryptCookies.php(59): Illuminate\Routing\Pipeline->Illuminate\Routing\{closure}(Object(Illuminate\Http\Request))
#51 /var/www/html/vendor/laravel/framework/src/Illuminate/Pipeline/Pipeline.php(148): Illuminate\Cookie\Middleware\EncryptCookies->handle(Object(Illuminate\Http\Request), Object(Closure))
#52 /var/www/html/vendor/laravel/framework/src/Illuminate/Routing/Pipeline.php(53): Illuminate\Pipeline\Pipeline->Illuminate\Pipeline\{closure}(Object(Illuminate\Http\Request))
#53 /var/www/html/vendor/laravel/framework/src/Illuminate/Pipeline/Pipeline.php(102): Illuminate\Routing\Pipeline->Illuminate\Routing\{closure}(Object(Illuminate\Http\Request))
#54 /var/www/html/vendor/laravel/framework/src/Illuminate/Routing/Router.php(576): Illuminate\Pipeline\Pipeline->then(Object(Closure))
#55 /var/www/html/vendor/laravel/framework/src/Illuminate/Routing/Router.php(535): Illuminate\Routing\Router->runRouteWithinStack(Object(Illuminate\Routing\Route), Object(Illuminate\Http\Request))
#56 /var/www/html/vendor/laravel/framework/src/Illuminate/Routing/Router.php(513): Illuminate\Routing\Router->dispatchToRoute(Object(Illuminate\Http\Request))
#57 /var/www/html/vendor/laravel/framework/src/Illuminate/Foundation/Http/Kernel.php(176): Illuminate\Routing\Router->dispatch(Object(Illuminate\Http\Request))
#58 /var/www/html/vendor/laravel/framework/src/Illuminate/Routing/Pipeline.php(30): Illuminate\Foundation\Http\Kernel->Illuminate\Foundation\Http\{closure}(Object(Illuminate\Http\Request))
#59 /var/www/html/vendor/laravel/framework/src/Illuminate/Foundation/Http/Middleware/TransformsRequest.php(30): Illuminate\Routing\Pipeline->Illuminate\Routing\{closure}(Object(Illuminate\Http\Request))
#60 /var/www/html/vendor/laravel/framework/src/Illuminate/Pipeline/Pipeline.php(148): Illuminate\Foundation\Http\Middleware\TransformsRequest->handle(Object(Illuminate\Http\Request), Object(Closure))
#61 /var/www/html/vendor/laravel/framework/src/Illuminate/Routing/Pipeline.php(53): Illuminate\Pipeline\Pipeline->Illuminate\Pipeline\{closure}(Object(Illuminate\Http\Request))
#62 /var/www/html/vendor/laravel/framework/src/Illuminate/Foundation/Http/Middleware/TransformsRequest.php(30): Illuminate\Routing\Pipeline->Illuminate\Routing\{closure}(Object(Illuminate\Http\Request))
#63 /var/www/html/vendor/laravel/framework/src/Illuminate/Pipeline/Pipeline.php(148): Illuminate\Foundation\Http\Middleware\TransformsRequest->handle(Object(Illuminate\Http\Request), Object(Closure))
#64 /var/www/html/vendor/laravel/framework/src/Illuminate/Routing/Pipeline.php(53): Illuminate\Pipeline\Pipeline->Illuminate\Pipeline\{closure}(Object(Illuminate\Http\Request))
#65 /var/www/html/vendor/laravel/framework/src/Illuminate/Foundation/Http/Middleware/ValidatePostSize.php(27): Illuminate\Routing\Pipeline->Illuminate\Routing\{closure}(Object(Illuminate\Http\Request))
#66 /var/www/html/vendor/laravel/framework/src/Illuminate/Pipeline/Pipeline.php(148): Illuminate\Foundation\Http\Middleware\ValidatePostSize->handle(Object(Illuminate\Http\Request), Object(Closure))
#67 /var/www/html/vendor/laravel/framework/src/Illuminate/Routing/Pipeline.php(53): Illuminate\Pipeline\Pipeline->Illuminate\Pipeline\{closure}(Object(Illuminate\Http\Request))
#68 /var/www/html/vendor/laravel/framework/src/Illuminate/Foundation/Http/Middleware/CheckForMaintenanceMode.php(46): Illuminate\Routing\Pipeline->Illuminate\Routing\{closure}(Object(Illuminate\Http\Request))
#69 /var/www/html/vendor/laravel/framework/src/Illuminate/Pipeline/Pipeline.php(148): Illuminate\Foundation\Http\Middleware\CheckForMaintenanceMode->handle(Object(Illuminate\Http\Request), Object(Closure))
#70 /var/www/html/vendor/laravel/framework/src/Illuminate/Routing/Pipeline.php(53): Illuminate\Pipeline\Pipeline->Illuminate\Pipeline\{closure}(Object(Illuminate\Http\Request))
#71 /var/www/html/vendor/laravel/framework/src/Illuminate/Pipeline/Pipeline.php(102): Illuminate\Routing\Pipeline->Illuminate\Routing\{closure}(Object(Illuminate\Http\Request))
#72 /var/www/html/vendor/laravel/framework/src/Illuminate/Foundation/Http/Kernel.php(151): Illuminate\Pipeline\Pipeline->then(Object(Closure))
#73 /var/www/html/vendor/laravel/framework/src/Illuminate/Foundation/Http/Kernel.php(116): Illuminate\Foundation\Http\Kernel->sendRequestThroughRouter(Object(Illuminate\Http\Request))
#74 /var/www/html/public/index.php(53): Illuminate\Foundation\Http\Kernel->handle(Object(Illuminate\Http\Request))
#75 {main}

Next Illuminate\Database\QueryException: SQLSTATE[HY000]: General error: 1366 Incorrect decimal value: '' for column 'parts_cost' at row 1 (SQL: update `bookings` set `parts_cost` = , `labour_cost` = 200, `price` = 200.00, `vat_cost` = 6.00, `updated_at` = 2018-01-09 12:53:00 where `id` = 551) in /var/www/html/vendor/laravel/framework/src/Illuminate/Database/Connection.php:647
Stack trace:
#0 /var/www/html/vendor/laravel/framework/src/Illuminate/Database/Connection.php(607): Illuminate\Database\Connection->runQueryCallback('update `booking...', Array, Object(Closure))
#1 /var/www/html/vendor/laravel/framework/src/Illuminate/Database/Connection.php(477): Illuminate\Database\Connection->run('update `booking...', Array, Object(Closure))
#2 /var/www/html/vendor/laravel/framework/src/Illuminate/Database/Connection.php(416): Illuminate\Database\Connection->affectingStatement('update `booking...', Array)
#3 /var/www/html/vendor/laravel/framework/src/Illuminate/Database/Query/Builder.php(2152): Illuminate\Database\Connection->update('update `booking...', Array)
#4 /var/www/html/vendor/laravel/framework/src/Illuminate/Database/Eloquent/Builder.php(759): Illuminate\Database\Query\Builder->update(Array)
#5 /var/www/html/vendor/laravel/framework/src/Illuminate/Database/Eloquent/Model.php(594): Illuminate\Database\Eloquent\Builder->update(Array)
#6 /var/www/html/vendor/laravel/framework/src/Illuminate/Database/Eloquent/Model.php(514): Illuminate\Database\Eloquent\Model->performUpdate(Object(Illuminate\Database\Eloquent\Builder))
#7 /var/www/html/vendor/laravel/framework/src/Illuminate/Database/Eloquent/Model.php(461): Illuminate\Database\Eloquent\Model->save(Array)
#8 /var/www/html/app/Repositories/Booking/BookingRepository.php(198): Illuminate\Database\Eloquent\Model->update(Array)
#9 /var/www/html/app/Services/BookingService.php(46): App\Repositories\Booking\BookingRepository->update(Array, '551')
#10 /var/www/html/app/Http/Controllers/Admin/BookingController.php(89): App\Services\BookingService->update(Array, '551')
#11 [internal function]: App\Http\Controllers\Admin\BookingController->updateQuote('551', '200.00', Object(Illuminate\Http\Request))
#12 /var/www/html/vendor/laravel/framework/src/Illuminate/Routing/Controller.php(55): call_user_func_array(Array, Array)
#13 /var/www/html/vendor/laravel/framework/src/Illuminate/Routing/ControllerDispatcher.php(44): Illuminate\Routing\Controller->callAction('updateQuote', Array)
#14 /var/www/html/vendor/laravel/framework/src/Illuminate/Routing/Route.php(203): Illuminate\Routing\ControllerDispatcher->dispatch(Object(Illuminate\Routing\Route), Object(App\Http\Controllers\Admin\BookingController), 'updateQuote')
#15 /var/www/html/vendor/laravel/framework/src/Illuminate/Routing/Route.php(160): Illuminate\Routing\Route->runController()
#16 /var/www/html/vendor/laravel/framework/src/Illuminate/Routing/Router.php(574): Illuminate\Routing\Route->run()
#17 /var/www/html/vendor/laravel/framework/src/Illuminate/Routing/Pipeline.php(30): Illuminate\Routing\Router->Illuminate\Routing\{closure}(Object(Illuminate\Http\Request))
#18 /var/www/html/app/Http/Middleware/isVerified.php(20): Illuminate\Routing\Pipeline->Illuminate\Routing\{closure}(Object(Illuminate\Http\Request))
#19 /var/www/html/vendor/laravel/framework/src/Illuminate/Pipeline/Pipeline.php(148): App\Http\Middleware\isVerified->handle(Object(Illuminate\Http\Request), Object(Closure))
#20 /var/www/html/vendor/laravel/framework/src/Illuminate/Routing/Pipeline.php(53): Illuminate\Pipeline\Pipeline->Illuminate\Pipeline\{closure}(Object(Illuminate\Http\Request))
#21 /var/www/html/vendor/zizaco/entrust/src/Entrust/Middleware/EntrustRole.php(48): Illuminate\Routing\Pipeline->Illuminate\Routing\{closure}(Object(Illuminate\Http\Request))
#22 /var/www/html/vendor/laravel/framework/src/Illuminate/Pipeline/Pipeline.php(148): Zizaco\Entrust\Middleware\EntrustRole->handle(Object(Illuminate\Http\Request), Object(Closure), Array)
#23 /var/www/html/vendor/laravel/framework/src/Illuminate/Routing/Pipeline.php(53): Illuminate\Pipeline\Pipeline->Illuminate\Pipeline\{closure}(Object(Illuminate\Http\Request))
#24 /var/www/html/app/Http/Middleware/XSS.php(23): Illuminate\Routing\Pipeline->Illuminate\Routing\{closure}(Object(Illuminate\Http\Request))
#25 /var/www/html/vendor/laravel/framework/src/Illuminate/Pipeline/Pipeline.php(148): App\Http\Middleware\XSS->handle(Object(Illuminate\Http\Request), Object(Closure))
#26 /var/www/html/vendor/laravel/framework/src/Illuminate/Routing/Pipeline.php(53): Illuminate\Pipeline\Pipeline->Illuminate\Pipeline\{closure}(Object(Illuminate\Http\Request))
#27 /var/www/html/app/Http/Middleware/PreventBackHistory.php(17): Illuminate\Routing\Pipeline->Illuminate\Routing\{closure}(Object(Illuminate\Http\Request))
#28 /var/www/html/vendor/laravel/framework/src/Illuminate/Pipeline/Pipeline.php(148): App\Http\Middleware\PreventBackHistory->handle(Object(Illuminate\Http\Request), Object(Closure))
#29 /var/www/html/vendor/laravel/framework/src/Illuminate/Routing/Pipeline.php(53): Illuminate\Pipeline\Pipeline->Illuminate\Pipeline\{closure}(Object(Illuminate\Http\Request))
#30 /var/www/html/vendor/laravel/framework/src/Illuminate/Routing/Middleware/SubstituteBindings.php(41): Illuminate\Routing\Pipeline->Illuminate\Routing\{closure}(Object(Illuminate\Http\Request))
#31 /var/www/html/vendor/laravel/framework/src/Illuminate/Pipeline/Pipeline.php(148): Illuminate\Routing\Middleware\SubstituteBindings->handle(Object(Illuminate\Http\Request), Object(Closure))
#32 /var/www/html/vendor/laravel/framework/src/Illuminate/Routing/Pipeline.php(53): Illuminate\Pipeline\Pipeline->Illuminate\Pipeline\{closure}(Object(Illuminate\Http\Request))
#33 /var/www/html/vendor/laravel/framework/src/Illuminate/Auth/Middleware/Authenticate.php(43): Illuminate\Routing\Pipeline->Illuminate\Routing\{closure}(Object(Illuminate\Http\Request))
#34 /var/www/html/vendor/laravel/framework/src/Illuminate/Pipeline/Pipeline.php(148): Illuminate\Auth\Middleware\Authenticate->handle(Object(Illuminate\Http\Request), Object(Closure))
#35 /var/www/html/vendor/laravel/framework/src/Illuminate/Routing/Pipeline.php(53): Illuminate\Pipeline\Pipeline->Illuminate\Pipeline\{closure}(Object(Illuminate\Http\Request))
#36 /var/www/html/vendor/laravel/framework/src/Illuminate/Foundation/Http/Middleware/VerifyCsrfToken.php(65): Illuminate\Routing\Pipeline->Illuminate\Routing\{closure}(Object(Illuminate\Http\Request))
#37 /var/www/html/vendor/laravel/framework/src/Illuminate/Pipeline/Pipeline.php(148): Illuminate\Foundation\Http\Middleware\VerifyCsrfToken->handle(Object(Illuminate\Http\Request), Object(Closure))
#38 /var/www/html/vendor/laravel/framework/src/Illuminate/Routing/Pipeline.php(53): Illuminate\Pipeline\Pipeline->Illuminate\Pipeline\{closure}(Object(Illuminate\Http\Request))
#39 /var/www/html/vendor/laravel/framework/src/Illuminate/View/Middleware/ShareErrorsFromSession.php(49): Illuminate\Routing\Pipeline->Illuminate\Routing\{closure}(Object(Illuminate\Http\Request))
#40 /var/www/html/vendor/laravel/framework/src/Illuminate/Pipeline/Pipeline.php(148): Illuminate\View\Middleware\ShareErrorsFromSession->handle(Object(Illuminate\Http\Request), Object(Closure))
#41 /var/www/html/vendor/laravel/framework/src/Illuminate/Routing/Pipeline.php(53): Illuminate\Pipeline\Pipeline->Illuminate\Pipeline\{closure}(Object(Illuminate\Http\Request))
#42 /var/www/html/vendor/laravel/framework/src/Illuminate/Session/Middleware/StartSession.php(64): Illuminate\Routing\Pipeline->Illuminate\Routing\{closure}(Object(Illuminate\Http\Request))
#43 /var/www/html/vendor/laravel/framework/src/Illuminate/Pipeline/Pipeline.php(148): Illuminate\Session\Middleware\StartSession->handle(Object(Illuminate\Http\Request), Object(Closure))
#44 /var/www/html/vendor/laravel/framework/src/Illuminate/Routing/Pipeline.php(53): Illuminate\Pipeline\Pipeline->Illuminate\Pipeline\{closure}(Object(Illuminate\Http\Request))
#45 /var/www/html/vendor/laravel/framework/src/Illuminate/Cookie/Middleware/AddQueuedCookiesToResponse.php(37): Illuminate\Routing\Pipeline->Illuminate\Routing\{closure}(Object(Illuminate\Http\Request))
#46 /var/www/html/vendor/laravel/framework/src/Illuminate/Pipeline/Pipeline.php(148): Illuminate\Cookie\Middleware\AddQueuedCookiesToResponse->handle(Object(Illuminate\Http\Request), Object(Closure))
#47 /var/www/html/vendor/laravel/framework/src/Illuminate/Routing/Pipeline.php(53): Illuminate\Pipeline\Pipeline->Illuminate\Pipeline\{closure}(Object(Illuminate\Http\Request))
#48 /var/www/html/vendor/laravel/framework/src/Illuminate/Cookie/Middleware/EncryptCookies.php(59): Illuminate\Routing\Pipeline->Illuminate\Routing\{closure}(Object(Illuminate\Http\Request))
#49 /var/www/html/vendor/laravel/framework/src/Illuminate/Pipeline/Pipeline.php(148): Illuminate\Cookie\Middleware\EncryptCookies->handle(Object(Illuminate\Http\Request), Object(Closure))
#50 /var/www/html/vendor/laravel/framework/src/Illuminate/Routing/Pipeline.php(53): Illuminate\Pipeline\Pipeline->Illuminate\Pipeline\{closure}(Object(Illuminate\Http\Request))
#51 /var/www/html/vendor/laravel/framework/src/Illuminate/Pipeline/Pipeline.php(102): Illuminate\Routing\Pipeline->Illuminate\Routing\{closure}(Object(Illuminate\Http\Request))
#52 /var/www/html/vendor/laravel/framework/src/Illuminate/Routing/Router.php(576): Illuminate\Pipeline\Pipeline->then(Object(Closure))
#53 /var/www/html/vendor/laravel/framework/src/Illuminate/Routing/Router.php(535): Illuminate\Routing\Router->runRouteWithinStack(Object(Illuminate\Routing\Route), Object(Illuminate\Http\Request))
#54 /var/www/html/vendor/laravel/framework/src/Illuminate/Routing/Router.php(513): Illuminate\Routing\Router->dispatchToRoute(Object(Illuminate\Http\Request))
#55 /var/www/html/vendor/laravel/framework/src/Illuminate/Foundation/Http/Kernel.php(176): Illuminate\Routing\Router->dispatch(Object(Illuminate\Http\Request))
#56 /var/www/html/vendor/laravel/framework/src/Illuminate/Routing/Pipeline.php(30): Illuminate\Foundation\Http\Kernel->Illuminate\Foundation\Http\{closure}(Object(Illuminate\Http\Request))
#57 /var/www/html/vendor/laravel/framework/src/Illuminate/Foundation/Http/Middleware/TransformsRequest.php(30): Illuminate\Routing\Pipeline->Illuminate\Routing\{closure}(Object(Illuminate\Http\Request))
#58 /var/www/html/vendor/laravel/framework/src/Illuminate/Pipeline/Pipeline.php(148): Illuminate\Foundation\Http\Middleware\TransformsRequest->handle(Object(Illuminate\Http\Request), Object(Closure))
#59 /var/www/html/vendor/laravel/framework/src/Illuminate/Routing/Pipeline.php(53): Illuminate\Pipeline\Pipeline->Illuminate\Pipeline\{closure}(Object(Illuminate\Http\Request))
#60 /var/www/html/vendor/laravel/framework/src/Illuminate/Foundation/Http/Middleware/TransformsRequest.php(30): Illuminate\Routing\Pipeline->Illuminate\Routing\{closure}(Object(Illuminate\Http\Request))
#61 /var/www/html/vendor/laravel/framework/src/Illuminate/Pipeline/Pipeline.php(148): Illuminate\Foundation\Http\Middleware\TransformsRequest->handle(Object(Illuminate\Http\Request), Object(Closure))
#62 /var/www/html/vendor/laravel/framework/src/Illuminate/Routing/Pipeline.php(53): Illuminate\Pipeline\Pipeline->Illuminate\Pipeline\{closure}(Object(Illuminate\Http\Request))
#63 /var/www/html/vendor/laravel/framework/src/Illuminate/Foundation/Http/Middleware/ValidatePostSize.php(27): Illuminate\Routing\Pipeline->Illuminate\Routing\{closure}(Object(Illuminate\Http\Request))
#64 /var/www/html/vendor/laravel/framework/src/Illuminate/Pipeline/Pipeline.php(148): Illuminate\Foundation\Http\Middleware\ValidatePostSize->handle(Object(Illuminate\Http\Request), Object(Closure))
#65 /var/www/html/vendor/laravel/framework/src/Illuminate/Routing/Pipeline.php(53): Illuminate\Pipeline\Pipeline->Illuminate\Pipeline\{closure}(Object(Illuminate\Http\Request))
#66 /var/www/html/vendor/laravel/framework/src/Illuminate/Foundation/Http/Middleware/CheckForMaintenanceMode.php(46): Illuminate\Routing\Pipeline->Illuminate\Routing\{closure}(Object(Illuminate\Http\Request))
#67 /var/www/html/vendor/laravel/framework/src/Illuminate/Pipeline/Pipeline.php(148): Illuminate\Foundation\Http\Middleware\CheckForMaintenanceMode->handle(Object(Illuminate\Http\Request), Object(Closure))
#68 /var/www/html/vendor/laravel/framework/src/Illuminate/Routing/Pipeline.php(53): Illuminate\Pipeline\Pipeline->Illuminate\Pipeline\{closure}(Object(Illuminate\Http\Request))
#69 /var/www/html/vendor/laravel/framework/src/Illuminate/Pipeline/Pipeline.php(102): Illuminate\Routing\Pipeline->Illuminate\Routing\{closure}(Object(Illuminate\Http\Request))
#70 /var/www/html/vendor/laravel/framework/src/Illuminate/Foundation/Http/Kernel.php(151): Illuminate\Pipeline\Pipeline->then(Object(Closure))
#71 /var/www/html/vendor/laravel/framework/src/Illuminate/Foundation/Http/Kernel.php(116): Illuminate\Foundation\Http\Kernel->sendRequestThroughRouter(Object(Illuminate\Http\Request))
#72 /var/www/html/public/index.php(53): Illuminate\Foundation\Http\Kernel->handle(Object(Illuminate\Http\Request))
#73 {main}  
[2018-01-09 12:53:42] production.INFO: array (
  'sendNotification BOOKING OBJECT END:' => 551,
)  
[2018-01-09 14:22:13] production.ERROR: array (
  'Request' => 
  array (
    'device' => 'iOS',
    'device_token' => 'd054d4312c2202679e62962e1f78ef5156ad11831bc434f88d54f38d49a66b8a',
    'user_id' => 919,
  ),
)  
[2018-01-09 14:26:49] production.ERROR: array (
  'Request' => 
  array (
    'device' => 'iOS',
    'device_token' => '6a488d273ab93f8b6014b3f886695b20a3387177d53c63454d11ef9f496944be',
    'user_id' => 920,
  ),
)  
[2018-01-09 14:51:50] production.INFO: array (
  'sendNotification BOOKING OBJECT END:' => 552,
)  
[2018-01-09 14:51:51] production.INFO: array (
  0 => 'Inside sendNotification',
)  
[2018-01-09 14:51:51] production.INFO: array (
  0 => 'Inside sendNotification',
)  
[2018-01-09 14:51:51] production.INFO: array (
  'sendNotification END:' => 
  array (
    'result' => 'HTTP/2 200 
apns-id: 1A5A590E-AC71-198C-DC97-3CBD000A48E7

',
    'status_code' => 200,
  ),
)  
[2018-01-09 14:51:51] production.INFO: array (
  'sendNotification END:' => 
  array (
    'result' => 'HTTP/2 200 
apns-id: 1A5A590E-AC71-198C-DC97-3CBD000A48E7

',
    'status_code' => 200,
  ),
)  
[2018-01-09 14:57:26] production.INFO: array (
  0 => 'Inside sendNotification',
)  
[2018-01-09 14:57:27] production.INFO: array (
  'sendNotification END:' => 
  array (
    'result' => 'HTTP/2 410 
apns-id: B61F03F1-1099-CDBC-0CFE-C1F3F3273EC5

{"reason":"Unregistered","timestamp":1515385663650}',
    'status_code' => 410,
  ),
)  
[2018-01-09 14:57:27] production.INFO: array (
  0 => 'sendNotification Android START',
)  
[2018-01-09 14:57:27] production.INFO: array (
  0 => 'sendNotification Android START',
)  
[2018-01-09 14:57:27] production.INFO: array (
  'sendNotification Android END' => '{"multicast_id":9018920548684565725,"success":1,"failure":0,"canonical_ids":0,"results":[{"message_id":"0:1515509847162851%5f25f726f9fd7ecd"}]}',
)  
[2018-01-09 14:57:27] production.INFO: array (
  'sendNotification Android END' => '{"multicast_id":9018920548684565725,"success":1,"failure":0,"canonical_ids":0,"results":[{"message_id":"0:1515509847162851%5f25f726f9fd7ecd"}]}',
)  
[2018-01-09 14:57:27] production.INFO: array (
  0 => 'sendNotification Android START',
)  
[2018-01-09 14:57:27] production.INFO: array (
  0 => 'sendNotification Android START',
)  
[2018-01-09 14:57:27] production.INFO: array (
  0 => 'sendNotification Android START',
)  
[2018-01-09 14:57:27] production.INFO: array (
  'sendNotification Android END' => '{"multicast_id":7705556501188046573,"success":0,"failure":1,"canonical_ids":0,"results":[{"error":"NotRegistered"}]}',
)  
[2018-01-09 14:57:27] production.INFO: array (
  'sendNotification Android END' => '{"multicast_id":7705556501188046573,"success":0,"failure":1,"canonical_ids":0,"results":[{"error":"NotRegistered"}]}',
)  
[2018-01-09 14:57:27] production.INFO: array (
  'sendNotification Android END' => '{"multicast_id":7705556501188046573,"success":0,"failure":1,"canonical_ids":0,"results":[{"error":"NotRegistered"}]}',
)  
[2018-01-09 14:57:27] production.INFO: array (
  0 => 'sendNotification Android START',
)  
[2018-01-09 14:57:27] production.INFO: array (
  0 => 'sendNotification Android START',
)  
[2018-01-09 14:57:27] production.INFO: array (
  0 => 'sendNotification Android START',
)  
[2018-01-09 14:57:27] production.INFO: array (
  0 => 'sendNotification Android START',
)  
[2018-01-09 14:57:27] production.INFO: array (
  'sendNotification Android END' => '{"multicast_id":6253856752406804682,"success":1,"failure":0,"canonical_ids":0,"results":[{"message_id":"0:1515509847296069%3bf400aaf9fd7ecd"}]}',
)  
[2018-01-09 14:57:27] production.INFO: array (
  'sendNotification Android END' => '{"multicast_id":6253856752406804682,"success":1,"failure":0,"canonical_ids":0,"results":[{"message_id":"0:1515509847296069%3bf400aaf9fd7ecd"}]}',
)  
[2018-01-09 14:57:27] production.INFO: array (
  'sendNotification Android END' => '{"multicast_id":6253856752406804682,"success":1,"failure":0,"canonical_ids":0,"results":[{"message_id":"0:1515509847296069%3bf400aaf9fd7ecd"}]}',
)  
[2018-01-09 14:57:27] production.INFO: array (
  'sendNotification Android END' => '{"multicast_id":6253856752406804682,"success":1,"failure":0,"canonical_ids":0,"results":[{"message_id":"0:1515509847296069%3bf400aaf9fd7ecd"}]}',
)  
[2018-01-09 14:57:27] production.INFO: array (
  0 => 'sendNotification Android START',
)  
[2018-01-09 14:57:27] production.INFO: array (
  0 => 'sendNotification Android START',
)  
[2018-01-09 14:57:27] production.INFO: array (
  0 => 'sendNotification Android START',
)  
[2018-01-09 14:57:27] production.INFO: array (
  0 => 'sendNotification Android START',
)  
[2018-01-09 14:57:27] production.INFO: array (
  0 => 'sendNotification Android START',
)  
[2018-01-09 14:57:27] production.INFO: array (
  'sendNotification Android END' => '{"multicast_id":4637954478215429741,"success":1,"failure":0,"canonical_ids":0,"results":[{"message_id":"0:1515509847366974%3bf400aaf9fd7ecd"}]}',
)  
[2018-01-09 14:57:27] production.INFO: array (
  'sendNotification Android END' => '{"multicast_id":4637954478215429741,"success":1,"failure":0,"canonical_ids":0,"results":[{"message_id":"0:1515509847366974%3bf400aaf9fd7ecd"}]}',
)  
[2018-01-09 14:57:27] production.INFO: array (
  'sendNotification Android END' => '{"multicast_id":4637954478215429741,"success":1,"failure":0,"canonical_ids":0,"results":[{"message_id":"0:1515509847366974%3bf400aaf9fd7ecd"}]}',
)  
[2018-01-09 14:57:27] production.INFO: array (
  'sendNotification Android END' => '{"multicast_id":4637954478215429741,"success":1,"failure":0,"canonical_ids":0,"results":[{"message_id":"0:1515509847366974%3bf400aaf9fd7ecd"}]}',
)  
[2018-01-09 14:57:27] production.INFO: array (
  'sendNotification Android END' => '{"multicast_id":4637954478215429741,"success":1,"failure":0,"canonical_ids":0,"results":[{"message_id":"0:1515509847366974%3bf400aaf9fd7ecd"}]}',
)  
[2018-01-09 14:57:27] production.INFO: array (
  0 => 'sendNotification Android START',
)  
[2018-01-09 14:57:27] production.INFO: array (
  0 => 'sendNotification Android START',
)  
[2018-01-09 14:57:27] production.INFO: array (
  0 => 'sendNotification Android START',
)  
[2018-01-09 14:57:27] production.INFO: array (
  0 => 'sendNotification Android START',
)  
[2018-01-09 14:57:27] production.INFO: array (
  0 => 'sendNotification Android START',
)  
[2018-01-09 14:57:27] production.INFO: array (
  0 => 'sendNotification Android START',
)  
[2018-01-09 14:57:27] production.INFO: array (
  'sendNotification Android END' => '{"multicast_id":7200009618239116673,"success":1,"failure":0,"canonical_ids":0,"results":[{"message_id":"0:1515509847421936%3bf400aaf9fd7ecd"}]}',
)  
[2018-01-09 14:57:27] production.INFO: array (
  'sendNotification Android END' => '{"multicast_id":7200009618239116673,"success":1,"failure":0,"canonical_ids":0,"results":[{"message_id":"0:1515509847421936%3bf400aaf9fd7ecd"}]}',
)  
[2018-01-09 14:57:27] production.INFO: array (
  'sendNotification Android END' => '{"multicast_id":7200009618239116673,"success":1,"failure":0,"canonical_ids":0,"results":[{"message_id":"0:1515509847421936%3bf400aaf9fd7ecd"}]}',
)  
[2018-01-09 14:57:27] production.INFO: array (
  'sendNotification Android END' => '{"multicast_id":7200009618239116673,"success":1,"failure":0,"canonical_ids":0,"results":[{"message_id":"0:1515509847421936%3bf400aaf9fd7ecd"}]}',
)  
[2018-01-09 14:57:27] production.INFO: array (
  'sendNotification Android END' => '{"multicast_id":7200009618239116673,"success":1,"failure":0,"canonical_ids":0,"results":[{"message_id":"0:1515509847421936%3bf400aaf9fd7ecd"}]}',
)  
[2018-01-09 14:57:27] production.INFO: array (
  'sendNotification Android END' => '{"multicast_id":7200009618239116673,"success":1,"failure":0,"canonical_ids":0,"results":[{"message_id":"0:1515509847421936%3bf400aaf9fd7ecd"}]}',
)  
[2018-01-09 16:06:15] production.ERROR: array (
  'Request' => 
  array (
    'device' => 'android',
    'device_token' => 'f2E5UCSJseE:APA91bFKFCM9fp5UE2j9QymmVrf4BNy0mJsQhgZ5vmBXITm5JsP6LYJ1JO1Vg8vSdxIP4zV5DMz1MLR9aEoTow7WBVm0p5K2cFnppfnSfeDyBulAROIUhd57VrmmVmQ1F6qoNnFiultH',
    'user_id' => 921,
  ),
)  
[2018-01-09 18:58:14] production.INFO: array (
  'sendNotification BOOKING OBJECT END:' => 553,
)  
[2018-01-09 21:07:18] production.INFO: array (
  0 => 'sendNotification Android START',
)  
[2018-01-09 21:07:18] production.INFO: array (
  'sendNotification Android END' => '{"multicast_id":9140810964910392508,"success":0,"failure":1,"canonical_ids":0,"results":[{"error":"NotRegistered"}]}',
)  
[2018-01-09 21:07:18] production.INFO: array (
  0 => 'sendNotification Android START',
)  
[2018-01-09 21:07:18] production.INFO: array (
  0 => 'sendNotification Android START',
)  
[2018-01-09 21:07:18] production.INFO: array (
  'sendNotification Android END' => '{"multicast_id":7953827898342781352,"success":1,"failure":0,"canonical_ids":0,"results":[{"message_id":"0:1515532038621950%3bf400aaf9fd7ecd"}]}',
)  
[2018-01-09 21:07:18] production.INFO: array (
  'sendNotification Android END' => '{"multicast_id":7953827898342781352,"success":1,"failure":0,"canonical_ids":0,"results":[{"message_id":"0:1515532038621950%3bf400aaf9fd7ecd"}]}',
)  
[2018-01-09 21:07:18] production.INFO: array (
  0 => 'sendNotification Android START',
)  
[2018-01-09 21:07:18] production.INFO: array (
  0 => 'sendNotification Android START',
)  
[2018-01-09 21:07:18] production.INFO: array (
  0 => 'sendNotification Android START',
)  
[2018-01-09 21:07:18] production.INFO: array (
  'sendNotification Android END' => '{"multicast_id":7486349450030630827,"success":1,"failure":0,"canonical_ids":0,"results":[{"message_id":"0:1515532038773116%3bf400aaf9fd7ecd"}]}',
)  
[2018-01-09 21:07:18] production.INFO: array (
  'sendNotification Android END' => '{"multicast_id":7486349450030630827,"success":1,"failure":0,"canonical_ids":0,"results":[{"message_id":"0:1515532038773116%3bf400aaf9fd7ecd"}]}',
)  
[2018-01-09 21:07:18] production.INFO: array (
  'sendNotification Android END' => '{"multicast_id":7486349450030630827,"success":1,"failure":0,"canonical_ids":0,"results":[{"message_id":"0:1515532038773116%3bf400aaf9fd7ecd"}]}',
)  
