[2018-05-12 05:49:55] production.ERROR: array (
  'Request' => 
  array (
    'device' => 'android',
    'device_token' => 'cHEamVlosiA:APA91bFsjws9VTjhJ6q6ewh7iM2PKCIKe7A_OkGgpQ7vSxqvYpuMm-pJ-q1H5E7pfpaQLYLyq8xZEWayIO21NVa417IYNgN2eY2WHKhWD4uFCx78lXmTRK_GL4HblhsfVVYb2eMFbAgi',
    'user_id' => 1508,
  ),
)  
[2018-05-12 08:17:59] production.ERROR: array (
  'Request' => 
  array (
    'device' => 'iOS',
    'device_token' => '224abbec9ab70797ca2d7fc22540ff8c40a6678115ee32c5aeaef30603cb0e2d',
    'user_id' => 1509,
  ),
)  
[2018-05-12 14:50:27] production.ERROR: array (
  'Request' => 
  array (
    'device' => 'android',
    'device_token' => 'e1Wk5sfewXI:APA91bEIjGWBShpdVoOE2tnnWXmMukqGJfJz80vN1OPOQZTAxdi9x812B_G_TwD2q-2vODr-cRD2m02D6rUmW0I6ekznCWpfAV6nhZsg13wb3FmMGhmqWJvFifhrZui16W8cTlakqIY1',
    'user_id' => 1510,
  ),
)  
[2018-05-12 15:45:43] production.ERROR: array (
  'Request' => 
  array (
    'device' => 'iOS',
    'device_token' => 'ec748e1dbdd87a63666b777dfbe86308cd20dcb0e4d0e8e0a5897ffc14d12b04',
    'user_id' => 1511,
  ),
)  
[2018-05-12 16:20:01] production.ERROR: array (
  'Request' => 
  array (
    'device_token' => 'e99mRljYRz8:APA91bG6CHOfI_jIdKw8XBWJjFNneYBIUSzl0xaCmW7edSY7X19f4Gx-ggvSuTV_5OYk0DPi3ZORJ060tF2ak-Z5vKgciqrEVcXUg223WXjOFKnnFYz5F4w22CYbGOjPxWD2s5xMNuIw',
    'device' => 'android',
    'user_id' => 1512,
  ),
)  
[2018-05-12 19:24:46] production.ERROR: array (
  'Request' => 
  array (
    'device' => 'iOS',
    'device_token' => '8dc71c6fb892faed21782376624065f2ed98943d66ace8185c647601d5df31cd',
    'user_id' => 1513,
  ),
)  
[2018-05-12 19:37:37] production.ERROR: array (
  'Request' => 
  array (
    'device' => 'android',
    'device_token' => 'ejuPQ63hlgA:APA91bH_IFWlGUPQW7qIcyYcP7dioSNSpqasEFoO190vQ8hKMq3Cc1DK-XDHfnfXHOmr6a-nbT8XDUc4PhPf0_fkYjTgJsrRIkzQxLliMOwZXfIkZk9mr1czfmFipHZioAAetpKllXW3',
    'user_id' => 1514,
  ),
)  
[2018-05-12 20:40:54] production.ERROR: array (
  'Request' => 
  array (
    'device_token' => 'dMim6nIpx4s:APA91bFJnG5TIB2i8MrKJiy84YBBE5AHP2PE5VFc-iX4SL-Qnqch9dvD8AdPK_9fMK_hs945FATmWGBX3mWX0Q8ApnqVPDe64183uP_4OqRXYOsTi0eb5Yl7cvfDwR_VoHhkn8C3ggGy',
    'device' => 'android',
    'user_id' => 1515,
  ),
)  
[2018-05-12 22:05:36] production.ERROR: array (
  'Request' => 
  array (
    'device_token' => 'cXvEnSFnUg4:APA91bHRMMCxv0NTficoC4e2WQyAsokyTvEqEV3NBF0soBo1dJtTjEG4tXU6VgQ_gw-KOP_NeFaUFpBX51cr2cEUbI-NRZLaKGuF_ijLG-o3xrs5TIbsKxsxncrn9hn3wg1R-v_X1qUr',
    'device' => 'android',
    'user_id' => 1516,
  ),
)  
