[2018-03-29 01:04:09] production.INFO: array (
  0 => 'User\'s Car Added {Car Trim ID: 46037 User ID: 1355}',
)  
[2018-03-29 01:04:10] production.INFO: Broadcasting [booking-event] on channels [private-booking-channel] with payload:
{
    "username": "nana addai",
    "message": "One more Booking is in list",
    "socket": null
}  
[2018-03-29 01:04:11] production.INFO: array (
  0 => 'Booking Added {Booking: 1 User ID: 1355}',
)  
[2018-03-29 01:04:11] production.INFO: array (
  0 => 'Booking Added {Booking: 1 User ID: 1355}',
)  
[2018-03-29 10:51:59] production.ERROR: array (
  'Request' => 
  array (
    'device' => 'android',
    'device_token' => 'dvozwhuOI8Y:APA91bG4DzE3nphwVYtyt5EDlw-ahlPfevI2bo6Kt3KrmrQzXd7vZ4z_HAUw08VaV_PHqABg2QH-wR2okh1ZnWJSmbHZG_QDgsdsXtRZzfqT0sV7uSOFL8ajAKCm4ESyo7sypYQFhkVb',
    'user_id' => 1356,
  ),
)  
[2018-03-29 12:08:50] production.INFO: array (
  'sendNotification BOOKING OBJECT END:' => 960,
)  
[2018-03-29 12:08:59] production.INFO: array (
  'sendNotification BOOKING OBJECT END:' => 961,
)  
[2018-03-29 12:08:59] production.INFO: array (
  'sendNotification BOOKING OBJECT END:' => 961,
)  
[2018-03-29 16:43:38] production.ERROR: array (
  'Request' => 
  array (
    'device' => 'iOS',
    'device_token' => 'e2cd2844ac0467f192320c5e10c0a921b35a87ee7e2ea0151d469355ac919590',
    'user_id' => 834,
  ),
)  
[2018-03-29 16:53:01] production.INFO: array (
  0 => 'Booking Added {Booking: 1 User ID: 1346}',
)  
[2018-03-29 16:58:54] production.INFO: array (
  'sendNotification BOOKING OBJECT END:' => 962,
)  
[2018-03-29 16:59:21] production.INFO: array (
  'sendNotification BOOKING OBJECT END:' => 963,
)  
[2018-03-29 17:17:28] production.INFO: array (
  'sendNotification BOOKING OBJECT END:' => 964,
)  
