[2019-01-22 12:20:09] production.ERROR: array (
  'Request' => 
  array (
    'device_token' => 'eUrCu0yAKhA:APA91bGTPGkxnnR9ua33SjDGIB1ySSsMK_F9xIb1BL_fTNX4R2eNKKIcXCOYIo7M_ZZ4JU-FqSgkzGWLZDB4W2CkQiWe29w5XTxYZwtUiuxllxkmF9y2IydCbkzUkGZnG_wGAjraNm_R',
    'device' => 'android',
    'user_id' => 1417,
  ),
)  
[2019-01-22 14:50:56] production.INFO: array (
  0 => 'sendNotification Android START',
)  
[2019-01-22 14:50:56] production.INFO: array (
  0 => 'sendNotification Android START',
)  
[2019-01-22 14:50:56] production.INFO: array (
  'sendNotification Android END' => '{"multicast_id":6928288181579558048,"success":1,"failure":0,"canonical_ids":0,"results":[{"message_id":"0:1548168656504046%3bf400aaf9fd7ecd"}]}',
)  
[2019-01-22 14:50:56] production.INFO: array (
  'sendNotification Android END' => '{"multicast_id":6928288181579558048,"success":1,"failure":0,"canonical_ids":0,"results":[{"message_id":"0:1548168656504046%3bf400aaf9fd7ecd"}]}',
)  
[2019-01-22 15:18:18] production.INFO: array (
  0 => 'sendNotification Android START',
)  
[2019-01-22 15:18:18] production.INFO: array (
  'sendNotification Android END' => '{"multicast_id":8121497714464955899,"success":0,"failure":1,"canonical_ids":0,"results":[{"error":"MismatchSenderId"}]}',
)  
[2019-01-22 15:18:18] production.INFO: array (
  0 => 'sendNotification Android START',
)  
[2019-01-22 15:18:18] production.INFO: array (
  0 => 'sendNotification Android START',
)  
[2019-01-22 15:18:18] production.INFO: array (
  'sendNotification Android END' => '{"multicast_id":6871293306308642826,"success":0,"failure":1,"canonical_ids":0,"results":[{"error":"NotRegistered"}]}',
)  
[2019-01-22 15:18:18] production.INFO: array (
  'sendNotification Android END' => '{"multicast_id":6871293306308642826,"success":0,"failure":1,"canonical_ids":0,"results":[{"error":"NotRegistered"}]}',
)  
[2019-01-22 15:18:18] production.INFO: array (
  0 => 'sendNotification Android START',
)  
[2019-01-22 15:18:18] production.INFO: array (
  0 => 'sendNotification Android START',
)  
[2019-01-22 15:18:18] production.INFO: array (
  0 => 'sendNotification Android START',
)  
[2019-01-22 15:18:18] production.INFO: array (
  'sendNotification Android END' => '{"multicast_id":7430938915009671766,"success":1,"failure":0,"canonical_ids":0,"results":[{"message_id":"0:1548170298806397%3bf400aaf9fd7ecd"}]}',
)  
[2019-01-22 15:18:18] production.INFO: array (
  'sendNotification Android END' => '{"multicast_id":7430938915009671766,"success":1,"failure":0,"canonical_ids":0,"results":[{"message_id":"0:1548170298806397%3bf400aaf9fd7ecd"}]}',
)  
[2019-01-22 15:18:18] production.INFO: array (
  'sendNotification Android END' => '{"multicast_id":7430938915009671766,"success":1,"failure":0,"canonical_ids":0,"results":[{"message_id":"0:1548170298806397%3bf400aaf9fd7ecd"}]}',
)  
[2019-01-22 15:18:18] production.INFO: array (
  0 => 'sendNotification Android START',
)  
[2019-01-22 15:18:18] production.INFO: array (
  0 => 'sendNotification Android START',
)  
[2019-01-22 15:18:18] production.INFO: array (
  0 => 'sendNotification Android START',
)  
[2019-01-22 15:18:18] production.INFO: array (
  0 => 'sendNotification Android START',
)  
[2019-01-22 15:18:18] production.INFO: array (
  'sendNotification Android END' => '{"multicast_id":7240276259727815582,"success":0,"failure":1,"canonical_ids":0,"results":[{"error":"NotRegistered"}]}',
)  
[2019-01-22 15:18:18] production.INFO: array (
  'sendNotification Android END' => '{"multicast_id":7240276259727815582,"success":0,"failure":1,"canonical_ids":0,"results":[{"error":"NotRegistered"}]}',
)  
[2019-01-22 15:18:18] production.INFO: array (
  'sendNotification Android END' => '{"multicast_id":7240276259727815582,"success":0,"failure":1,"canonical_ids":0,"results":[{"error":"NotRegistered"}]}',
)  
[2019-01-22 15:18:18] production.INFO: array (
  'sendNotification Android END' => '{"multicast_id":7240276259727815582,"success":0,"failure":1,"canonical_ids":0,"results":[{"error":"NotRegistered"}]}',
)  
[2019-01-22 15:18:18] production.INFO: array (
  0 => 'sendNotification Android START',
)  
[2019-01-22 15:18:18] production.INFO: array (
  0 => 'sendNotification Android START',
)  
[2019-01-22 15:18:18] production.INFO: array (
  0 => 'sendNotification Android START',
)  
[2019-01-22 15:18:18] production.INFO: array (
  0 => 'sendNotification Android START',
)  
[2019-01-22 15:18:18] production.INFO: array (
  0 => 'sendNotification Android START',
)  
[2019-01-22 15:18:18] production.INFO: array (
  'sendNotification Android END' => '{"multicast_id":7900652697353551369,"success":0,"failure":1,"canonical_ids":0,"results":[{"error":"NotRegistered"}]}',
)  
[2019-01-22 15:18:18] production.INFO: array (
  'sendNotification Android END' => '{"multicast_id":7900652697353551369,"success":0,"failure":1,"canonical_ids":0,"results":[{"error":"NotRegistered"}]}',
)  
[2019-01-22 15:18:18] production.INFO: array (
  'sendNotification Android END' => '{"multicast_id":7900652697353551369,"success":0,"failure":1,"canonical_ids":0,"results":[{"error":"NotRegistered"}]}',
)  
[2019-01-22 15:18:18] production.INFO: array (
  'sendNotification Android END' => '{"multicast_id":7900652697353551369,"success":0,"failure":1,"canonical_ids":0,"results":[{"error":"NotRegistered"}]}',
)  
[2019-01-22 15:18:18] production.INFO: array (
  'sendNotification Android END' => '{"multicast_id":7900652697353551369,"success":0,"failure":1,"canonical_ids":0,"results":[{"error":"NotRegistered"}]}',
)  
[2019-01-22 15:18:18] production.INFO: array (
  0 => 'sendNotification Android START',
)  
[2019-01-22 15:18:18] production.INFO: array (
  0 => 'sendNotification Android START',
)  
[2019-01-22 15:18:18] production.INFO: array (
  0 => 'sendNotification Android START',
)  
[2019-01-22 15:18:18] production.INFO: array (
  0 => 'sendNotification Android START',
)  
[2019-01-22 15:18:18] production.INFO: array (
  0 => 'sendNotification Android START',
)  
[2019-01-22 15:18:18] production.INFO: array (
  0 => 'sendNotification Android START',
)  
[2019-01-22 15:18:19] production.INFO: array (
  'sendNotification Android END' => '{"multicast_id":7246878763113220632,"success":0,"failure":1,"canonical_ids":0,"results":[{"error":"NotRegistered"}]}',
)  
[2019-01-22 15:18:19] production.INFO: array (
  'sendNotification Android END' => '{"multicast_id":7246878763113220632,"success":0,"failure":1,"canonical_ids":0,"results":[{"error":"NotRegistered"}]}',
)  
[2019-01-22 15:18:19] production.INFO: array (
  'sendNotification Android END' => '{"multicast_id":7246878763113220632,"success":0,"failure":1,"canonical_ids":0,"results":[{"error":"NotRegistered"}]}',
)  
[2019-01-22 15:18:19] production.INFO: array (
  'sendNotification Android END' => '{"multicast_id":7246878763113220632,"success":0,"failure":1,"canonical_ids":0,"results":[{"error":"NotRegistered"}]}',
)  
[2019-01-22 15:18:19] production.INFO: array (
  'sendNotification Android END' => '{"multicast_id":7246878763113220632,"success":0,"failure":1,"canonical_ids":0,"results":[{"error":"NotRegistered"}]}',
)  
[2019-01-22 15:18:19] production.INFO: array (
  'sendNotification Android END' => '{"multicast_id":7246878763113220632,"success":0,"failure":1,"canonical_ids":0,"results":[{"error":"NotRegistered"}]}',
)  
[2019-01-22 15:18:19] production.INFO: array (
  0 => 'sendNotification Android START',
)  
[2019-01-22 15:18:19] production.INFO: array (
  0 => 'sendNotification Android START',
)  
[2019-01-22 15:18:19] production.INFO: array (
  0 => 'sendNotification Android START',
)  
[2019-01-22 15:18:19] production.INFO: array (
  0 => 'sendNotification Android START',
)  
[2019-01-22 15:18:19] production.INFO: array (
  0 => 'sendNotification Android START',
)  
[2019-01-22 15:18:19] production.INFO: array (
  0 => 'sendNotification Android START',
)  
[2019-01-22 15:18:19] production.INFO: array (
  0 => 'sendNotification Android START',
)  
[2019-01-22 15:18:19] production.INFO: array (
  'sendNotification Android END' => '{"multicast_id":6018707523560199870,"success":0,"failure":1,"canonical_ids":0,"results":[{"error":"NotRegistered"}]}',
)  
[2019-01-22 15:18:19] production.INFO: array (
  'sendNotification Android END' => '{"multicast_id":6018707523560199870,"success":0,"failure":1,"canonical_ids":0,"results":[{"error":"NotRegistered"}]}',
)  
[2019-01-22 15:18:19] production.INFO: array (
  'sendNotification Android END' => '{"multicast_id":6018707523560199870,"success":0,"failure":1,"canonical_ids":0,"results":[{"error":"NotRegistered"}]}',
)  
[2019-01-22 15:18:19] production.INFO: array (
  'sendNotification Android END' => '{"multicast_id":6018707523560199870,"success":0,"failure":1,"canonical_ids":0,"results":[{"error":"NotRegistered"}]}',
)  
[2019-01-22 15:18:19] production.INFO: array (
  'sendNotification Android END' => '{"multicast_id":6018707523560199870,"success":0,"failure":1,"canonical_ids":0,"results":[{"error":"NotRegistered"}]}',
)  
[2019-01-22 15:18:19] production.INFO: array (
  'sendNotification Android END' => '{"multicast_id":6018707523560199870,"success":0,"failure":1,"canonical_ids":0,"results":[{"error":"NotRegistered"}]}',
)  
[2019-01-22 15:18:19] production.INFO: array (
  'sendNotification Android END' => '{"multicast_id":6018707523560199870,"success":0,"failure":1,"canonical_ids":0,"results":[{"error":"NotRegistered"}]}',
)  
[2019-01-22 15:18:19] production.INFO: array (
  0 => 'sendNotification Android START',
)  
[2019-01-22 15:18:19] production.INFO: array (
  0 => 'sendNotification Android START',
)  
[2019-01-22 15:18:19] production.INFO: array (
  0 => 'sendNotification Android START',
)  
[2019-01-22 15:18:19] production.INFO: array (
  0 => 'sendNotification Android START',
)  
[2019-01-22 15:18:19] production.INFO: array (
  0 => 'sendNotification Android START',
)  
[2019-01-22 15:18:19] production.INFO: array (
  0 => 'sendNotification Android START',
)  
[2019-01-22 15:18:19] production.INFO: array (
  0 => 'sendNotification Android START',
)  
[2019-01-22 15:18:19] production.INFO: array (
  0 => 'sendNotification Android START',
)  
[2019-01-22 15:18:19] production.INFO: array (
  'sendNotification Android END' => '{"multicast_id":6668877140298511767,"success":0,"failure":1,"canonical_ids":0,"results":[{"error":"NotRegistered"}]}',
)  
[2019-01-22 15:18:19] production.INFO: array (
  'sendNotification Android END' => '{"multicast_id":6668877140298511767,"success":0,"failure":1,"canonical_ids":0,"results":[{"error":"NotRegistered"}]}',
)  
[2019-01-22 15:18:19] production.INFO: array (
  'sendNotification Android END' => '{"multicast_id":6668877140298511767,"success":0,"failure":1,"canonical_ids":0,"results":[{"error":"NotRegistered"}]}',
)  
[2019-01-22 15:18:19] production.INFO: array (
  'sendNotification Android END' => '{"multicast_id":6668877140298511767,"success":0,"failure":1,"canonical_ids":0,"results":[{"error":"NotRegistered"}]}',
)  
[2019-01-22 15:18:19] production.INFO: array (
  'sendNotification Android END' => '{"multicast_id":6668877140298511767,"success":0,"failure":1,"canonical_ids":0,"results":[{"error":"NotRegistered"}]}',
)  
[2019-01-22 15:18:19] production.INFO: array (
  'sendNotification Android END' => '{"multicast_id":6668877140298511767,"success":0,"failure":1,"canonical_ids":0,"results":[{"error":"NotRegistered"}]}',
)  
[2019-01-22 15:18:19] production.INFO: array (
  'sendNotification Android END' => '{"multicast_id":6668877140298511767,"success":0,"failure":1,"canonical_ids":0,"results":[{"error":"NotRegistered"}]}',
)  
[2019-01-22 15:18:19] production.INFO: array (
  'sendNotification Android END' => '{"multicast_id":6668877140298511767,"success":0,"failure":1,"canonical_ids":0,"results":[{"error":"NotRegistered"}]}',
)  
[2019-01-22 15:18:28] production.INFO: array (
  0 => 'sendNotification Android START',
)  
[2019-01-22 15:18:28] production.INFO: array (
  'sendNotification Android END' => '{"multicast_id":9160111675825821972,"success":0,"failure":1,"canonical_ids":0,"results":[{"error":"MismatchSenderId"}]}',
)  
[2019-01-22 15:18:28] production.INFO: array (
  0 => 'sendNotification Android START',
)  
[2019-01-22 15:18:28] production.INFO: array (
  0 => 'sendNotification Android START',
)  
[2019-01-22 15:18:28] production.INFO: array (
  'sendNotification Android END' => '{"multicast_id":8747106258706537828,"success":0,"failure":1,"canonical_ids":0,"results":[{"error":"NotRegistered"}]}',
)  
[2019-01-22 15:18:28] production.INFO: array (
  'sendNotification Android END' => '{"multicast_id":8747106258706537828,"success":0,"failure":1,"canonical_ids":0,"results":[{"error":"NotRegistered"}]}',
)  
[2019-01-22 15:18:28] production.INFO: array (
  0 => 'sendNotification Android START',
)  
[2019-01-22 15:18:28] production.INFO: array (
  0 => 'sendNotification Android START',
)  
[2019-01-22 15:18:28] production.INFO: array (
  0 => 'sendNotification Android START',
)  
[2019-01-22 15:18:28] production.INFO: array (
  'sendNotification Android END' => '{"multicast_id":4878208228339718229,"success":1,"failure":0,"canonical_ids":0,"results":[{"message_id":"0:1548170308708622%3bf400aaf9fd7ecd"}]}',
)  
[2019-01-22 15:18:28] production.INFO: array (
  'sendNotification Android END' => '{"multicast_id":4878208228339718229,"success":1,"failure":0,"canonical_ids":0,"results":[{"message_id":"0:1548170308708622%3bf400aaf9fd7ecd"}]}',
)  
[2019-01-22 15:18:28] production.INFO: array (
  'sendNotification Android END' => '{"multicast_id":4878208228339718229,"success":1,"failure":0,"canonical_ids":0,"results":[{"message_id":"0:1548170308708622%3bf400aaf9fd7ecd"}]}',
)  
[2019-01-22 15:18:28] production.INFO: array (
  0 => 'sendNotification Android START',
)  
[2019-01-22 15:18:28] production.INFO: array (
  0 => 'sendNotification Android START',
)  
[2019-01-22 15:18:28] production.INFO: array (
  0 => 'sendNotification Android START',
)  
[2019-01-22 15:18:28] production.INFO: array (
  0 => 'sendNotification Android START',
)  
[2019-01-22 15:18:28] production.INFO: array (
  'sendNotification Android END' => '{"multicast_id":8967466450816490033,"success":0,"failure":1,"canonical_ids":0,"results":[{"error":"NotRegistered"}]}',
)  
[2019-01-22 15:18:28] production.INFO: array (
  'sendNotification Android END' => '{"multicast_id":8967466450816490033,"success":0,"failure":1,"canonical_ids":0,"results":[{"error":"NotRegistered"}]}',
)  
[2019-01-22 15:18:28] production.INFO: array (
  'sendNotification Android END' => '{"multicast_id":8967466450816490033,"success":0,"failure":1,"canonical_ids":0,"results":[{"error":"NotRegistered"}]}',
)  
[2019-01-22 15:18:28] production.INFO: array (
  'sendNotification Android END' => '{"multicast_id":8967466450816490033,"success":0,"failure":1,"canonical_ids":0,"results":[{"error":"NotRegistered"}]}',
)  
[2019-01-22 15:18:28] production.INFO: array (
  0 => 'sendNotification Android START',
)  
[2019-01-22 15:18:28] production.INFO: array (
  0 => 'sendNotification Android START',
)  
[2019-01-22 15:18:28] production.INFO: array (
  0 => 'sendNotification Android START',
)  
[2019-01-22 15:18:28] production.INFO: array (
  0 => 'sendNotification Android START',
)  
[2019-01-22 15:18:28] production.INFO: array (
  0 => 'sendNotification Android START',
)  
[2019-01-22 15:18:28] production.INFO: array (
  'sendNotification Android END' => '{"multicast_id":9025565111360000555,"success":0,"failure":1,"canonical_ids":0,"results":[{"error":"NotRegistered"}]}',
)  
[2019-01-22 15:18:28] production.INFO: array (
  'sendNotification Android END' => '{"multicast_id":9025565111360000555,"success":0,"failure":1,"canonical_ids":0,"results":[{"error":"NotRegistered"}]}',
)  
[2019-01-22 15:18:28] production.INFO: array (
  'sendNotification Android END' => '{"multicast_id":9025565111360000555,"success":0,"failure":1,"canonical_ids":0,"results":[{"error":"NotRegistered"}]}',
)  
[2019-01-22 15:18:28] production.INFO: array (
  'sendNotification Android END' => '{"multicast_id":9025565111360000555,"success":0,"failure":1,"canonical_ids":0,"results":[{"error":"NotRegistered"}]}',
)  
[2019-01-22 15:18:28] production.INFO: array (
  'sendNotification Android END' => '{"multicast_id":9025565111360000555,"success":0,"failure":1,"canonical_ids":0,"results":[{"error":"NotRegistered"}]}',
)  
[2019-01-22 15:18:28] production.INFO: array (
  0 => 'sendNotification Android START',
)  
[2019-01-22 15:18:28] production.INFO: array (
  0 => 'sendNotification Android START',
)  
[2019-01-22 15:18:28] production.INFO: array (
  0 => 'sendNotification Android START',
)  
[2019-01-22 15:18:28] production.INFO: array (
  0 => 'sendNotification Android START',
)  
[2019-01-22 15:18:28] production.INFO: array (
  0 => 'sendNotification Android START',
)  
[2019-01-22 15:18:28] production.INFO: array (
  0 => 'sendNotification Android START',
)  
[2019-01-22 15:18:28] production.INFO: array (
  'sendNotification Android END' => '{"multicast_id":8740826774139133345,"success":0,"failure":1,"canonical_ids":0,"results":[{"error":"NotRegistered"}]}',
)  
[2019-01-22 15:18:28] production.INFO: array (
  'sendNotification Android END' => '{"multicast_id":8740826774139133345,"success":0,"failure":1,"canonical_ids":0,"results":[{"error":"NotRegistered"}]}',
)  
[2019-01-22 15:18:28] production.INFO: array (
  'sendNotification Android END' => '{"multicast_id":8740826774139133345,"success":0,"failure":1,"canonical_ids":0,"results":[{"error":"NotRegistered"}]}',
)  
[2019-01-22 15:18:28] production.INFO: array (
  'sendNotification Android END' => '{"multicast_id":8740826774139133345,"success":0,"failure":1,"canonical_ids":0,"results":[{"error":"NotRegistered"}]}',
)  
[2019-01-22 15:18:28] production.INFO: array (
  'sendNotification Android END' => '{"multicast_id":8740826774139133345,"success":0,"failure":1,"canonical_ids":0,"results":[{"error":"NotRegistered"}]}',
)  
[2019-01-22 15:18:28] production.INFO: array (
  'sendNotification Android END' => '{"multicast_id":8740826774139133345,"success":0,"failure":1,"canonical_ids":0,"results":[{"error":"NotRegistered"}]}',
)  
[2019-01-22 15:18:28] production.INFO: array (
  0 => 'sendNotification Android START',
)  
[2019-01-22 15:18:28] production.INFO: array (
  0 => 'sendNotification Android START',
)  
[2019-01-22 15:18:28] production.INFO: array (
  0 => 'sendNotification Android START',
)  
[2019-01-22 15:18:28] production.INFO: array (
  0 => 'sendNotification Android START',
)  
[2019-01-22 15:18:28] production.INFO: array (
  0 => 'sendNotification Android START',
)  
[2019-01-22 15:18:28] production.INFO: array (
  0 => 'sendNotification Android START',
)  
[2019-01-22 15:18:28] production.INFO: array (
  0 => 'sendNotification Android START',
)  
[2019-01-22 15:18:28] production.INFO: array (
  'sendNotification Android END' => '{"multicast_id":6431780568584156000,"success":0,"failure":1,"canonical_ids":0,"results":[{"error":"NotRegistered"}]}',
)  
[2019-01-22 15:18:28] production.INFO: array (
  'sendNotification Android END' => '{"multicast_id":6431780568584156000,"success":0,"failure":1,"canonical_ids":0,"results":[{"error":"NotRegistered"}]}',
)  
[2019-01-22 15:18:28] production.INFO: array (
  'sendNotification Android END' => '{"multicast_id":6431780568584156000,"success":0,"failure":1,"canonical_ids":0,"results":[{"error":"NotRegistered"}]}',
)  
[2019-01-22 15:18:28] production.INFO: array (
  'sendNotification Android END' => '{"multicast_id":6431780568584156000,"success":0,"failure":1,"canonical_ids":0,"results":[{"error":"NotRegistered"}]}',
)  
[2019-01-22 15:18:28] production.INFO: array (
  'sendNotification Android END' => '{"multicast_id":6431780568584156000,"success":0,"failure":1,"canonical_ids":0,"results":[{"error":"NotRegistered"}]}',
)  
[2019-01-22 15:18:28] production.INFO: array (
  'sendNotification Android END' => '{"multicast_id":6431780568584156000,"success":0,"failure":1,"canonical_ids":0,"results":[{"error":"NotRegistered"}]}',
)  
[2019-01-22 15:18:28] production.INFO: array (
  'sendNotification Android END' => '{"multicast_id":6431780568584156000,"success":0,"failure":1,"canonical_ids":0,"results":[{"error":"NotRegistered"}]}',
)  
[2019-01-22 15:18:28] production.INFO: array (
  0 => 'sendNotification Android START',
)  
[2019-01-22 15:18:28] production.INFO: array (
  0 => 'sendNotification Android START',
)  
[2019-01-22 15:18:28] production.INFO: array (
  0 => 'sendNotification Android START',
)  
[2019-01-22 15:18:28] production.INFO: array (
  0 => 'sendNotification Android START',
)  
[2019-01-22 15:18:28] production.INFO: array (
  0 => 'sendNotification Android START',
)  
[2019-01-22 15:18:28] production.INFO: array (
  0 => 'sendNotification Android START',
)  
[2019-01-22 15:18:28] production.INFO: array (
  0 => 'sendNotification Android START',
)  
[2019-01-22 15:18:28] production.INFO: array (
  0 => 'sendNotification Android START',
)  
[2019-01-22 15:18:28] production.INFO: array (
  'sendNotification Android END' => '{"multicast_id":5489298335787409853,"success":0,"failure":1,"canonical_ids":0,"results":[{"error":"NotRegistered"}]}',
)  
[2019-01-22 15:18:28] production.INFO: array (
  'sendNotification Android END' => '{"multicast_id":5489298335787409853,"success":0,"failure":1,"canonical_ids":0,"results":[{"error":"NotRegistered"}]}',
)  
[2019-01-22 15:18:28] production.INFO: array (
  'sendNotification Android END' => '{"multicast_id":5489298335787409853,"success":0,"failure":1,"canonical_ids":0,"results":[{"error":"NotRegistered"}]}',
)  
[2019-01-22 15:18:28] production.INFO: array (
  'sendNotification Android END' => '{"multicast_id":5489298335787409853,"success":0,"failure":1,"canonical_ids":0,"results":[{"error":"NotRegistered"}]}',
)  
[2019-01-22 15:18:28] production.INFO: array (
  'sendNotification Android END' => '{"multicast_id":5489298335787409853,"success":0,"failure":1,"canonical_ids":0,"results":[{"error":"NotRegistered"}]}',
)  
[2019-01-22 15:18:28] production.INFO: array (
  'sendNotification Android END' => '{"multicast_id":5489298335787409853,"success":0,"failure":1,"canonical_ids":0,"results":[{"error":"NotRegistered"}]}',
)  
[2019-01-22 15:18:28] production.INFO: array (
  'sendNotification Android END' => '{"multicast_id":5489298335787409853,"success":0,"failure":1,"canonical_ids":0,"results":[{"error":"NotRegistered"}]}',
)  
[2019-01-22 15:18:28] production.INFO: array (
  'sendNotification Android END' => '{"multicast_id":5489298335787409853,"success":0,"failure":1,"canonical_ids":0,"results":[{"error":"NotRegistered"}]}',
)  
[2019-01-22 15:18:39] production.INFO: array (
  0 => 'sendNotification Android START',
)  
[2019-01-22 15:18:39] production.INFO: array (
  'sendNotification Android END' => '{"multicast_id":8090636578835726924,"success":0,"failure":1,"canonical_ids":0,"results":[{"error":"MismatchSenderId"}]}',
)  
[2019-01-22 15:18:39] production.INFO: array (
  0 => 'sendNotification Android START',
)  
[2019-01-22 15:18:39] production.INFO: array (
  0 => 'sendNotification Android START',
)  
[2019-01-22 15:18:39] production.INFO: array (
  'sendNotification Android END' => '{"multicast_id":6517992984366174883,"success":0,"failure":1,"canonical_ids":0,"results":[{"error":"NotRegistered"}]}',
)  
[2019-01-22 15:18:39] production.INFO: array (
  'sendNotification Android END' => '{"multicast_id":6517992984366174883,"success":0,"failure":1,"canonical_ids":0,"results":[{"error":"NotRegistered"}]}',
)  
[2019-01-22 15:18:39] production.INFO: array (
  0 => 'sendNotification Android START',
)  
[2019-01-22 15:18:39] production.INFO: array (
  0 => 'sendNotification Android START',
)  
[2019-01-22 15:18:39] production.INFO: array (
  0 => 'sendNotification Android START',
)  
[2019-01-22 15:18:39] production.INFO: array (
  'sendNotification Android END' => '{"multicast_id":5305632741173388852,"success":1,"failure":0,"canonical_ids":0,"results":[{"message_id":"0:1548170319263724%3bf400aaf9fd7ecd"}]}',
)  
[2019-01-22 15:18:39] production.INFO: array (
  'sendNotification Android END' => '{"multicast_id":5305632741173388852,"success":1,"failure":0,"canonical_ids":0,"results":[{"message_id":"0:1548170319263724%3bf400aaf9fd7ecd"}]}',
)  
[2019-01-22 15:18:39] production.INFO: array (
  'sendNotification Android END' => '{"multicast_id":5305632741173388852,"success":1,"failure":0,"canonical_ids":0,"results":[{"message_id":"0:1548170319263724%3bf400aaf9fd7ecd"}]}',
)  
[2019-01-22 15:18:39] production.INFO: array (
  0 => 'sendNotification Android START',
)  
[2019-01-22 15:18:39] production.INFO: array (
  0 => 'sendNotification Android START',
)  
[2019-01-22 15:18:39] production.INFO: array (
  0 => 'sendNotification Android START',
)  
[2019-01-22 15:18:39] production.INFO: array (
  0 => 'sendNotification Android START',
)  
[2019-01-22 15:18:39] production.INFO: array (
  'sendNotification Android END' => '{"multicast_id":4675794004812230688,"success":0,"failure":1,"canonical_ids":0,"results":[{"error":"NotRegistered"}]}',
)  
[2019-01-22 15:18:39] production.INFO: array (
  'sendNotification Android END' => '{"multicast_id":4675794004812230688,"success":0,"failure":1,"canonical_ids":0,"results":[{"error":"NotRegistered"}]}',
)  
[2019-01-22 15:18:39] production.INFO: array (
  'sendNotification Android END' => '{"multicast_id":4675794004812230688,"success":0,"failure":1,"canonical_ids":0,"results":[{"error":"NotRegistered"}]}',
)  
[2019-01-22 15:18:39] production.INFO: array (
  'sendNotification Android END' => '{"multicast_id":4675794004812230688,"success":0,"failure":1,"canonical_ids":0,"results":[{"error":"NotRegistered"}]}',
)  
[2019-01-22 15:18:39] production.INFO: array (
  0 => 'sendNotification Android START',
)  
[2019-01-22 15:18:39] production.INFO: array (
  0 => 'sendNotification Android START',
)  
[2019-01-22 15:18:39] production.INFO: array (
  0 => 'sendNotification Android START',
)  
[2019-01-22 15:18:39] production.INFO: array (
  0 => 'sendNotification Android START',
)  
[2019-01-22 15:18:39] production.INFO: array (
  0 => 'sendNotification Android START',
)  
[2019-01-22 15:18:39] production.INFO: array (
  'sendNotification Android END' => '{"multicast_id":6713154956970224592,"success":0,"failure":1,"canonical_ids":0,"results":[{"error":"NotRegistered"}]}',
)  
[2019-01-22 15:18:39] production.INFO: array (
  'sendNotification Android END' => '{"multicast_id":6713154956970224592,"success":0,"failure":1,"canonical_ids":0,"results":[{"error":"NotRegistered"}]}',
)  
[2019-01-22 15:18:39] production.INFO: array (
  'sendNotification Android END' => '{"multicast_id":6713154956970224592,"success":0,"failure":1,"canonical_ids":0,"results":[{"error":"NotRegistered"}]}',
)  
[2019-01-22 15:18:39] production.INFO: array (
  'sendNotification Android END' => '{"multicast_id":6713154956970224592,"success":0,"failure":1,"canonical_ids":0,"results":[{"error":"NotRegistered"}]}',
)  
[2019-01-22 15:18:39] production.INFO: array (
  'sendNotification Android END' => '{"multicast_id":6713154956970224592,"success":0,"failure":1,"canonical_ids":0,"results":[{"error":"NotRegistered"}]}',
)  
[2019-01-22 15:18:39] production.INFO: array (
  0 => 'sendNotification Android START',
)  
[2019-01-22 15:18:39] production.INFO: array (
  0 => 'sendNotification Android START',
)  
[2019-01-22 15:18:39] production.INFO: array (
  0 => 'sendNotification Android START',
)  
[2019-01-22 15:18:39] production.INFO: array (
  0 => 'sendNotification Android START',
)  
[2019-01-22 15:18:39] production.INFO: array (
  0 => 'sendNotification Android START',
)  
[2019-01-22 15:18:39] production.INFO: array (
  0 => 'sendNotification Android START',
)  
[2019-01-22 15:18:39] production.INFO: array (
  'sendNotification Android END' => '{"multicast_id":8213886012124016494,"success":0,"failure":1,"canonical_ids":0,"results":[{"error":"NotRegistered"}]}',
)  
[2019-01-22 15:18:39] production.INFO: array (
  'sendNotification Android END' => '{"multicast_id":8213886012124016494,"success":0,"failure":1,"canonical_ids":0,"results":[{"error":"NotRegistered"}]}',
)  
[2019-01-22 15:18:39] production.INFO: array (
  'sendNotification Android END' => '{"multicast_id":8213886012124016494,"success":0,"failure":1,"canonical_ids":0,"results":[{"error":"NotRegistered"}]}',
)  
[2019-01-22 15:18:39] production.INFO: array (
  'sendNotification Android END' => '{"multicast_id":8213886012124016494,"success":0,"failure":1,"canonical_ids":0,"results":[{"error":"NotRegistered"}]}',
)  
[2019-01-22 15:18:39] production.INFO: array (
  'sendNotification Android END' => '{"multicast_id":8213886012124016494,"success":0,"failure":1,"canonical_ids":0,"results":[{"error":"NotRegistered"}]}',
)  
[2019-01-22 15:18:39] production.INFO: array (
  'sendNotification Android END' => '{"multicast_id":8213886012124016494,"success":0,"failure":1,"canonical_ids":0,"results":[{"error":"NotRegistered"}]}',
)  
[2019-01-22 15:18:39] production.INFO: array (
  0 => 'sendNotification Android START',
)  
[2019-01-22 15:18:39] production.INFO: array (
  0 => 'sendNotification Android START',
)  
[2019-01-22 15:18:39] production.INFO: array (
  0 => 'sendNotification Android START',
)  
[2019-01-22 15:18:39] production.INFO: array (
  0 => 'sendNotification Android START',
)  
[2019-01-22 15:18:39] production.INFO: array (
  0 => 'sendNotification Android START',
)  
[2019-01-22 15:18:39] production.INFO: array (
  0 => 'sendNotification Android START',
)  
[2019-01-22 15:18:39] production.INFO: array (
  0 => 'sendNotification Android START',
)  
[2019-01-22 15:18:39] production.INFO: array (
  'sendNotification Android END' => '{"multicast_id":5969746756483309220,"success":0,"failure":1,"canonical_ids":0,"results":[{"error":"NotRegistered"}]}',
)  
[2019-01-22 15:18:39] production.INFO: array (
  'sendNotification Android END' => '{"multicast_id":5969746756483309220,"success":0,"failure":1,"canonical_ids":0,"results":[{"error":"NotRegistered"}]}',
)  
[2019-01-22 15:18:39] production.INFO: array (
  'sendNotification Android END' => '{"multicast_id":5969746756483309220,"success":0,"failure":1,"canonical_ids":0,"results":[{"error":"NotRegistered"}]}',
)  
[2019-01-22 15:18:39] production.INFO: array (
  'sendNotification Android END' => '{"multicast_id":5969746756483309220,"success":0,"failure":1,"canonical_ids":0,"results":[{"error":"NotRegistered"}]}',
)  
[2019-01-22 15:18:39] production.INFO: array (
  'sendNotification Android END' => '{"multicast_id":5969746756483309220,"success":0,"failure":1,"canonical_ids":0,"results":[{"error":"NotRegistered"}]}',
)  
[2019-01-22 15:18:39] production.INFO: array (
  'sendNotification Android END' => '{"multicast_id":5969746756483309220,"success":0,"failure":1,"canonical_ids":0,"results":[{"error":"NotRegistered"}]}',
)  
[2019-01-22 15:18:39] production.INFO: array (
  'sendNotification Android END' => '{"multicast_id":5969746756483309220,"success":0,"failure":1,"canonical_ids":0,"results":[{"error":"NotRegistered"}]}',
)  
[2019-01-22 15:18:39] production.INFO: array (
  0 => 'sendNotification Android START',
)  
[2019-01-22 15:18:39] production.INFO: array (
  0 => 'sendNotification Android START',
)  
[2019-01-22 15:18:39] production.INFO: array (
  0 => 'sendNotification Android START',
)  
[2019-01-22 15:18:39] production.INFO: array (
  0 => 'sendNotification Android START',
)  
[2019-01-22 15:18:39] production.INFO: array (
  0 => 'sendNotification Android START',
)  
[2019-01-22 15:18:39] production.INFO: array (
  0 => 'sendNotification Android START',
)  
[2019-01-22 15:18:39] production.INFO: array (
  0 => 'sendNotification Android START',
)  
[2019-01-22 15:18:39] production.INFO: array (
  0 => 'sendNotification Android START',
)  
[2019-01-22 15:18:39] production.INFO: array (
  'sendNotification Android END' => '{"multicast_id":8619063393352646139,"success":0,"failure":1,"canonical_ids":0,"results":[{"error":"NotRegistered"}]}',
)  
[2019-01-22 15:18:39] production.INFO: array (
  'sendNotification Android END' => '{"multicast_id":8619063393352646139,"success":0,"failure":1,"canonical_ids":0,"results":[{"error":"NotRegistered"}]}',
)  
[2019-01-22 15:18:39] production.INFO: array (
  'sendNotification Android END' => '{"multicast_id":8619063393352646139,"success":0,"failure":1,"canonical_ids":0,"results":[{"error":"NotRegistered"}]}',
)  
[2019-01-22 15:18:39] production.INFO: array (
  'sendNotification Android END' => '{"multicast_id":8619063393352646139,"success":0,"failure":1,"canonical_ids":0,"results":[{"error":"NotRegistered"}]}',
)  
[2019-01-22 15:18:39] production.INFO: array (
  'sendNotification Android END' => '{"multicast_id":8619063393352646139,"success":0,"failure":1,"canonical_ids":0,"results":[{"error":"NotRegistered"}]}',
)  
[2019-01-22 15:18:39] production.INFO: array (
  'sendNotification Android END' => '{"multicast_id":8619063393352646139,"success":0,"failure":1,"canonical_ids":0,"results":[{"error":"NotRegistered"}]}',
)  
[2019-01-22 15:18:39] production.INFO: array (
  'sendNotification Android END' => '{"multicast_id":8619063393352646139,"success":0,"failure":1,"canonical_ids":0,"results":[{"error":"NotRegistered"}]}',
)  
[2019-01-22 15:18:39] production.INFO: array (
  'sendNotification Android END' => '{"multicast_id":8619063393352646139,"success":0,"failure":1,"canonical_ids":0,"results":[{"error":"NotRegistered"}]}',
)  
[2019-01-22 19:40:37] production.INFO: array (
  0 => 'sendNotification Android START',
)  
[2019-01-22 19:40:37] production.INFO: array (
  0 => 'sendNotification Android START',
)  
[2019-01-22 19:40:37] production.INFO: array (
  0 => 'sendNotification Android START',
)  
[2019-01-22 19:40:37] production.INFO: array (
  0 => 'sendNotification Android START',
)  
[2019-01-22 19:40:37] production.INFO: array (
  'sendNotification Android END' => '{"multicast_id":8172691947189924409,"success":0,"failure":1,"canonical_ids":0,"results":[{"error":"NotRegistered"}]}',
)  
[2019-01-22 19:40:37] production.INFO: array (
  'sendNotification Android END' => '{"multicast_id":8172691947189924409,"success":0,"failure":1,"canonical_ids":0,"results":[{"error":"NotRegistered"}]}',
)  
[2019-01-22 19:40:37] production.INFO: array (
  'sendNotification Android END' => '{"multicast_id":8172691947189924409,"success":0,"failure":1,"canonical_ids":0,"results":[{"error":"NotRegistered"}]}',
)  
[2019-01-22 19:40:37] production.INFO: array (
  'sendNotification Android END' => '{"multicast_id":8172691947189924409,"success":0,"failure":1,"canonical_ids":0,"results":[{"error":"NotRegistered"}]}',
)  
[2019-01-22 19:40:37] production.INFO: array (
  0 => 'sendNotification Android START',
)  
[2019-01-22 19:40:37] production.INFO: array (
  0 => 'sendNotification Android START',
)  
[2019-01-22 19:40:37] production.INFO: array (
  0 => 'sendNotification Android START',
)  
[2019-01-22 19:40:37] production.INFO: array (
  0 => 'sendNotification Android START',
)  
[2019-01-22 19:40:37] production.INFO: array (
  0 => 'sendNotification Android START',
)  
[2019-01-22 19:40:37] production.INFO: array (
  'sendNotification Android END' => '{"multicast_id":7770118967420623720,"success":1,"failure":0,"canonical_ids":0,"results":[{"message_id":"0:1548186037890182%3bf400aaf9fd7ecd"}]}',
)  
[2019-01-22 19:40:37] production.INFO: array (
  'sendNotification Android END' => '{"multicast_id":7770118967420623720,"success":1,"failure":0,"canonical_ids":0,"results":[{"message_id":"0:1548186037890182%3bf400aaf9fd7ecd"}]}',
)  
[2019-01-22 19:40:37] production.INFO: array (
  'sendNotification Android END' => '{"multicast_id":7770118967420623720,"success":1,"failure":0,"canonical_ids":0,"results":[{"message_id":"0:1548186037890182%3bf400aaf9fd7ecd"}]}',
)  
[2019-01-22 19:40:37] production.INFO: array (
  'sendNotification Android END' => '{"multicast_id":7770118967420623720,"success":1,"failure":0,"canonical_ids":0,"results":[{"message_id":"0:1548186037890182%3bf400aaf9fd7ecd"}]}',
)  
[2019-01-22 19:40:37] production.INFO: array (
  'sendNotification Android END' => '{"multicast_id":7770118967420623720,"success":1,"failure":0,"canonical_ids":0,"results":[{"message_id":"0:1548186037890182%3bf400aaf9fd7ecd"}]}',
)  
[2019-01-22 19:40:37] production.INFO: array (
  0 => 'sendNotification Android START',
)  
[2019-01-22 19:40:37] production.INFO: array (
  0 => 'sendNotification Android START',
)  
[2019-01-22 19:40:37] production.INFO: array (
  0 => 'sendNotification Android START',
)  
[2019-01-22 19:40:37] production.INFO: array (
  0 => 'sendNotification Android START',
)  
[2019-01-22 19:40:37] production.INFO: array (
  0 => 'sendNotification Android START',
)  
[2019-01-22 19:40:37] production.INFO: array (
  0 => 'sendNotification Android START',
)  
[2019-01-22 19:40:37] production.INFO: array (
  'sendNotification Android END' => '{"multicast_id":4844098535184983397,"success":0,"failure":1,"canonical_ids":0,"results":[{"error":"NotRegistered"}]}',
)  
[2019-01-22 19:40:37] production.INFO: array (
  'sendNotification Android END' => '{"multicast_id":4844098535184983397,"success":0,"failure":1,"canonical_ids":0,"results":[{"error":"NotRegistered"}]}',
)  
[2019-01-22 19:40:37] production.INFO: array (
  'sendNotification Android END' => '{"multicast_id":4844098535184983397,"success":0,"failure":1,"canonical_ids":0,"results":[{"error":"NotRegistered"}]}',
)  
[2019-01-22 19:40:37] production.INFO: array (
  'sendNotification Android END' => '{"multicast_id":4844098535184983397,"success":0,"failure":1,"canonical_ids":0,"results":[{"error":"NotRegistered"}]}',
)  
[2019-01-22 19:40:37] production.INFO: array (
  'sendNotification Android END' => '{"multicast_id":4844098535184983397,"success":0,"failure":1,"canonical_ids":0,"results":[{"error":"NotRegistered"}]}',
)  
[2019-01-22 19:40:37] production.INFO: array (
  'sendNotification Android END' => '{"multicast_id":4844098535184983397,"success":0,"failure":1,"canonical_ids":0,"results":[{"error":"NotRegistered"}]}',
)  
[2019-01-22 19:40:37] production.INFO: array (
  0 => 'sendNotification Android START',
)  
[2019-01-22 19:40:37] production.INFO: array (
  0 => 'sendNotification Android START',
)  
[2019-01-22 19:40:37] production.INFO: array (
  0 => 'sendNotification Android START',
)  
[2019-01-22 19:40:37] production.INFO: array (
  0 => 'sendNotification Android START',
)  
[2019-01-22 19:40:37] production.INFO: array (
  0 => 'sendNotification Android START',
)  
[2019-01-22 19:40:37] production.INFO: array (
  0 => 'sendNotification Android START',
)  
[2019-01-22 19:40:37] production.INFO: array (
  0 => 'sendNotification Android START',
)  
[2019-01-22 19:40:38] production.INFO: array (
  'sendNotification Android END' => '{"multicast_id":7902571564425063299,"success":1,"failure":0,"canonical_ids":0,"results":[{"message_id":"0:1548186038007563%3bf400aaf9fd7ecd"}]}',
)  
[2019-01-22 19:40:38] production.INFO: array (
  'sendNotification Android END' => '{"multicast_id":7902571564425063299,"success":1,"failure":0,"canonical_ids":0,"results":[{"message_id":"0:1548186038007563%3bf400aaf9fd7ecd"}]}',
)  
[2019-01-22 19:40:38] production.INFO: array (
  'sendNotification Android END' => '{"multicast_id":7902571564425063299,"success":1,"failure":0,"canonical_ids":0,"results":[{"message_id":"0:1548186038007563%3bf400aaf9fd7ecd"}]}',
)  
[2019-01-22 19:40:38] production.INFO: array (
  'sendNotification Android END' => '{"multicast_id":7902571564425063299,"success":1,"failure":0,"canonical_ids":0,"results":[{"message_id":"0:1548186038007563%3bf400aaf9fd7ecd"}]}',
)  
[2019-01-22 19:40:38] production.INFO: array (
  'sendNotification Android END' => '{"multicast_id":7902571564425063299,"success":1,"failure":0,"canonical_ids":0,"results":[{"message_id":"0:1548186038007563%3bf400aaf9fd7ecd"}]}',
)  
[2019-01-22 19:40:38] production.INFO: array (
  'sendNotification Android END' => '{"multicast_id":7902571564425063299,"success":1,"failure":0,"canonical_ids":0,"results":[{"message_id":"0:1548186038007563%3bf400aaf9fd7ecd"}]}',
)  
[2019-01-22 19:40:38] production.INFO: array (
  'sendNotification Android END' => '{"multicast_id":7902571564425063299,"success":1,"failure":0,"canonical_ids":0,"results":[{"message_id":"0:1548186038007563%3bf400aaf9fd7ecd"}]}',
)  
[2019-01-22 22:14:06] production.ERROR: array (
  'Request' => 
  array (
    'device' => 'iOS',
    'device_token' => '96a09340bed32baab3c82f312b823303a717430936e7e59d8653b3c06c51f5dd',
    'user_id' => 15,
  ),
)  
