[2019-02-02 13:37:26] production.INFO: array (
  0 => 'sendNotification Android START',
)  
[2019-02-02 13:37:26] production.INFO: array (
  'sendNotification Android END' => '{"multicast_id":8918678362789349012,"success":1,"failure":0,"canonical_ids":0,"results":[{"message_id":"0:1549114646904452%5f25f726f9fd7ecd"}]}',
)  
[2019-02-02 13:38:27] production.INFO: array (
  0 => 'sendNotification Android START',
)  
[2019-02-02 13:38:27] production.INFO: array (
  0 => 'sendNotification Android START',
)  
[2019-02-02 13:38:27] production.INFO: array (
  'sendNotification Android END' => '{"multicast_id":7530055119514831322,"success":0,"failure":1,"canonical_ids":0,"results":[{"error":"MismatchSenderId"}]}',
)  
[2019-02-02 13:38:27] production.INFO: array (
  'sendNotification Android END' => '{"multicast_id":7530055119514831322,"success":0,"failure":1,"canonical_ids":0,"results":[{"error":"MismatchSenderId"}]}',
)  
[2019-02-02 13:38:27] production.INFO: array (
  0 => 'sendNotification Android START',
)  
[2019-02-02 13:38:27] production.INFO: array (
  0 => 'sendNotification Android START',
)  
[2019-02-02 13:38:27] production.INFO: array (
  0 => 'sendNotification Android START',
)  
[2019-02-02 13:38:27] production.INFO: array (
  'sendNotification Android END' => '{"multicast_id":6208687219077928572,"success":0,"failure":1,"canonical_ids":0,"results":[{"error":"NotRegistered"}]}',
)  
[2019-02-02 13:38:27] production.INFO: array (
  'sendNotification Android END' => '{"multicast_id":6208687219077928572,"success":0,"failure":1,"canonical_ids":0,"results":[{"error":"NotRegistered"}]}',
)  
[2019-02-02 13:38:27] production.INFO: array (
  'sendNotification Android END' => '{"multicast_id":6208687219077928572,"success":0,"failure":1,"canonical_ids":0,"results":[{"error":"NotRegistered"}]}',
)  
[2019-02-02 13:38:27] production.INFO: array (
  0 => 'sendNotification Android START',
)  
[2019-02-02 13:38:27] production.INFO: array (
  0 => 'sendNotification Android START',
)  
[2019-02-02 13:38:27] production.INFO: array (
  0 => 'sendNotification Android START',
)  
[2019-02-02 13:38:27] production.INFO: array (
  0 => 'sendNotification Android START',
)  
[2019-02-02 13:38:27] production.INFO: array (
  'sendNotification Android END' => '{"multicast_id":6586681510392801689,"success":1,"failure":0,"canonical_ids":0,"results":[{"message_id":"0:1549114707705566%3bf400aaf9fd7ecd"}]}',
)  
[2019-02-02 13:38:27] production.INFO: array (
  'sendNotification Android END' => '{"multicast_id":6586681510392801689,"success":1,"failure":0,"canonical_ids":0,"results":[{"message_id":"0:1549114707705566%3bf400aaf9fd7ecd"}]}',
)  
[2019-02-02 13:38:27] production.INFO: array (
  'sendNotification Android END' => '{"multicast_id":6586681510392801689,"success":1,"failure":0,"canonical_ids":0,"results":[{"message_id":"0:1549114707705566%3bf400aaf9fd7ecd"}]}',
)  
[2019-02-02 13:38:27] production.INFO: array (
  'sendNotification Android END' => '{"multicast_id":6586681510392801689,"success":1,"failure":0,"canonical_ids":0,"results":[{"message_id":"0:1549114707705566%3bf400aaf9fd7ecd"}]}',
)  
[2019-02-02 13:38:27] production.INFO: array (
  0 => 'sendNotification Android START',
)  
[2019-02-02 13:38:27] production.INFO: array (
  0 => 'sendNotification Android START',
)  
[2019-02-02 13:38:27] production.INFO: array (
  0 => 'sendNotification Android START',
)  
[2019-02-02 13:38:27] production.INFO: array (
  0 => 'sendNotification Android START',
)  
[2019-02-02 13:38:27] production.INFO: array (
  0 => 'sendNotification Android START',
)  
[2019-02-02 13:38:27] production.INFO: array (
  'sendNotification Android END' => '{"multicast_id":4750894881964615351,"success":0,"failure":1,"canonical_ids":0,"results":[{"error":"NotRegistered"}]}',
)  
[2019-02-02 13:38:27] production.INFO: array (
  'sendNotification Android END' => '{"multicast_id":4750894881964615351,"success":0,"failure":1,"canonical_ids":0,"results":[{"error":"NotRegistered"}]}',
)  
[2019-02-02 13:38:27] production.INFO: array (
  'sendNotification Android END' => '{"multicast_id":4750894881964615351,"success":0,"failure":1,"canonical_ids":0,"results":[{"error":"NotRegistered"}]}',
)  
[2019-02-02 13:38:27] production.INFO: array (
  'sendNotification Android END' => '{"multicast_id":4750894881964615351,"success":0,"failure":1,"canonical_ids":0,"results":[{"error":"NotRegistered"}]}',
)  
[2019-02-02 13:38:27] production.INFO: array (
  'sendNotification Android END' => '{"multicast_id":4750894881964615351,"success":0,"failure":1,"canonical_ids":0,"results":[{"error":"NotRegistered"}]}',
)  
[2019-02-02 13:38:27] production.INFO: array (
  0 => 'sendNotification Android START',
)  
[2019-02-02 13:38:27] production.INFO: array (
  0 => 'sendNotification Android START',
)  
[2019-02-02 13:38:27] production.INFO: array (
  0 => 'sendNotification Android START',
)  
[2019-02-02 13:38:27] production.INFO: array (
  0 => 'sendNotification Android START',
)  
[2019-02-02 13:38:27] production.INFO: array (
  0 => 'sendNotification Android START',
)  
[2019-02-02 13:38:27] production.INFO: array (
  0 => 'sendNotification Android START',
)  
[2019-02-02 13:38:27] production.INFO: array (
  'sendNotification Android END' => '{"multicast_id":6973750979526779962,"success":0,"failure":1,"canonical_ids":0,"results":[{"error":"NotRegistered"}]}',
)  
[2019-02-02 13:38:27] production.INFO: array (
  'sendNotification Android END' => '{"multicast_id":6973750979526779962,"success":0,"failure":1,"canonical_ids":0,"results":[{"error":"NotRegistered"}]}',
)  
[2019-02-02 13:38:27] production.INFO: array (
  'sendNotification Android END' => '{"multicast_id":6973750979526779962,"success":0,"failure":1,"canonical_ids":0,"results":[{"error":"NotRegistered"}]}',
)  
[2019-02-02 13:38:27] production.INFO: array (
  'sendNotification Android END' => '{"multicast_id":6973750979526779962,"success":0,"failure":1,"canonical_ids":0,"results":[{"error":"NotRegistered"}]}',
)  
[2019-02-02 13:38:27] production.INFO: array (
  'sendNotification Android END' => '{"multicast_id":6973750979526779962,"success":0,"failure":1,"canonical_ids":0,"results":[{"error":"NotRegistered"}]}',
)  
[2019-02-02 13:38:27] production.INFO: array (
  'sendNotification Android END' => '{"multicast_id":6973750979526779962,"success":0,"failure":1,"canonical_ids":0,"results":[{"error":"NotRegistered"}]}',
)  
[2019-02-02 13:38:27] production.INFO: array (
  0 => 'sendNotification Android START',
)  
[2019-02-02 13:38:27] production.INFO: array (
  0 => 'sendNotification Android START',
)  
[2019-02-02 13:38:27] production.INFO: array (
  0 => 'sendNotification Android START',
)  
[2019-02-02 13:38:27] production.INFO: array (
  0 => 'sendNotification Android START',
)  
[2019-02-02 13:38:27] production.INFO: array (
  0 => 'sendNotification Android START',
)  
[2019-02-02 13:38:27] production.INFO: array (
  0 => 'sendNotification Android START',
)  
[2019-02-02 13:38:27] production.INFO: array (
  0 => 'sendNotification Android START',
)  
[2019-02-02 13:38:27] production.INFO: array (
  'sendNotification Android END' => '{"multicast_id":9127756844839387370,"success":0,"failure":1,"canonical_ids":0,"results":[{"error":"NotRegistered"}]}',
)  
[2019-02-02 13:38:27] production.INFO: array (
  'sendNotification Android END' => '{"multicast_id":9127756844839387370,"success":0,"failure":1,"canonical_ids":0,"results":[{"error":"NotRegistered"}]}',
)  
[2019-02-02 13:38:27] production.INFO: array (
  'sendNotification Android END' => '{"multicast_id":9127756844839387370,"success":0,"failure":1,"canonical_ids":0,"results":[{"error":"NotRegistered"}]}',
)  
[2019-02-02 13:38:27] production.INFO: array (
  'sendNotification Android END' => '{"multicast_id":9127756844839387370,"success":0,"failure":1,"canonical_ids":0,"results":[{"error":"NotRegistered"}]}',
)  
[2019-02-02 13:38:27] production.INFO: array (
  'sendNotification Android END' => '{"multicast_id":9127756844839387370,"success":0,"failure":1,"canonical_ids":0,"results":[{"error":"NotRegistered"}]}',
)  
[2019-02-02 13:38:27] production.INFO: array (
  'sendNotification Android END' => '{"multicast_id":9127756844839387370,"success":0,"failure":1,"canonical_ids":0,"results":[{"error":"NotRegistered"}]}',
)  
[2019-02-02 13:38:27] production.INFO: array (
  'sendNotification Android END' => '{"multicast_id":9127756844839387370,"success":0,"failure":1,"canonical_ids":0,"results":[{"error":"NotRegistered"}]}',
)  
[2019-02-02 13:38:27] production.INFO: array (
  0 => 'sendNotification Android START',
)  
[2019-02-02 13:38:27] production.INFO: array (
  0 => 'sendNotification Android START',
)  
[2019-02-02 13:38:27] production.INFO: array (
  0 => 'sendNotification Android START',
)  
[2019-02-02 13:38:27] production.INFO: array (
  0 => 'sendNotification Android START',
)  
[2019-02-02 13:38:27] production.INFO: array (
  0 => 'sendNotification Android START',
)  
[2019-02-02 13:38:27] production.INFO: array (
  0 => 'sendNotification Android START',
)  
[2019-02-02 13:38:27] production.INFO: array (
  0 => 'sendNotification Android START',
)  
[2019-02-02 13:38:27] production.INFO: array (
  0 => 'sendNotification Android START',
)  
[2019-02-02 13:38:27] production.INFO: array (
  'sendNotification Android END' => '{"multicast_id":5003107860538358837,"success":0,"failure":1,"canonical_ids":0,"results":[{"error":"NotRegistered"}]}',
)  
[2019-02-02 13:38:27] production.INFO: array (
  'sendNotification Android END' => '{"multicast_id":5003107860538358837,"success":0,"failure":1,"canonical_ids":0,"results":[{"error":"NotRegistered"}]}',
)  
[2019-02-02 13:38:27] production.INFO: array (
  'sendNotification Android END' => '{"multicast_id":5003107860538358837,"success":0,"failure":1,"canonical_ids":0,"results":[{"error":"NotRegistered"}]}',
)  
[2019-02-02 13:38:27] production.INFO: array (
  'sendNotification Android END' => '{"multicast_id":5003107860538358837,"success":0,"failure":1,"canonical_ids":0,"results":[{"error":"NotRegistered"}]}',
)  
[2019-02-02 13:38:27] production.INFO: array (
  'sendNotification Android END' => '{"multicast_id":5003107860538358837,"success":0,"failure":1,"canonical_ids":0,"results":[{"error":"NotRegistered"}]}',
)  
[2019-02-02 13:38:27] production.INFO: array (
  'sendNotification Android END' => '{"multicast_id":5003107860538358837,"success":0,"failure":1,"canonical_ids":0,"results":[{"error":"NotRegistered"}]}',
)  
[2019-02-02 13:38:27] production.INFO: array (
  'sendNotification Android END' => '{"multicast_id":5003107860538358837,"success":0,"failure":1,"canonical_ids":0,"results":[{"error":"NotRegistered"}]}',
)  
[2019-02-02 13:38:27] production.INFO: array (
  'sendNotification Android END' => '{"multicast_id":5003107860538358837,"success":0,"failure":1,"canonical_ids":0,"results":[{"error":"NotRegistered"}]}',
)  
[2019-02-02 13:38:27] production.INFO: array (
  0 => 'sendNotification Android START',
)  
[2019-02-02 13:38:27] production.INFO: array (
  0 => 'sendNotification Android START',
)  
[2019-02-02 13:38:27] production.INFO: array (
  0 => 'sendNotification Android START',
)  
[2019-02-02 13:38:27] production.INFO: array (
  0 => 'sendNotification Android START',
)  
[2019-02-02 13:38:27] production.INFO: array (
  0 => 'sendNotification Android START',
)  
[2019-02-02 13:38:27] production.INFO: array (
  0 => 'sendNotification Android START',
)  
[2019-02-02 13:38:27] production.INFO: array (
  0 => 'sendNotification Android START',
)  
[2019-02-02 13:38:27] production.INFO: array (
  0 => 'sendNotification Android START',
)  
[2019-02-02 13:38:27] production.INFO: array (
  0 => 'sendNotification Android START',
)  
[2019-02-02 13:38:27] production.INFO: array (
  'sendNotification Android END' => '{"multicast_id":5514575121788911667,"success":0,"failure":1,"canonical_ids":0,"results":[{"error":"NotRegistered"}]}',
)  
[2019-02-02 13:38:27] production.INFO: array (
  'sendNotification Android END' => '{"multicast_id":5514575121788911667,"success":0,"failure":1,"canonical_ids":0,"results":[{"error":"NotRegistered"}]}',
)  
[2019-02-02 13:38:27] production.INFO: array (
  'sendNotification Android END' => '{"multicast_id":5514575121788911667,"success":0,"failure":1,"canonical_ids":0,"results":[{"error":"NotRegistered"}]}',
)  
[2019-02-02 13:38:27] production.INFO: array (
  'sendNotification Android END' => '{"multicast_id":5514575121788911667,"success":0,"failure":1,"canonical_ids":0,"results":[{"error":"NotRegistered"}]}',
)  
[2019-02-02 13:38:27] production.INFO: array (
  'sendNotification Android END' => '{"multicast_id":5514575121788911667,"success":0,"failure":1,"canonical_ids":0,"results":[{"error":"NotRegistered"}]}',
)  
[2019-02-02 13:38:27] production.INFO: array (
  'sendNotification Android END' => '{"multicast_id":5514575121788911667,"success":0,"failure":1,"canonical_ids":0,"results":[{"error":"NotRegistered"}]}',
)  
[2019-02-02 13:38:27] production.INFO: array (
  'sendNotification Android END' => '{"multicast_id":5514575121788911667,"success":0,"failure":1,"canonical_ids":0,"results":[{"error":"NotRegistered"}]}',
)  
[2019-02-02 13:38:27] production.INFO: array (
  'sendNotification Android END' => '{"multicast_id":5514575121788911667,"success":0,"failure":1,"canonical_ids":0,"results":[{"error":"NotRegistered"}]}',
)  
[2019-02-02 13:38:27] production.INFO: array (
  'sendNotification Android END' => '{"multicast_id":5514575121788911667,"success":0,"failure":1,"canonical_ids":0,"results":[{"error":"NotRegistered"}]}',
)  
