[2019-02-21 10:17:33] production.INFO: array (
  0 => 'sendNotification Android START',
)  
[2019-02-21 10:17:33] production.INFO: array (
  'sendNotification Android END' => '{"multicast_id":5900624116279615147,"success":1,"failure":0,"canonical_ids":0,"results":[{"message_id":"0:1550744253344292%5f25f726f9fd7ecd"}]}',
)  
[2019-02-21 10:21:03] production.INFO: array (
  0 => 'sendNotification Android START',
)  
[2019-02-21 10:21:03] production.INFO: array (
  'sendNotification Android END' => '{"multicast_id":7023594199278638713,"success":1,"failure":0,"canonical_ids":0,"results":[{"message_id":"0:1550744463899918%5f25f726f9fd7ecd"}]}',
)  
[2019-02-21 10:21:03] production.INFO: array (
  0 => 'sendNotification Android START',
)  
[2019-02-21 10:21:03] production.INFO: array (
  0 => 'sendNotification Android START',
)  
[2019-02-21 10:21:03] production.INFO: array (
  'sendNotification Android END' => '{"multicast_id":6373768324592037965,"success":0,"failure":1,"canonical_ids":0,"results":[{"error":"MismatchSenderId"}]}',
)  
[2019-02-21 10:21:03] production.INFO: array (
  'sendNotification Android END' => '{"multicast_id":6373768324592037965,"success":0,"failure":1,"canonical_ids":0,"results":[{"error":"MismatchSenderId"}]}',
)  
[2019-02-21 10:21:03] production.INFO: array (
  0 => 'sendNotification Android START',
)  
[2019-02-21 10:21:03] production.INFO: array (
  0 => 'sendNotification Android START',
)  
[2019-02-21 10:21:03] production.INFO: array (
  0 => 'sendNotification Android START',
)  
[2019-02-21 10:21:04] production.INFO: array (
  'sendNotification Android END' => '{"multicast_id":7913645979072939390,"success":0,"failure":1,"canonical_ids":0,"results":[{"error":"NotRegistered"}]}',
)  
[2019-02-21 10:21:04] production.INFO: array (
  'sendNotification Android END' => '{"multicast_id":7913645979072939390,"success":0,"failure":1,"canonical_ids":0,"results":[{"error":"NotRegistered"}]}',
)  
[2019-02-21 10:21:04] production.INFO: array (
  'sendNotification Android END' => '{"multicast_id":7913645979072939390,"success":0,"failure":1,"canonical_ids":0,"results":[{"error":"NotRegistered"}]}',
)  
[2019-02-21 10:21:04] production.INFO: array (
  0 => 'sendNotification Android START',
)  
[2019-02-21 10:21:04] production.INFO: array (
  0 => 'sendNotification Android START',
)  
[2019-02-21 10:21:04] production.INFO: array (
  0 => 'sendNotification Android START',
)  
[2019-02-21 10:21:04] production.INFO: array (
  0 => 'sendNotification Android START',
)  
[2019-02-21 10:21:04] production.INFO: array (
  'sendNotification Android END' => '{"multicast_id":5576378091464449158,"success":1,"failure":0,"canonical_ids":0,"results":[{"message_id":"0:1550744464042707%3bf400aaf9fd7ecd"}]}',
)  
[2019-02-21 10:21:04] production.INFO: array (
  'sendNotification Android END' => '{"multicast_id":5576378091464449158,"success":1,"failure":0,"canonical_ids":0,"results":[{"message_id":"0:1550744464042707%3bf400aaf9fd7ecd"}]}',
)  
[2019-02-21 10:21:04] production.INFO: array (
  'sendNotification Android END' => '{"multicast_id":5576378091464449158,"success":1,"failure":0,"canonical_ids":0,"results":[{"message_id":"0:1550744464042707%3bf400aaf9fd7ecd"}]}',
)  
[2019-02-21 10:21:04] production.INFO: array (
  'sendNotification Android END' => '{"multicast_id":5576378091464449158,"success":1,"failure":0,"canonical_ids":0,"results":[{"message_id":"0:1550744464042707%3bf400aaf9fd7ecd"}]}',
)  
[2019-02-21 10:21:04] production.INFO: array (
  0 => 'sendNotification Android START',
)  
[2019-02-21 10:21:04] production.INFO: array (
  0 => 'sendNotification Android START',
)  
[2019-02-21 10:21:04] production.INFO: array (
  0 => 'sendNotification Android START',
)  
[2019-02-21 10:21:04] production.INFO: array (
  0 => 'sendNotification Android START',
)  
[2019-02-21 10:21:04] production.INFO: array (
  0 => 'sendNotification Android START',
)  
[2019-02-21 10:21:04] production.INFO: array (
  'sendNotification Android END' => '{"multicast_id":6701781177596324553,"success":0,"failure":1,"canonical_ids":0,"results":[{"error":"NotRegistered"}]}',
)  
[2019-02-21 10:21:04] production.INFO: array (
  'sendNotification Android END' => '{"multicast_id":6701781177596324553,"success":0,"failure":1,"canonical_ids":0,"results":[{"error":"NotRegistered"}]}',
)  
[2019-02-21 10:21:04] production.INFO: array (
  'sendNotification Android END' => '{"multicast_id":6701781177596324553,"success":0,"failure":1,"canonical_ids":0,"results":[{"error":"NotRegistered"}]}',
)  
[2019-02-21 10:21:04] production.INFO: array (
  'sendNotification Android END' => '{"multicast_id":6701781177596324553,"success":0,"failure":1,"canonical_ids":0,"results":[{"error":"NotRegistered"}]}',
)  
[2019-02-21 10:21:04] production.INFO: array (
  'sendNotification Android END' => '{"multicast_id":6701781177596324553,"success":0,"failure":1,"canonical_ids":0,"results":[{"error":"NotRegistered"}]}',
)  
[2019-02-21 10:21:04] production.INFO: array (
  0 => 'sendNotification Android START',
)  
[2019-02-21 10:21:04] production.INFO: array (
  0 => 'sendNotification Android START',
)  
[2019-02-21 10:21:04] production.INFO: array (
  0 => 'sendNotification Android START',
)  
[2019-02-21 10:21:04] production.INFO: array (
  0 => 'sendNotification Android START',
)  
[2019-02-21 10:21:04] production.INFO: array (
  0 => 'sendNotification Android START',
)  
[2019-02-21 10:21:04] production.INFO: array (
  0 => 'sendNotification Android START',
)  
[2019-02-21 10:21:04] production.INFO: array (
  'sendNotification Android END' => '{"multicast_id":8188098164052455722,"success":0,"failure":1,"canonical_ids":0,"results":[{"error":"NotRegistered"}]}',
)  
[2019-02-21 10:21:04] production.INFO: array (
  'sendNotification Android END' => '{"multicast_id":8188098164052455722,"success":0,"failure":1,"canonical_ids":0,"results":[{"error":"NotRegistered"}]}',
)  
[2019-02-21 10:21:04] production.INFO: array (
  'sendNotification Android END' => '{"multicast_id":8188098164052455722,"success":0,"failure":1,"canonical_ids":0,"results":[{"error":"NotRegistered"}]}',
)  
[2019-02-21 10:21:04] production.INFO: array (
  'sendNotification Android END' => '{"multicast_id":8188098164052455722,"success":0,"failure":1,"canonical_ids":0,"results":[{"error":"NotRegistered"}]}',
)  
[2019-02-21 10:21:04] production.INFO: array (
  'sendNotification Android END' => '{"multicast_id":8188098164052455722,"success":0,"failure":1,"canonical_ids":0,"results":[{"error":"NotRegistered"}]}',
)  
[2019-02-21 10:21:04] production.INFO: array (
  'sendNotification Android END' => '{"multicast_id":8188098164052455722,"success":0,"failure":1,"canonical_ids":0,"results":[{"error":"NotRegistered"}]}',
)  
[2019-02-21 10:21:04] production.INFO: array (
  0 => 'sendNotification Android START',
)  
[2019-02-21 10:21:04] production.INFO: array (
  0 => 'sendNotification Android START',
)  
[2019-02-21 10:21:04] production.INFO: array (
  0 => 'sendNotification Android START',
)  
[2019-02-21 10:21:04] production.INFO: array (
  0 => 'sendNotification Android START',
)  
[2019-02-21 10:21:04] production.INFO: array (
  0 => 'sendNotification Android START',
)  
[2019-02-21 10:21:04] production.INFO: array (
  0 => 'sendNotification Android START',
)  
[2019-02-21 10:21:04] production.INFO: array (
  0 => 'sendNotification Android START',
)  
[2019-02-21 10:21:04] production.INFO: array (
  'sendNotification Android END' => '{"multicast_id":8452686304714012118,"success":0,"failure":1,"canonical_ids":0,"results":[{"error":"NotRegistered"}]}',
)  
[2019-02-21 10:21:04] production.INFO: array (
  'sendNotification Android END' => '{"multicast_id":8452686304714012118,"success":0,"failure":1,"canonical_ids":0,"results":[{"error":"NotRegistered"}]}',
)  
[2019-02-21 10:21:04] production.INFO: array (
  'sendNotification Android END' => '{"multicast_id":8452686304714012118,"success":0,"failure":1,"canonical_ids":0,"results":[{"error":"NotRegistered"}]}',
)  
[2019-02-21 10:21:04] production.INFO: array (
  'sendNotification Android END' => '{"multicast_id":8452686304714012118,"success":0,"failure":1,"canonical_ids":0,"results":[{"error":"NotRegistered"}]}',
)  
[2019-02-21 10:21:04] production.INFO: array (
  'sendNotification Android END' => '{"multicast_id":8452686304714012118,"success":0,"failure":1,"canonical_ids":0,"results":[{"error":"NotRegistered"}]}',
)  
[2019-02-21 10:21:04] production.INFO: array (
  'sendNotification Android END' => '{"multicast_id":8452686304714012118,"success":0,"failure":1,"canonical_ids":0,"results":[{"error":"NotRegistered"}]}',
)  
[2019-02-21 10:21:04] production.INFO: array (
  'sendNotification Android END' => '{"multicast_id":8452686304714012118,"success":0,"failure":1,"canonical_ids":0,"results":[{"error":"NotRegistered"}]}',
)  
[2019-02-21 10:21:04] production.INFO: array (
  0 => 'sendNotification Android START',
)  
[2019-02-21 10:21:04] production.INFO: array (
  0 => 'sendNotification Android START',
)  
[2019-02-21 10:21:04] production.INFO: array (
  0 => 'sendNotification Android START',
)  
[2019-02-21 10:21:04] production.INFO: array (
  0 => 'sendNotification Android START',
)  
[2019-02-21 10:21:04] production.INFO: array (
  0 => 'sendNotification Android START',
)  
[2019-02-21 10:21:04] production.INFO: array (
  0 => 'sendNotification Android START',
)  
[2019-02-21 10:21:04] production.INFO: array (
  0 => 'sendNotification Android START',
)  
[2019-02-21 10:21:04] production.INFO: array (
  0 => 'sendNotification Android START',
)  
[2019-02-21 10:21:04] production.INFO: array (
  'sendNotification Android END' => '{"multicast_id":8277370094614917277,"success":0,"failure":1,"canonical_ids":0,"results":[{"error":"NotRegistered"}]}',
)  
[2019-02-21 10:21:04] production.INFO: array (
  'sendNotification Android END' => '{"multicast_id":8277370094614917277,"success":0,"failure":1,"canonical_ids":0,"results":[{"error":"NotRegistered"}]}',
)  
[2019-02-21 10:21:04] production.INFO: array (
  'sendNotification Android END' => '{"multicast_id":8277370094614917277,"success":0,"failure":1,"canonical_ids":0,"results":[{"error":"NotRegistered"}]}',
)  
[2019-02-21 10:21:04] production.INFO: array (
  'sendNotification Android END' => '{"multicast_id":8277370094614917277,"success":0,"failure":1,"canonical_ids":0,"results":[{"error":"NotRegistered"}]}',
)  
[2019-02-21 10:21:04] production.INFO: array (
  'sendNotification Android END' => '{"multicast_id":8277370094614917277,"success":0,"failure":1,"canonical_ids":0,"results":[{"error":"NotRegistered"}]}',
)  
[2019-02-21 10:21:04] production.INFO: array (
  'sendNotification Android END' => '{"multicast_id":8277370094614917277,"success":0,"failure":1,"canonical_ids":0,"results":[{"error":"NotRegistered"}]}',
)  
[2019-02-21 10:21:04] production.INFO: array (
  'sendNotification Android END' => '{"multicast_id":8277370094614917277,"success":0,"failure":1,"canonical_ids":0,"results":[{"error":"NotRegistered"}]}',
)  
[2019-02-21 10:21:04] production.INFO: array (
  'sendNotification Android END' => '{"multicast_id":8277370094614917277,"success":0,"failure":1,"canonical_ids":0,"results":[{"error":"NotRegistered"}]}',
)  
[2019-02-21 10:21:04] production.INFO: array (
  0 => 'sendNotification Android START',
)  
[2019-02-21 10:21:04] production.INFO: array (
  0 => 'sendNotification Android START',
)  
[2019-02-21 10:21:04] production.INFO: array (
  0 => 'sendNotification Android START',
)  
[2019-02-21 10:21:04] production.INFO: array (
  0 => 'sendNotification Android START',
)  
[2019-02-21 10:21:04] production.INFO: array (
  0 => 'sendNotification Android START',
)  
[2019-02-21 10:21:04] production.INFO: array (
  0 => 'sendNotification Android START',
)  
[2019-02-21 10:21:04] production.INFO: array (
  0 => 'sendNotification Android START',
)  
[2019-02-21 10:21:04] production.INFO: array (
  0 => 'sendNotification Android START',
)  
[2019-02-21 10:21:04] production.INFO: array (
  0 => 'sendNotification Android START',
)  
[2019-02-21 10:21:04] production.INFO: array (
  'sendNotification Android END' => '{"multicast_id":7251837969086795665,"success":0,"failure":1,"canonical_ids":0,"results":[{"error":"NotRegistered"}]}',
)  
[2019-02-21 10:21:04] production.INFO: array (
  'sendNotification Android END' => '{"multicast_id":7251837969086795665,"success":0,"failure":1,"canonical_ids":0,"results":[{"error":"NotRegistered"}]}',
)  
[2019-02-21 10:21:04] production.INFO: array (
  'sendNotification Android END' => '{"multicast_id":7251837969086795665,"success":0,"failure":1,"canonical_ids":0,"results":[{"error":"NotRegistered"}]}',
)  
[2019-02-21 10:21:04] production.INFO: array (
  'sendNotification Android END' => '{"multicast_id":7251837969086795665,"success":0,"failure":1,"canonical_ids":0,"results":[{"error":"NotRegistered"}]}',
)  
[2019-02-21 10:21:04] production.INFO: array (
  'sendNotification Android END' => '{"multicast_id":7251837969086795665,"success":0,"failure":1,"canonical_ids":0,"results":[{"error":"NotRegistered"}]}',
)  
[2019-02-21 10:21:04] production.INFO: array (
  'sendNotification Android END' => '{"multicast_id":7251837969086795665,"success":0,"failure":1,"canonical_ids":0,"results":[{"error":"NotRegistered"}]}',
)  
[2019-02-21 10:21:04] production.INFO: array (
  'sendNotification Android END' => '{"multicast_id":7251837969086795665,"success":0,"failure":1,"canonical_ids":0,"results":[{"error":"NotRegistered"}]}',
)  
[2019-02-21 10:21:04] production.INFO: array (
  'sendNotification Android END' => '{"multicast_id":7251837969086795665,"success":0,"failure":1,"canonical_ids":0,"results":[{"error":"NotRegistered"}]}',
)  
[2019-02-21 10:21:04] production.INFO: array (
  'sendNotification Android END' => '{"multicast_id":7251837969086795665,"success":0,"failure":1,"canonical_ids":0,"results":[{"error":"NotRegistered"}]}',
)  
[2019-02-21 10:25:38] production.INFO: array (
  0 => 'sendNotification Android START',
)  
[2019-02-21 10:25:38] production.INFO: array (
  'sendNotification Android END' => '{"multicast_id":8524782993565063712,"success":1,"failure":0,"canonical_ids":0,"results":[{"message_id":"0:1550744738433914%5f25f726f9fd7ecd"}]}',
)  
[2019-02-21 10:29:24] production.INFO: array (
  0 => 'sendNotification Android START',
)  
[2019-02-21 10:29:24] production.INFO: array (
  'sendNotification Android END' => '{"multicast_id":8097906864026390186,"success":1,"failure":0,"canonical_ids":0,"results":[{"message_id":"0:1550744964332391%5f25f726f9fd7ecd"}]}',
)  
[2019-02-21 10:29:24] production.INFO: array (
  0 => 'sendNotification Android START',
)  
[2019-02-21 10:29:24] production.INFO: array (
  0 => 'sendNotification Android START',
)  
[2019-02-21 10:29:24] production.INFO: array (
  'sendNotification Android END' => '{"multicast_id":4629092394355298115,"success":0,"failure":1,"canonical_ids":0,"results":[{"error":"NotRegistered"}]}',
)  
[2019-02-21 10:29:24] production.INFO: array (
  'sendNotification Android END' => '{"multicast_id":4629092394355298115,"success":0,"failure":1,"canonical_ids":0,"results":[{"error":"NotRegistered"}]}',
)  
[2019-02-21 10:29:24] production.INFO: array (
  0 => 'sendNotification Android START',
)  
[2019-02-21 10:29:24] production.INFO: array (
  0 => 'sendNotification Android START',
)  
[2019-02-21 10:29:24] production.INFO: array (
  0 => 'sendNotification Android START',
)  
[2019-02-21 10:29:24] production.INFO: array (
  'sendNotification Android END' => '{"multicast_id":5267751511035684407,"success":1,"failure":0,"canonical_ids":0,"results":[{"message_id":"0:1550744964420183%3bf400aaf9fd7ecd"}]}',
)  
[2019-02-21 10:29:24] production.INFO: array (
  'sendNotification Android END' => '{"multicast_id":5267751511035684407,"success":1,"failure":0,"canonical_ids":0,"results":[{"message_id":"0:1550744964420183%3bf400aaf9fd7ecd"}]}',
)  
[2019-02-21 10:29:24] production.INFO: array (
  'sendNotification Android END' => '{"multicast_id":5267751511035684407,"success":1,"failure":0,"canonical_ids":0,"results":[{"message_id":"0:1550744964420183%3bf400aaf9fd7ecd"}]}',
)  
[2019-02-21 13:19:15] production.INFO: array (
  0 => 'sendNotification Android START',
)  
[2019-02-21 13:19:15] production.INFO: array (
  'sendNotification Android END' => '{"multicast_id":6440198132555780126,"success":1,"failure":0,"canonical_ids":0,"results":[{"message_id":"0:1550755155287013%5f25f726f9fd7ecd"}]}',
)  
[2019-02-21 13:40:16] production.INFO: array (
  0 => 'sendNotification Android START',
)  
[2019-02-21 13:40:16] production.INFO: array (
  'sendNotification Android END' => '{"multicast_id":6241145574422613662,"success":1,"failure":0,"canonical_ids":0,"results":[{"message_id":"0:1550756416642022%5f25f726f9fd7ecd"}]}',
)  
[2019-02-21 17:40:40] production.INFO: array (
  0 => 'sendNotification Android START',
)  
[2019-02-21 17:40:40] production.INFO: array (
  'sendNotification Android END' => '{"multicast_id":7273477815301933809,"success":1,"failure":0,"canonical_ids":0,"results":[{"message_id":"0:1550770840477846%5f25f726f9fd7ecd"}]}',
)  
[2019-02-21 17:41:27] production.INFO: array (
  0 => 'sendNotification Android START',
)  
[2019-02-21 17:41:27] production.INFO: array (
  'sendNotification Android END' => '{"multicast_id":8976275543050532450,"success":0,"failure":1,"canonical_ids":0,"results":[{"error":"NotRegistered"}]}',
)  
[2019-02-21 17:41:28] production.INFO: array (
  0 => 'sendNotification Android START',
)  
[2019-02-21 17:41:28] production.INFO: array (
  0 => 'sendNotification Android START',
)  
[2019-02-21 17:41:28] production.INFO: array (
  0 => 'sendNotification Android START',
)  
[2019-02-21 17:41:28] production.INFO: array (
  0 => 'sendNotification Android START',
)  
[2019-02-21 17:41:28] production.INFO: array (
  'sendNotification Android END' => '{"multicast_id":7648844113791769125,"success":0,"failure":1,"canonical_ids":0,"results":[{"error":"NotRegistered"}]}',
)  
[2019-02-21 17:41:28] production.INFO: array (
  'sendNotification Android END' => '{"multicast_id":7648844113791769125,"success":0,"failure":1,"canonical_ids":0,"results":[{"error":"NotRegistered"}]}',
)  
[2019-02-21 17:41:28] production.INFO: array (
  'sendNotification Android END' => '{"multicast_id":7648844113791769125,"success":0,"failure":1,"canonical_ids":0,"results":[{"error":"NotRegistered"}]}',
)  
[2019-02-21 17:41:28] production.INFO: array (
  'sendNotification Android END' => '{"multicast_id":7648844113791769125,"success":0,"failure":1,"canonical_ids":0,"results":[{"error":"NotRegistered"}]}',
)  
[2019-02-21 17:41:28] production.INFO: array (
  0 => 'sendNotification Android START',
)  
[2019-02-21 17:41:28] production.INFO: array (
  0 => 'sendNotification Android START',
)  
[2019-02-21 17:41:28] production.INFO: array (
  0 => 'sendNotification Android START',
)  
[2019-02-21 17:41:28] production.INFO: array (
  0 => 'sendNotification Android START',
)  
[2019-02-21 17:41:28] production.INFO: array (
  0 => 'sendNotification Android START',
)  
[2019-02-21 17:41:28] production.INFO: array (
  0 => 'sendNotification Android START',
)  
[2019-02-21 17:41:28] production.INFO: array (
  0 => 'sendNotification Android START',
)  
[2019-02-21 17:41:28] production.INFO: array (
  'sendNotification Android END' => '{"multicast_id":6317500175288638854,"success":0,"failure":1,"canonical_ids":0,"results":[{"error":"NotRegistered"}]}',
)  
[2019-02-21 17:41:28] production.INFO: array (
  'sendNotification Android END' => '{"multicast_id":6317500175288638854,"success":0,"failure":1,"canonical_ids":0,"results":[{"error":"NotRegistered"}]}',
)  
[2019-02-21 17:41:28] production.INFO: array (
  'sendNotification Android END' => '{"multicast_id":6317500175288638854,"success":0,"failure":1,"canonical_ids":0,"results":[{"error":"NotRegistered"}]}',
)  
[2019-02-21 17:41:28] production.INFO: array (
  'sendNotification Android END' => '{"multicast_id":6317500175288638854,"success":0,"failure":1,"canonical_ids":0,"results":[{"error":"NotRegistered"}]}',
)  
[2019-02-21 17:41:28] production.INFO: array (
  'sendNotification Android END' => '{"multicast_id":6317500175288638854,"success":0,"failure":1,"canonical_ids":0,"results":[{"error":"NotRegistered"}]}',
)  
[2019-02-21 17:41:28] production.INFO: array (
  'sendNotification Android END' => '{"multicast_id":6317500175288638854,"success":0,"failure":1,"canonical_ids":0,"results":[{"error":"NotRegistered"}]}',
)  
[2019-02-21 17:41:28] production.INFO: array (
  'sendNotification Android END' => '{"multicast_id":6317500175288638854,"success":0,"failure":1,"canonical_ids":0,"results":[{"error":"NotRegistered"}]}',
)  
[2019-02-21 17:59:11] production.INFO: array (
  0 => 'sendNotification Android START',
)  
[2019-02-21 17:59:11] production.INFO: array (
  'sendNotification Android END' => '{"multicast_id":6738195579293718896,"success":0,"failure":1,"canonical_ids":0,"results":[{"error":"MismatchSenderId"}]}',
)  
[2019-02-21 17:59:11] production.INFO: array (
  0 => 'sendNotification Android START',
)  
[2019-02-21 17:59:11] production.INFO: array (
  0 => 'sendNotification Android START',
)  
[2019-02-21 17:59:11] production.INFO: array (
  'sendNotification Android END' => '{"multicast_id":5874455208921025619,"success":0,"failure":1,"canonical_ids":0,"results":[{"error":"NotRegistered"}]}',
)  
[2019-02-21 17:59:11] production.INFO: array (
  'sendNotification Android END' => '{"multicast_id":5874455208921025619,"success":0,"failure":1,"canonical_ids":0,"results":[{"error":"NotRegistered"}]}',
)  
[2019-02-21 17:59:11] production.INFO: array (
  0 => 'sendNotification Android START',
)  
[2019-02-21 17:59:11] production.INFO: array (
  0 => 'sendNotification Android START',
)  
[2019-02-21 17:59:11] production.INFO: array (
  0 => 'sendNotification Android START',
)  
[2019-02-21 17:59:11] production.INFO: array (
  'sendNotification Android END' => '{"multicast_id":6263896033017668005,"success":1,"failure":0,"canonical_ids":0,"results":[{"message_id":"0:1550771951563381%3bf400aaf9fd7ecd"}]}',
)  
[2019-02-21 17:59:11] production.INFO: array (
  'sendNotification Android END' => '{"multicast_id":6263896033017668005,"success":1,"failure":0,"canonical_ids":0,"results":[{"message_id":"0:1550771951563381%3bf400aaf9fd7ecd"}]}',
)  
[2019-02-21 17:59:11] production.INFO: array (
  'sendNotification Android END' => '{"multicast_id":6263896033017668005,"success":1,"failure":0,"canonical_ids":0,"results":[{"message_id":"0:1550771951563381%3bf400aaf9fd7ecd"}]}',
)  
[2019-02-21 17:59:11] production.INFO: array (
  0 => 'sendNotification Android START',
)  
[2019-02-21 17:59:11] production.INFO: array (
  0 => 'sendNotification Android START',
)  
[2019-02-21 17:59:11] production.INFO: array (
  0 => 'sendNotification Android START',
)  
[2019-02-21 17:59:11] production.INFO: array (
  0 => 'sendNotification Android START',
)  
[2019-02-21 17:59:11] production.INFO: array (
  'sendNotification Android END' => '{"multicast_id":6200682086197025744,"success":0,"failure":1,"canonical_ids":0,"results":[{"error":"NotRegistered"}]}',
)  
[2019-02-21 17:59:11] production.INFO: array (
  'sendNotification Android END' => '{"multicast_id":6200682086197025744,"success":0,"failure":1,"canonical_ids":0,"results":[{"error":"NotRegistered"}]}',
)  
[2019-02-21 17:59:11] production.INFO: array (
  'sendNotification Android END' => '{"multicast_id":6200682086197025744,"success":0,"failure":1,"canonical_ids":0,"results":[{"error":"NotRegistered"}]}',
)  
[2019-02-21 17:59:11] production.INFO: array (
  'sendNotification Android END' => '{"multicast_id":6200682086197025744,"success":0,"failure":1,"canonical_ids":0,"results":[{"error":"NotRegistered"}]}',
)  
[2019-02-21 17:59:11] production.INFO: array (
  0 => 'sendNotification Android START',
)  
[2019-02-21 17:59:11] production.INFO: array (
  0 => 'sendNotification Android START',
)  
[2019-02-21 17:59:11] production.INFO: array (
  0 => 'sendNotification Android START',
)  
[2019-02-21 17:59:11] production.INFO: array (
  0 => 'sendNotification Android START',
)  
[2019-02-21 17:59:11] production.INFO: array (
  0 => 'sendNotification Android START',
)  
[2019-02-21 17:59:11] production.INFO: array (
  'sendNotification Android END' => '{"multicast_id":7815463566259980200,"success":0,"failure":1,"canonical_ids":0,"results":[{"error":"NotRegistered"}]}',
)  
[2019-02-21 17:59:11] production.INFO: array (
  'sendNotification Android END' => '{"multicast_id":7815463566259980200,"success":0,"failure":1,"canonical_ids":0,"results":[{"error":"NotRegistered"}]}',
)  
[2019-02-21 17:59:11] production.INFO: array (
  'sendNotification Android END' => '{"multicast_id":7815463566259980200,"success":0,"failure":1,"canonical_ids":0,"results":[{"error":"NotRegistered"}]}',
)  
[2019-02-21 17:59:11] production.INFO: array (
  'sendNotification Android END' => '{"multicast_id":7815463566259980200,"success":0,"failure":1,"canonical_ids":0,"results":[{"error":"NotRegistered"}]}',
)  
[2019-02-21 17:59:11] production.INFO: array (
  'sendNotification Android END' => '{"multicast_id":7815463566259980200,"success":0,"failure":1,"canonical_ids":0,"results":[{"error":"NotRegistered"}]}',
)  
[2019-02-21 17:59:11] production.INFO: array (
  0 => 'sendNotification Android START',
)  
[2019-02-21 17:59:11] production.INFO: array (
  0 => 'sendNotification Android START',
)  
[2019-02-21 17:59:11] production.INFO: array (
  0 => 'sendNotification Android START',
)  
[2019-02-21 17:59:11] production.INFO: array (
  0 => 'sendNotification Android START',
)  
[2019-02-21 17:59:11] production.INFO: array (
  0 => 'sendNotification Android START',
)  
[2019-02-21 17:59:11] production.INFO: array (
  0 => 'sendNotification Android START',
)  
[2019-02-21 17:59:11] production.INFO: array (
  'sendNotification Android END' => '{"multicast_id":7345654146023663382,"success":0,"failure":1,"canonical_ids":0,"results":[{"error":"NotRegistered"}]}',
)  
[2019-02-21 17:59:11] production.INFO: array (
  'sendNotification Android END' => '{"multicast_id":7345654146023663382,"success":0,"failure":1,"canonical_ids":0,"results":[{"error":"NotRegistered"}]}',
)  
[2019-02-21 17:59:11] production.INFO: array (
  'sendNotification Android END' => '{"multicast_id":7345654146023663382,"success":0,"failure":1,"canonical_ids":0,"results":[{"error":"NotRegistered"}]}',
)  
[2019-02-21 17:59:11] production.INFO: array (
  'sendNotification Android END' => '{"multicast_id":7345654146023663382,"success":0,"failure":1,"canonical_ids":0,"results":[{"error":"NotRegistered"}]}',
)  
[2019-02-21 17:59:11] production.INFO: array (
  'sendNotification Android END' => '{"multicast_id":7345654146023663382,"success":0,"failure":1,"canonical_ids":0,"results":[{"error":"NotRegistered"}]}',
)  
[2019-02-21 17:59:11] production.INFO: array (
  'sendNotification Android END' => '{"multicast_id":7345654146023663382,"success":0,"failure":1,"canonical_ids":0,"results":[{"error":"NotRegistered"}]}',
)  
[2019-02-21 17:59:11] production.INFO: array (
  0 => 'sendNotification Android START',
)  
[2019-02-21 17:59:11] production.INFO: array (
  0 => 'sendNotification Android START',
)  
[2019-02-21 17:59:11] production.INFO: array (
  0 => 'sendNotification Android START',
)  
[2019-02-21 17:59:11] production.INFO: array (
  0 => 'sendNotification Android START',
)  
[2019-02-21 17:59:11] production.INFO: array (
  0 => 'sendNotification Android START',
)  
[2019-02-21 17:59:11] production.INFO: array (
  0 => 'sendNotification Android START',
)  
[2019-02-21 17:59:11] production.INFO: array (
  0 => 'sendNotification Android START',
)  
[2019-02-21 17:59:11] production.INFO: array (
  'sendNotification Android END' => '{"multicast_id":4916140287938583884,"success":0,"failure":1,"canonical_ids":0,"results":[{"error":"NotRegistered"}]}',
)  
[2019-02-21 17:59:11] production.INFO: array (
  'sendNotification Android END' => '{"multicast_id":4916140287938583884,"success":0,"failure":1,"canonical_ids":0,"results":[{"error":"NotRegistered"}]}',
)  
[2019-02-21 17:59:11] production.INFO: array (
  'sendNotification Android END' => '{"multicast_id":4916140287938583884,"success":0,"failure":1,"canonical_ids":0,"results":[{"error":"NotRegistered"}]}',
)  
[2019-02-21 17:59:11] production.INFO: array (
  'sendNotification Android END' => '{"multicast_id":4916140287938583884,"success":0,"failure":1,"canonical_ids":0,"results":[{"error":"NotRegistered"}]}',
)  
[2019-02-21 17:59:11] production.INFO: array (
  'sendNotification Android END' => '{"multicast_id":4916140287938583884,"success":0,"failure":1,"canonical_ids":0,"results":[{"error":"NotRegistered"}]}',
)  
[2019-02-21 17:59:11] production.INFO: array (
  'sendNotification Android END' => '{"multicast_id":4916140287938583884,"success":0,"failure":1,"canonical_ids":0,"results":[{"error":"NotRegistered"}]}',
)  
[2019-02-21 17:59:11] production.INFO: array (
  'sendNotification Android END' => '{"multicast_id":4916140287938583884,"success":0,"failure":1,"canonical_ids":0,"results":[{"error":"NotRegistered"}]}',
)  
[2019-02-21 17:59:11] production.INFO: array (
  0 => 'sendNotification Android START',
)  
[2019-02-21 17:59:11] production.INFO: array (
  0 => 'sendNotification Android START',
)  
[2019-02-21 17:59:11] production.INFO: array (
  0 => 'sendNotification Android START',
)  
[2019-02-21 17:59:11] production.INFO: array (
  0 => 'sendNotification Android START',
)  
[2019-02-21 17:59:11] production.INFO: array (
  0 => 'sendNotification Android START',
)  
[2019-02-21 17:59:11] production.INFO: array (
  0 => 'sendNotification Android START',
)  
[2019-02-21 17:59:11] production.INFO: array (
  0 => 'sendNotification Android START',
)  
[2019-02-21 17:59:11] production.INFO: array (
  0 => 'sendNotification Android START',
)  
[2019-02-21 17:59:11] production.INFO: array (
  'sendNotification Android END' => '{"multicast_id":8843056129783804405,"success":0,"failure":1,"canonical_ids":0,"results":[{"error":"NotRegistered"}]}',
)  
[2019-02-21 17:59:11] production.INFO: array (
  'sendNotification Android END' => '{"multicast_id":8843056129783804405,"success":0,"failure":1,"canonical_ids":0,"results":[{"error":"NotRegistered"}]}',
)  
[2019-02-21 17:59:11] production.INFO: array (
  'sendNotification Android END' => '{"multicast_id":8843056129783804405,"success":0,"failure":1,"canonical_ids":0,"results":[{"error":"NotRegistered"}]}',
)  
[2019-02-21 17:59:11] production.INFO: array (
  'sendNotification Android END' => '{"multicast_id":8843056129783804405,"success":0,"failure":1,"canonical_ids":0,"results":[{"error":"NotRegistered"}]}',
)  
[2019-02-21 17:59:11] production.INFO: array (
  'sendNotification Android END' => '{"multicast_id":8843056129783804405,"success":0,"failure":1,"canonical_ids":0,"results":[{"error":"NotRegistered"}]}',
)  
[2019-02-21 17:59:11] production.INFO: array (
  'sendNotification Android END' => '{"multicast_id":8843056129783804405,"success":0,"failure":1,"canonical_ids":0,"results":[{"error":"NotRegistered"}]}',
)  
[2019-02-21 17:59:11] production.INFO: array (
  'sendNotification Android END' => '{"multicast_id":8843056129783804405,"success":0,"failure":1,"canonical_ids":0,"results":[{"error":"NotRegistered"}]}',
)  
[2019-02-21 17:59:11] production.INFO: array (
  'sendNotification Android END' => '{"multicast_id":8843056129783804405,"success":0,"failure":1,"canonical_ids":0,"results":[{"error":"NotRegistered"}]}',
)  
