[2018-04-18 08:17:21] production.INFO: array (
  0 => 'User\'s Car Added {Car Trim ID: 35197 User ID: 1339}',
)  
[2018-04-18 08:17:22] production.INFO: Broadcasting [booking-event] on channels [private-booking-channel] with payload:
{
    "username": "Philemon Okyere Danquah",
    "message": "One more Booking is in list",
    "socket": null
}  
[2018-04-18 08:17:23] production.INFO: array (
  0 => 'Booking Added {Booking: 1 User ID: 1339}',
)  
[2018-04-18 08:17:23] production.INFO: array (
  0 => 'Booking Added {Booking: 1 User ID: 1339}',
)  
[2018-04-18 09:40:03] production.ERROR: array (
  'Request' => 
  array (
    'device' => 'android',
    'device_token' => 'e--pt9jlYDw:APA91bEEHp_fH8lCO4QfiIAXhJGqDMB26wB9Qgkm3udyxFr3E8iHf7kuNqBXD0ixmtAfry71FHyYm86lawPltDXrHpjxTKTk4x2LteWEqeJybFL2mKMXIkj3jIRQP4ZMkSpT4BEEQGZC',
    'user_id' => 1388,
  ),
)  
[2018-04-18 16:59:11] production.ERROR: array (
  'Request' => 
  array (
    'device' => 'android',
    'device_token' => 'cwhXOOrJg8I:APA91bGa0qBpOJWXNFtOIEozXiV6gNfFnSAFPomY4TlThC6aXJOwbUBqy9E2FhTn5VY2H6w5QPlj5tIV3z15XeYw6HAJEkqY_BDe2H6L29hAxfYUR5czjrx5BVSqAxKUyQfC8az5-D9T',
    'user_id' => 1389,
  ),
)  
