[2018-03-31 08:05:33] production.ERROR: array (
  'Request' => 
  array (
    'device' => 'android',
    'device_token' => 'cjwGWXTrx0U:APA91bE6L-PrOvqMR5GAEXcJXdHvX3-I2ectM94j6g6b6TF_2Ckkg-_Q6eynRa0EaFZGkeVarE12WG6S0FERHmmexAd0-_CMIfa1EPKELNmebWBd6WNXyPYOjbllOvo9pRx_CdXOYe3k',
    'user_id' => 3,
  ),
)  
[2018-03-31 08:43:44] production.ERROR: array (
  'Request' => 
  array (
    'device' => 'iOS',
    'device_token' => '7be4bed3c34e7b25af220160843fc9a79fb3c7959039aca5220db93f87c1b646',
    'user_id' => 1357,
  ),
)  
[2018-03-31 09:34:34] production.ERROR: array (
  'Request' => 
  array (
    'device_token' => 'cCdwI_PvJFw:APA91bHSJOWgZjCAKy_MDn_0DCsWKZLM7ylHl4d_oSecc9qL5LPYuqqwnpaMxv19Zv7h3_FWMVGmQaZV4KddwcDT1jExmwtaj5UHGkfW4yWdu57KGTOCOM9oJsK6By_NbF9G239Lc1vA',
    'device' => 'android',
    'user_id' => 1358,
  ),
)  
[2018-03-31 13:11:53] production.ERROR: array (
  'Request' => 
  array (
    'device' => 'android',
    'device_token' => 'f0a6un4U25M:APA91bGtv2s32EUadPAJWadlFn_yIFpvRpfL2uDVQcGeki2_H73jUuNXF6zu6RyeOfpMyks9hmW1pW1MGFUN95GjMc6HUGeXo79HtngTaYsc6UtCzF0Pa0eiFWMRQhIbSzLGaTB55dMb',
    'user_id' => 1359,
  ),
)  
[2018-03-31 19:06:04] production.ERROR: array (
  'Request' => 
  array (
    'device' => 'android',
    'device_token' => 'fZFoo_LOEBw:APA91bFnKhrjUpWt4xJk70EGiuGDZDxWyjD9mcNdjkGRkTgBxuW48MptTH_1DxD0uQGmxNlJEnk7A-_gxY5RzLAdsDaEWoRvd_CbFfh7167tSAi2scMTSnlaQccXdAX0VptMa2ZBrOFV',
    'user_id' => 1360,
  ),
)  
[2018-03-31 21:37:39] production.ERROR: array (
  'Request' => 
  array (
    'device' => 'android',
    'device_token' => 'cxFT8FhlQ-M:APA91bHfihNAW7_ORzmQnFk77zIvO2sk6yFnN2hol1U1e5qnV9Q4ESFQZ1X-SlfQUskw8Ka-PYfYjcnbMGfpJH00JOZpAhpOU4t3qU5u1h24xYfH1P6gvhVX_yITfBODplQvEmBbefqu',
    'user_id' => 750,
  ),
)  
