[2019-02-03 08:23:27] production.INFO: array (
  0 => 'sendNotification Android START',
)  
[2019-02-03 08:23:27] production.INFO: array (
  0 => 'sendNotification Android START',
)  
[2019-02-03 08:23:27] production.INFO: array (
  'sendNotification Android END' => '{"multicast_id":7862991523875653006,"success":0,"failure":1,"canonical_ids":0,"results":[{"error":"NotRegistered"}]}',
)  
[2019-02-03 08:23:27] production.INFO: array (
  'sendNotification Android END' => '{"multicast_id":7862991523875653006,"success":0,"failure":1,"canonical_ids":0,"results":[{"error":"NotRegistered"}]}',
)  
[2019-02-03 08:23:27] production.INFO: array (
  0 => 'sendNotification Android START',
)  
[2019-02-03 08:23:27] production.INFO: array (
  0 => 'sendNotification Android START',
)  
[2019-02-03 08:23:27] production.INFO: array (
  0 => 'sendNotification Android START',
)  
[2019-02-03 08:23:27] production.INFO: array (
  'sendNotification Android END' => '{"multicast_id":7380425214822854612,"success":1,"failure":0,"canonical_ids":0,"results":[{"message_id":"0:1549182207470054%3bf400aaf9fd7ecd"}]}',
)  
[2019-02-03 08:23:27] production.INFO: array (
  'sendNotification Android END' => '{"multicast_id":7380425214822854612,"success":1,"failure":0,"canonical_ids":0,"results":[{"message_id":"0:1549182207470054%3bf400aaf9fd7ecd"}]}',
)  
[2019-02-03 08:23:27] production.INFO: array (
  'sendNotification Android END' => '{"multicast_id":7380425214822854612,"success":1,"failure":0,"canonical_ids":0,"results":[{"message_id":"0:1549182207470054%3bf400aaf9fd7ecd"}]}',
)  
[2019-02-03 08:23:27] production.INFO: array (
  0 => 'sendNotification Android START',
)  
[2019-02-03 08:23:27] production.INFO: array (
  0 => 'sendNotification Android START',
)  
[2019-02-03 08:23:27] production.INFO: array (
  0 => 'sendNotification Android START',
)  
[2019-02-03 08:23:27] production.INFO: array (
  0 => 'sendNotification Android START',
)  
[2019-02-03 08:23:27] production.INFO: array (
  'sendNotification Android END' => '{"multicast_id":8786499569925638032,"success":0,"failure":1,"canonical_ids":0,"results":[{"error":"NotRegistered"}]}',
)  
[2019-02-03 08:23:27] production.INFO: array (
  'sendNotification Android END' => '{"multicast_id":8786499569925638032,"success":0,"failure":1,"canonical_ids":0,"results":[{"error":"NotRegistered"}]}',
)  
[2019-02-03 08:23:27] production.INFO: array (
  'sendNotification Android END' => '{"multicast_id":8786499569925638032,"success":0,"failure":1,"canonical_ids":0,"results":[{"error":"NotRegistered"}]}',
)  
[2019-02-03 08:23:27] production.INFO: array (
  'sendNotification Android END' => '{"multicast_id":8786499569925638032,"success":0,"failure":1,"canonical_ids":0,"results":[{"error":"NotRegistered"}]}',
)  
[2019-02-03 08:23:27] production.INFO: array (
  0 => 'sendNotification Android START',
)  
[2019-02-03 08:23:27] production.INFO: array (
  0 => 'sendNotification Android START',
)  
[2019-02-03 08:23:27] production.INFO: array (
  0 => 'sendNotification Android START',
)  
[2019-02-03 08:23:27] production.INFO: array (
  0 => 'sendNotification Android START',
)  
[2019-02-03 08:23:27] production.INFO: array (
  0 => 'sendNotification Android START',
)  
[2019-02-03 08:23:27] production.INFO: array (
  'sendNotification Android END' => '{"multicast_id":6564639896426656906,"success":1,"failure":0,"canonical_ids":0,"results":[{"message_id":"0:1549182207547184%3bf400aaf9fd7ecd"}]}',
)  
[2019-02-03 08:23:27] production.INFO: array (
  'sendNotification Android END' => '{"multicast_id":6564639896426656906,"success":1,"failure":0,"canonical_ids":0,"results":[{"message_id":"0:1549182207547184%3bf400aaf9fd7ecd"}]}',
)  
[2019-02-03 08:23:27] production.INFO: array (
  'sendNotification Android END' => '{"multicast_id":6564639896426656906,"success":1,"failure":0,"canonical_ids":0,"results":[{"message_id":"0:1549182207547184%3bf400aaf9fd7ecd"}]}',
)  
[2019-02-03 08:23:27] production.INFO: array (
  'sendNotification Android END' => '{"multicast_id":6564639896426656906,"success":1,"failure":0,"canonical_ids":0,"results":[{"message_id":"0:1549182207547184%3bf400aaf9fd7ecd"}]}',
)  
[2019-02-03 08:23:27] production.INFO: array (
  'sendNotification Android END' => '{"multicast_id":6564639896426656906,"success":1,"failure":0,"canonical_ids":0,"results":[{"message_id":"0:1549182207547184%3bf400aaf9fd7ecd"}]}',
)  
[2019-02-03 20:47:30] production.ERROR: array (
  'Request' => 
  array (
    'device' => 'iOS',
    'device_token' => '73fb3448c739da640b4b04bebb4e1b3793a96e1f9a1160eb0e3bb28d5eec4543',
    'user_id' => 2204,
  ),
)  
