[2019-01-20 04:14:51] production.ERROR: array (
  'Request' => 
  array (
    'device_token' => 'cGcrKK8DyhQ:APA91bEcQxvjcyEahuSU2qzchoasETN_l7RtAhJib58ksWFis4rsaCcojvS7ckF-CYXSCdy0oEdj0VVEkBbQG5y-u45nCuWQDT1Is2fG7CAFjKuedd9IFgyU7PvV40F9WLxMCjrl4337',
    'device' => 'android',
    'user_id' => 2144,
  ),
)  
[2019-01-20 10:06:46] production.INFO: array (
  0 => 'sendNotification Android START',
)  
[2019-01-20 10:06:46] production.INFO: array (
  0 => 'sendNotification Android START',
)  
[2019-01-20 10:06:46] production.INFO: array (
  'sendNotification Android END' => '{"multicast_id":8832825441874116507,"success":1,"failure":0,"canonical_ids":0,"results":[{"message_id":"0:1547978806483655%5f25f72685120eb2"}]}',
)  
[2019-01-20 10:06:46] production.INFO: array (
  'sendNotification Android END' => '{"multicast_id":8832825441874116507,"success":1,"failure":0,"canonical_ids":0,"results":[{"message_id":"0:1547978806483655%5f25f72685120eb2"}]}',
)  
[2019-01-20 10:06:46] production.INFO: array (
  0 => 'sendNotification Android START',
)  
[2019-01-20 10:06:46] production.INFO: array (
  0 => 'sendNotification Android START',
)  
[2019-01-20 10:06:46] production.INFO: array (
  0 => 'sendNotification Android START',
)  
[2019-01-20 10:06:46] production.INFO: array (
  'sendNotification Android END' => '{"multicast_id":9208573429416549300,"success":1,"failure":0,"canonical_ids":0,"results":[{"message_id":"0:1547978806551012%5f25f726f9fd7ecd"}]}',
)  
[2019-01-20 10:06:46] production.INFO: array (
  'sendNotification Android END' => '{"multicast_id":9208573429416549300,"success":1,"failure":0,"canonical_ids":0,"results":[{"message_id":"0:1547978806551012%5f25f726f9fd7ecd"}]}',
)  
[2019-01-20 10:06:46] production.INFO: array (
  'sendNotification Android END' => '{"multicast_id":9208573429416549300,"success":1,"failure":0,"canonical_ids":0,"results":[{"message_id":"0:1547978806551012%5f25f726f9fd7ecd"}]}',
)  
[2019-01-20 10:14:51] production.INFO: array (
  0 => 'sendNotification Android START',
)  
[2019-01-20 10:14:51] production.INFO: array (
  0 => 'sendNotification Android START',
)  
[2019-01-20 10:14:51] production.INFO: array (
  'sendNotification Android END' => '{"multicast_id":4708309434618308042,"success":1,"failure":0,"canonical_ids":0,"results":[{"message_id":"0:1547979291716323%5f25f726f9fd7ecd"}]}',
)  
[2019-01-20 10:14:51] production.INFO: array (
  'sendNotification Android END' => '{"multicast_id":4708309434618308042,"success":1,"failure":0,"canonical_ids":0,"results":[{"message_id":"0:1547979291716323%5f25f726f9fd7ecd"}]}',
)  
[2019-01-20 10:14:51] production.INFO: array (
  0 => 'sendNotification Android START',
)  
[2019-01-20 10:14:51] production.INFO: array (
  0 => 'sendNotification Android START',
)  
[2019-01-20 10:14:51] production.INFO: array (
  0 => 'sendNotification Android START',
)  
[2019-01-20 10:14:51] production.INFO: array (
  'sendNotification Android END' => '{"multicast_id":7600727592873843690,"success":1,"failure":0,"canonical_ids":0,"results":[{"message_id":"0:1547979291850736%5f25f726f9fd7ecd"}]}',
)  
[2019-01-20 10:14:51] production.INFO: array (
  'sendNotification Android END' => '{"multicast_id":7600727592873843690,"success":1,"failure":0,"canonical_ids":0,"results":[{"message_id":"0:1547979291850736%5f25f726f9fd7ecd"}]}',
)  
[2019-01-20 10:14:51] production.INFO: array (
  'sendNotification Android END' => '{"multicast_id":7600727592873843690,"success":1,"failure":0,"canonical_ids":0,"results":[{"message_id":"0:1547979291850736%5f25f726f9fd7ecd"}]}',
)  
[2019-01-20 10:24:08] production.INFO: array (
  0 => 'sendNotification Android START',
)  
[2019-01-20 10:24:08] production.INFO: array (
  0 => 'sendNotification Android START',
)  
[2019-01-20 10:24:08] production.INFO: array (
  'sendNotification Android END' => '{"multicast_id":6939532137544061827,"success":1,"failure":0,"canonical_ids":0,"results":[{"message_id":"0:1547979848682299%5f25f726f9fd7ecd"}]}',
)  
[2019-01-20 10:24:08] production.INFO: array (
  'sendNotification Android END' => '{"multicast_id":6939532137544061827,"success":1,"failure":0,"canonical_ids":0,"results":[{"message_id":"0:1547979848682299%5f25f726f9fd7ecd"}]}',
)  
[2019-01-20 10:24:08] production.INFO: array (
  0 => 'sendNotification Android START',
)  
[2019-01-20 10:24:08] production.INFO: array (
  0 => 'sendNotification Android START',
)  
[2019-01-20 10:24:08] production.INFO: array (
  0 => 'sendNotification Android START',
)  
[2019-01-20 10:24:08] production.INFO: array (
  'sendNotification Android END' => '{"multicast_id":4795215425906544270,"success":1,"failure":0,"canonical_ids":0,"results":[{"message_id":"0:1547979848723683%5f25f726f9fd7ecd"}]}',
)  
[2019-01-20 10:24:08] production.INFO: array (
  'sendNotification Android END' => '{"multicast_id":4795215425906544270,"success":1,"failure":0,"canonical_ids":0,"results":[{"message_id":"0:1547979848723683%5f25f726f9fd7ecd"}]}',
)  
[2019-01-20 10:24:08] production.INFO: array (
  'sendNotification Android END' => '{"multicast_id":4795215425906544270,"success":1,"failure":0,"canonical_ids":0,"results":[{"message_id":"0:1547979848723683%5f25f726f9fd7ecd"}]}',
)  
[2019-01-20 10:24:08] production.INFO: array (
  0 => 'sendNotification Android START',
)  
[2019-01-20 10:24:08] production.INFO: array (
  0 => 'sendNotification Android START',
)  
[2019-01-20 10:24:08] production.INFO: array (
  0 => 'sendNotification Android START',
)  
[2019-01-20 10:24:08] production.INFO: array (
  0 => 'sendNotification Android START',
)  
[2019-01-20 10:24:08] production.INFO: array (
  'sendNotification Android END' => '{"multicast_id":9038333738800577392,"success":1,"failure":0,"canonical_ids":0,"results":[{"message_id":"0:1547979848794785%3bf400aaf9fd7ecd"}]}',
)  
[2019-01-20 10:24:08] production.INFO: array (
  'sendNotification Android END' => '{"multicast_id":9038333738800577392,"success":1,"failure":0,"canonical_ids":0,"results":[{"message_id":"0:1547979848794785%3bf400aaf9fd7ecd"}]}',
)  
[2019-01-20 10:24:08] production.INFO: array (
  'sendNotification Android END' => '{"multicast_id":9038333738800577392,"success":1,"failure":0,"canonical_ids":0,"results":[{"message_id":"0:1547979848794785%3bf400aaf9fd7ecd"}]}',
)  
[2019-01-20 10:24:08] production.INFO: array (
  'sendNotification Android END' => '{"multicast_id":9038333738800577392,"success":1,"failure":0,"canonical_ids":0,"results":[{"message_id":"0:1547979848794785%3bf400aaf9fd7ecd"}]}',
)  
[2019-01-20 11:54:52] production.ERROR: array (
  'Request' => 
  array (
    'device' => 'iOS',
    'device_token' => '8ebb151f61d59b02551dba0190bac7b08c302365e333958957da636b7c721236',
    'user_id' => 2145,
  ),
)  
[2019-01-20 11:56:15] production.ERROR: array (
  'Request' => 'SQLSTATE[23000]: Integrity constraint violation: 1452 Cannot add or update a child row: a foreign key constraint fails (`unclefitter_msdb2`.`user_car`, CONSTRAINT `user_car_car_trim_id_foreign` FOREIGN KEY (`car_trim_id`) REFERENCES `car_trim_OLD` (`id`)) (SQL: insert into `user_car` (`car_trim_id`, `user_id`) values (79420, 2145))',
)  
[2019-01-20 11:56:15] production.ERROR: PDOException: SQLSTATE[23000]: Integrity constraint violation: 1452 Cannot add or update a child row: a foreign key constraint fails (`unclefitter_msdb2`.`user_car`, CONSTRAINT `user_car_car_trim_id_foreign` FOREIGN KEY (`car_trim_id`) REFERENCES `car_trim_OLD` (`id`)) in /var/www/html/vendor/doctrine/dbal/lib/Doctrine/DBAL/Driver/PDOStatement.php:105
Stack trace:
#0 /var/www/html/vendor/doctrine/dbal/lib/Doctrine/DBAL/Driver/PDOStatement.php(105): PDOStatement->execute(NULL)
#1 /var/www/html/vendor/laravel/framework/src/Illuminate/Database/Connection.php(449): Doctrine\DBAL\Driver\PDOStatement->execute()
#2 /var/www/html/vendor/laravel/framework/src/Illuminate/Database/Connection.php(640): Illuminate\Database\Connection->Illuminate\Database\{closure}('insert into `us...', Array)
#3 /var/www/html/vendor/laravel/framework/src/Illuminate/Database/Connection.php(607): Illuminate\Database\Connection->runQueryCallback('insert into `us...', Array, Object(Closure))
#4 /var/www/html/vendor/laravel/framework/src/Illuminate/Database/Connection.php(450): Illuminate\Database\Connection->run('insert into `us...', Array, Object(Closure))
#5 /var/www/html/vendor/laravel/framework/src/Illuminate/Database/Connection.php(404): Illuminate\Database\Connection->statement('insert into `us...', Array)
#6 /var/www/html/vendor/laravel/framework/src/Illuminate/Database/Query/Builder.php(2121): Illuminate\Database\Connection->insert('insert into `us...', Array)
#7 /var/www/html/vendor/laravel/framework/src/Illuminate/Database/Eloquent/Builder.php(1251): Illuminate\Database\Query\Builder->insert(Array)
#8 /var/www/html/vendor/laravel/framework/src/Illuminate/Database/Eloquent/Model.php(1360): Illuminate\Database\Eloquent\Builder->__call('insert', Array)
#9 /var/www/html/app/Repositories/UserCar/UserCarRepository.php(36): Illuminate\Database\Eloquent\Model->__call('insert', Array)
#10 /var/www/html/app/Services/UserCarService.php(26): App\Repositories\UserCar\UserCarRepository->create(Array)
#11 /var/www/html/app/Http/Controllers/Apis/UserCarController.php(80): App\Services\UserCarService->create(Array)
#12 [internal function]: App\Http\Controllers\Apis\UserCarController->store(Object(App\Http\Requests\UserCarTrimRequest))
#13 /var/www/html/vendor/laravel/framework/src/Illuminate/Routing/Controller.php(55): call_user_func_array(Array, Array)
#14 /var/www/html/vendor/laravel/framework/src/Illuminate/Routing/ControllerDispatcher.php(44): Illuminate\Routing\Controller->callAction('store', Array)
#15 /var/www/html/vendor/laravel/framework/src/Illuminate/Routing/Route.php(203): Illuminate\Routing\ControllerDispatcher->dispatch(Object(Illuminate\Routing\Route), Object(App\Http\Controllers\Apis\UserCarController), 'store')
#16 /var/www/html/vendor/laravel/framework/src/Illuminate/Routing/Route.php(160): Illuminate\Routing\Route->runController()
#17 /var/www/html/vendor/laravel/framework/src/Illuminate/Routing/Router.php(574): Illuminate\Routing\Route->run()
#18 /var/www/html/vendor/laravel/framework/src/Illuminate/Routing/Pipeline.php(30): Illuminate\Routing\Router->Illuminate\Routing\{closure}(Object(Illuminate\Http\Request))
#19 /var/www/html/vendor/laravel/framework/src/Illuminate/Routing/Middleware/SubstituteBindings.php(41): Illuminate\Routing\Pipeline->Illuminate\Routing\{closure}(Object(Illuminate\Http\Request))
#20 /var/www/html/vendor/laravel/framework/src/Illuminate/Pipeline/Pipeline.php(148): Illuminate\Routing\Middleware\SubstituteBindings->handle(Object(Illuminate\Http\Request), Object(Closure))
#21 /var/www/html/vendor/laravel/framework/src/Illuminate/Routing/Pipeline.php(53): Illuminate\Pipeline\Pipeline->Illuminate\Pipeline\{closure}(Object(Illuminate\Http\Request))
#22 /var/www/html/vendor/laravel/framework/src/Illuminate/Auth/Middleware/Authenticate.php(43): Illuminate\Routing\Pipeline->Illuminate\Routing\{closure}(Object(Illuminate\Http\Request))
#23 /var/www/html/vendor/laravel/framework/src/Illuminate/Pipeline/Pipeline.php(148): Illuminate\Auth\Middleware\Authenticate->handle(Object(Illuminate\Http\Request), Object(Closure), 'api')
#24 /var/www/html/vendor/laravel/framework/src/Illuminate/Routing/Pipeline.php(53): Illuminate\Pipeline\Pipeline->Illuminate\Pipeline\{closure}(Object(Illuminate\Http\Request))
#25 /var/www/html/vendor/laravel/framework/src/Illuminate/Routing/Middleware/ThrottleRequests.php(49): Illuminate\Routing\Pipeline->Illuminate\Routing\{closure}(Object(Illuminate\Http\Request))
#26 /var/www/html/vendor/laravel/framework/src/Illuminate/Pipeline/Pipeline.php(148): Illuminate\Routing\Middleware\ThrottleRequests->handle(Object(Illuminate\Http\Request), Object(Closure), '60', '1')
#27 /var/www/html/vendor/laravel/framework/src/Illuminate/Routing/Pipeline.php(53): Illuminate\Pipeline\Pipeline->Illuminate\Pipeline\{closure}(Object(Illuminate\Http\Request))
#28 /var/www/html/vendor/laravel/framework/src/Illuminate/Session/Middleware/StartSession.php(64): Illuminate\Routing\Pipeline->Illuminate\Routing\{closure}(Object(Illuminate\Http\Request))
#29 /var/www/html/vendor/laravel/framework/src/Illuminate/Pipeline/Pipeline.php(148): Illuminate\Session\Middleware\StartSession->handle(Object(Illuminate\Http\Request), Object(Closure))
#30 /var/www/html/vendor/laravel/framework/src/Illuminate/Routing/Pipeline.php(53): Illuminate\Pipeline\Pipeline->Illuminate\Pipeline\{closure}(Object(Illuminate\Http\Request))
#31 /var/www/html/vendor/laravel/framework/src/Illuminate/Cookie/Middleware/EncryptCookies.php(59): Illuminate\Routing\Pipeline->Illuminate\Routing\{closure}(Object(Illuminate\Http\Request))
#32 /var/www/html/vendor/laravel/framework/src/Illuminate/Pipeline/Pipeline.php(148): Illuminate\Cookie\Middleware\EncryptCookies->handle(Object(Illuminate\Http\Request), Object(Closure))
#33 /var/www/html/vendor/laravel/framework/src/Illuminate/Routing/Pipeline.php(53): Illuminate\Pipeline\Pipeline->Illuminate\Pipeline\{closure}(Object(Illuminate\Http\Request))
#34 /var/www/html/vendor/laravel/framework/src/Illuminate/Pipeline/Pipeline.php(102): Illuminate\Routing\Pipeline->Illuminate\Routing\{closure}(Object(Illuminate\Http\Request))
#35 /var/www/html/vendor/laravel/framework/src/Illuminate/Routing/Router.php(576): Illuminate\Pipeline\Pipeline->then(Object(Closure))
#36 /var/www/html/vendor/laravel/framework/src/Illuminate/Routing/Router.php(535): Illuminate\Routing\Router->runRouteWithinStack(Object(Illuminate\Routing\Route), Object(Illuminate\Http\Request))
#37 /var/www/html/vendor/laravel/framework/src/Illuminate/Routing/Router.php(513): Illuminate\Routing\Router->dispatchToRoute(Object(Illuminate\Http\Request))
#38 /var/www/html/vendor/laravel/framework/src/Illuminate/Foundation/Http/Kernel.php(176): Illuminate\Routing\Router->dispatch(Object(Illuminate\Http\Request))
#39 /var/www/html/vendor/laravel/framework/src/Illuminate/Routing/Pipeline.php(30): Illuminate\Foundation\Http\Kernel->Illuminate\Foundation\Http\{closure}(Object(Illuminate\Http\Request))
#40 /var/www/html/vendor/laravel/framework/src/Illuminate/Foundation/Http/Middleware/TransformsRequest.php(30): Illuminate\Routing\Pipeline->Illuminate\Routing\{closure}(Object(Illuminate\Http\Request))
#41 /var/www/html/vendor/laravel/framework/src/Illuminate/Pipeline/Pipeline.php(148): Illuminate\Foundation\Http\Middleware\TransformsRequest->handle(Object(Illuminate\Http\Request), Object(Closure))
#42 /var/www/html/vendor/laravel/framework/src/Illuminate/Routing/Pipeline.php(53): Illuminate\Pipeline\Pipeline->Illuminate\Pipeline\{closure}(Object(Illuminate\Http\Request))
#43 /var/www/html/vendor/laravel/framework/src/Illuminate/Foundation/Http/Middleware/TransformsRequest.php(30): Illuminate\Routing\Pipeline->Illuminate\Routing\{closure}(Object(Illuminate\Http\Request))
#44 /var/www/html/vendor/laravel/framework/src/Illuminate/Pipeline/Pipeline.php(148): Illuminate\Foundation\Http\Middleware\TransformsRequest->handle(Object(Illuminate\Http\Request), Object(Closure))
#45 /var/www/html/vendor/laravel/framework/src/Illuminate/Routing/Pipeline.php(53): Illuminate\Pipeline\Pipeline->Illuminate\Pipeline\{closure}(Object(Illuminate\Http\Request))
#46 /var/www/html/vendor/laravel/framework/src/Illuminate/Foundation/Http/Middleware/ValidatePostSize.php(27): Illuminate\Routing\Pipeline->Illuminate\Routing\{closure}(Object(Illuminate\Http\Request))
#47 /var/www/html/vendor/laravel/framework/src/Illuminate/Pipeline/Pipeline.php(148): Illuminate\Foundation\Http\Middleware\ValidatePostSize->handle(Object(Illuminate\Http\Request), Object(Closure))
#48 /var/www/html/vendor/laravel/framework/src/Illuminate/Routing/Pipeline.php(53): Illuminate\Pipeline\Pipeline->Illuminate\Pipeline\{closure}(Object(Illuminate\Http\Request))
#49 /var/www/html/vendor/laravel/framework/src/Illuminate/Foundation/Http/Middleware/CheckForMaintenanceMode.php(46): Illuminate\Routing\Pipeline->Illuminate\Routing\{closure}(Object(Illuminate\Http\Request))
#50 /var/www/html/vendor/laravel/framework/src/Illuminate/Pipeline/Pipeline.php(148): Illuminate\Foundation\Http\Middleware\CheckForMaintenanceMode->handle(Object(Illuminate\Http\Request), Object(Closure))
#51 /var/www/html/vendor/laravel/framework/src/Illuminate/Routing/Pipeline.php(53): Illuminate\Pipeline\Pipeline->Illuminate\Pipeline\{closure}(Object(Illuminate\Http\Request))
#52 /var/www/html/vendor/laravel/framework/src/Illuminate/Pipeline/Pipeline.php(102): Illuminate\Routing\Pipeline->Illuminate\Routing\{closure}(Object(Illuminate\Http\Request))
#53 /var/www/html/vendor/laravel/framework/src/Illuminate/Foundation/Http/Kernel.php(151): Illuminate\Pipeline\Pipeline->then(Object(Closure))
#54 /var/www/html/vendor/laravel/framework/src/Illuminate/Foundation/Http/Kernel.php(116): Illuminate\Foundation\Http\Kernel->sendRequestThroughRouter(Object(Illuminate\Http\Request))
#55 /var/www/html/public/index.php(53): Illuminate\Foundation\Http\Kernel->handle(Object(Illuminate\Http\Request))
#56 {main}

Next Doctrine\DBAL\Driver\PDOException: SQLSTATE[23000]: Integrity constraint violation: 1452 Cannot add or update a child row: a foreign key constraint fails (`unclefitter_msdb2`.`user_car`, CONSTRAINT `user_car_car_trim_id_foreign` FOREIGN KEY (`car_trim_id`) REFERENCES `car_trim_OLD` (`id`)) in /var/www/html/vendor/doctrine/dbal/lib/Doctrine/DBAL/Driver/PDOStatement.php:107
Stack trace:
#0 /var/www/html/vendor/laravel/framework/src/Illuminate/Database/Connection.php(449): Doctrine\DBAL\Driver\PDOStatement->execute()
#1 /var/www/html/vendor/laravel/framework/src/Illuminate/Database/Connection.php(640): Illuminate\Database\Connection->Illuminate\Database\{closure}('insert into `us...', Array)
#2 /var/www/html/vendor/laravel/framework/src/Illuminate/Database/Connection.php(607): Illuminate\Database\Connection->runQueryCallback('insert into `us...', Array, Object(Closure))
#3 /var/www/html/vendor/laravel/framework/src/Illuminate/Database/Connection.php(450): Illuminate\Database\Connection->run('insert into `us...', Array, Object(Closure))
#4 /var/www/html/vendor/laravel/framework/src/Illuminate/Database/Connection.php(404): Illuminate\Database\Connection->statement('insert into `us...', Array)
#5 /var/www/html/vendor/laravel/framework/src/Illuminate/Database/Query/Builder.php(2121): Illuminate\Database\Connection->insert('insert into `us...', Array)
#6 /var/www/html/vendor/laravel/framework/src/Illuminate/Database/Eloquent/Builder.php(1251): Illuminate\Database\Query\Builder->insert(Array)
#7 /var/www/html/vendor/laravel/framework/src/Illuminate/Database/Eloquent/Model.php(1360): Illuminate\Database\Eloquent\Builder->__call('insert', Array)
#8 /var/www/html/app/Repositories/UserCar/UserCarRepository.php(36): Illuminate\Database\Eloquent\Model->__call('insert', Array)
#9 /var/www/html/app/Services/UserCarService.php(26): App\Repositories\UserCar\UserCarRepository->create(Array)
#10 /var/www/html/app/Http/Controllers/Apis/UserCarController.php(80): App\Services\UserCarService->create(Array)
#11 [internal function]: App\Http\Controllers\Apis\UserCarController->store(Object(App\Http\Requests\UserCarTrimRequest))
#12 /var/www/html/vendor/laravel/framework/src/Illuminate/Routing/Controller.php(55): call_user_func_array(Array, Array)
#13 /var/www/html/vendor/laravel/framework/src/Illuminate/Routing/ControllerDispatcher.php(44): Illuminate\Routing\Controller->callAction('store', Array)
#14 /var/www/html/vendor/laravel/framework/src/Illuminate/Routing/Route.php(203): Illuminate\Routing\ControllerDispatcher->dispatch(Object(Illuminate\Routing\Route), Object(App\Http\Controllers\Apis\UserCarController), 'store')
#15 /var/www/html/vendor/laravel/framework/src/Illuminate/Routing/Route.php(160): Illuminate\Routing\Route->runController()
#16 /var/www/html/vendor/laravel/framework/src/Illuminate/Routing/Router.php(574): Illuminate\Routing\Route->run()
#17 /var/www/html/vendor/laravel/framework/src/Illuminate/Routing/Pipeline.php(30): Illuminate\Routing\Router->Illuminate\Routing\{closure}(Object(Illuminate\Http\Request))
#18 /var/www/html/vendor/laravel/framework/src/Illuminate/Routing/Middleware/SubstituteBindings.php(41): Illuminate\Routing\Pipeline->Illuminate\Routing\{closure}(Object(Illuminate\Http\Request))
#19 /var/www/html/vendor/laravel/framework/src/Illuminate/Pipeline/Pipeline.php(148): Illuminate\Routing\Middleware\SubstituteBindings->handle(Object(Illuminate\Http\Request), Object(Closure))
#20 /var/www/html/vendor/laravel/framework/src/Illuminate/Routing/Pipeline.php(53): Illuminate\Pipeline\Pipeline->Illuminate\Pipeline\{closure}(Object(Illuminate\Http\Request))
#21 /var/www/html/vendor/laravel/framework/src/Illuminate/Auth/Middleware/Authenticate.php(43): Illuminate\Routing\Pipeline->Illuminate\Routing\{closure}(Object(Illuminate\Http\Request))
#22 /var/www/html/vendor/laravel/framework/src/Illuminate/Pipeline/Pipeline.php(148): Illuminate\Auth\Middleware\Authenticate->handle(Object(Illuminate\Http\Request), Object(Closure), 'api')
#23 /var/www/html/vendor/laravel/framework/src/Illuminate/Routing/Pipeline.php(53): Illuminate\Pipeline\Pipeline->Illuminate\Pipeline\{closure}(Object(Illuminate\Http\Request))
#24 /var/www/html/vendor/laravel/framework/src/Illuminate/Routing/Middleware/ThrottleRequests.php(49): Illuminate\Routing\Pipeline->Illuminate\Routing\{closure}(Object(Illuminate\Http\Request))
#25 /var/www/html/vendor/laravel/framework/src/Illuminate/Pipeline/Pipeline.php(148): Illuminate\Routing\Middleware\ThrottleRequests->handle(Object(Illuminate\Http\Request), Object(Closure), '60', '1')
#26 /var/www/html/vendor/laravel/framework/src/Illuminate/Routing/Pipeline.php(53): Illuminate\Pipeline\Pipeline->Illuminate\Pipeline\{closure}(Object(Illuminate\Http\Request))
#27 /var/www/html/vendor/laravel/framework/src/Illuminate/Session/Middleware/StartSession.php(64): Illuminate\Routing\Pipeline->Illuminate\Routing\{closure}(Object(Illuminate\Http\Request))
#28 /var/www/html/vendor/laravel/framework/src/Illuminate/Pipeline/Pipeline.php(148): Illuminate\Session\Middleware\StartSession->handle(Object(Illuminate\Http\Request), Object(Closure))
#29 /var/www/html/vendor/laravel/framework/src/Illuminate/Routing/Pipeline.php(53): Illuminate\Pipeline\Pipeline->Illuminate\Pipeline\{closure}(Object(Illuminate\Http\Request))
#30 /var/www/html/vendor/laravel/framework/src/Illuminate/Cookie/Middleware/EncryptCookies.php(59): Illuminate\Routing\Pipeline->Illuminate\Routing\{closure}(Object(Illuminate\Http\Request))
#31 /var/www/html/vendor/laravel/framework/src/Illuminate/Pipeline/Pipeline.php(148): Illuminate\Cookie\Middleware\EncryptCookies->handle(Object(Illuminate\Http\Request), Object(Closure))
#32 /var/www/html/vendor/laravel/framework/src/Illuminate/Routing/Pipeline.php(53): Illuminate\Pipeline\Pipeline->Illuminate\Pipeline\{closure}(Object(Illuminate\Http\Request))
#33 /var/www/html/vendor/laravel/framework/src/Illuminate/Pipeline/Pipeline.php(102): Illuminate\Routing\Pipeline->Illuminate\Routing\{closure}(Object(Illuminate\Http\Request))
#34 /var/www/html/vendor/laravel/framework/src/Illuminate/Routing/Router.php(576): Illuminate\Pipeline\Pipeline->then(Object(Closure))
#35 /var/www/html/vendor/laravel/framework/src/Illuminate/Routing/Router.php(535): Illuminate\Routing\Router->runRouteWithinStack(Object(Illuminate\Routing\Route), Object(Illuminate\Http\Request))
#36 /var/www/html/vendor/laravel/framework/src/Illuminate/Routing/Router.php(513): Illuminate\Routing\Router->dispatchToRoute(Object(Illuminate\Http\Request))
#37 /var/www/html/vendor/laravel/framework/src/Illuminate/Foundation/Http/Kernel.php(176): Illuminate\Routing\Router->dispatch(Object(Illuminate\Http\Request))
#38 /var/www/html/vendor/laravel/framework/src/Illuminate/Routing/Pipeline.php(30): Illuminate\Foundation\Http\Kernel->Illuminate\Foundation\Http\{closure}(Object(Illuminate\Http\Request))
#39 /var/www/html/vendor/laravel/framework/src/Illuminate/Foundation/Http/Middleware/TransformsRequest.php(30): Illuminate\Routing\Pipeline->Illuminate\Routing\{closure}(Object(Illuminate\Http\Request))
#40 /var/www/html/vendor/laravel/framework/src/Illuminate/Pipeline/Pipeline.php(148): Illuminate\Foundation\Http\Middleware\TransformsRequest->handle(Object(Illuminate\Http\Request), Object(Closure))
#41 /var/www/html/vendor/laravel/framework/src/Illuminate/Routing/Pipeline.php(53): Illuminate\Pipeline\Pipeline->Illuminate\Pipeline\{closure}(Object(Illuminate\Http\Request))
#42 /var/www/html/vendor/laravel/framework/src/Illuminate/Foundation/Http/Middleware/TransformsRequest.php(30): Illuminate\Routing\Pipeline->Illuminate\Routing\{closure}(Object(Illuminate\Http\Request))
#43 /var/www/html/vendor/laravel/framework/src/Illuminate/Pipeline/Pipeline.php(148): Illuminate\Foundation\Http\Middleware\TransformsRequest->handle(Object(Illuminate\Http\Request), Object(Closure))
#44 /var/www/html/vendor/laravel/framework/src/Illuminate/Routing/Pipeline.php(53): Illuminate\Pipeline\Pipeline->Illuminate\Pipeline\{closure}(Object(Illuminate\Http\Request))
#45 /var/www/html/vendor/laravel/framework/src/Illuminate/Foundation/Http/Middleware/ValidatePostSize.php(27): Illuminate\Routing\Pipeline->Illuminate\Routing\{closure}(Object(Illuminate\Http\Request))
#46 /var/www/html/vendor/laravel/framework/src/Illuminate/Pipeline/Pipeline.php(148): Illuminate\Foundation\Http\Middleware\ValidatePostSize->handle(Object(Illuminate\Http\Request), Object(Closure))
#47 /var/www/html/vendor/laravel/framework/src/Illuminate/Routing/Pipeline.php(53): Illuminate\Pipeline\Pipeline->Illuminate\Pipeline\{closure}(Object(Illuminate\Http\Request))
#48 /var/www/html/vendor/laravel/framework/src/Illuminate/Foundation/Http/Middleware/CheckForMaintenanceMode.php(46): Illuminate\Routing\Pipeline->Illuminate\Routing\{closure}(Object(Illuminate\Http\Request))
#49 /var/www/html/vendor/laravel/framework/src/Illuminate/Pipeline/Pipeline.php(148): Illuminate\Foundation\Http\Middleware\CheckForMaintenanceMode->handle(Object(Illuminate\Http\Request), Object(Closure))
#50 /var/www/html/vendor/laravel/framework/src/Illuminate/Routing/Pipeline.php(53): Illuminate\Pipeline\Pipeline->Illuminate\Pipeline\{closure}(Object(Illuminate\Http\Request))
#51 /var/www/html/vendor/laravel/framework/src/Illuminate/Pipeline/Pipeline.php(102): Illuminate\Routing\Pipeline->Illuminate\Routing\{closure}(Object(Illuminate\Http\Request))
#52 /var/www/html/vendor/laravel/framework/src/Illuminate/Foundation/Http/Kernel.php(151): Illuminate\Pipeline\Pipeline->then(Object(Closure))
#53 /var/www/html/vendor/laravel/framework/src/Illuminate/Foundation/Http/Kernel.php(116): Illuminate\Foundation\Http\Kernel->sendRequestThroughRouter(Object(Illuminate\Http\Request))
#54 /var/www/html/public/index.php(53): Illuminate\Foundation\Http\Kernel->handle(Object(Illuminate\Http\Request))
#55 {main}

Next Illuminate\Database\QueryException: SQLSTATE[23000]: Integrity constraint violation: 1452 Cannot add or update a child row: a foreign key constraint fails (`unclefitter_msdb2`.`user_car`, CONSTRAINT `user_car_car_trim_id_foreign` FOREIGN KEY (`car_trim_id`) REFERENCES `car_trim_OLD` (`id`)) (SQL: insert into `user_car` (`car_trim_id`, `user_id`) values (79420, 2145)) in /var/www/html/vendor/laravel/framework/src/Illuminate/Database/Connection.php:647
Stack trace:
#0 /var/www/html/vendor/laravel/framework/src/Illuminate/Database/Connection.php(607): Illuminate\Database\Connection->runQueryCallback('insert into `us...', Array, Object(Closure))
#1 /var/www/html/vendor/laravel/framework/src/Illuminate/Database/Connection.php(450): Illuminate\Database\Connection->run('insert into `us...', Array, Object(Closure))
#2 /var/www/html/vendor/laravel/framework/src/Illuminate/Database/Connection.php(404): Illuminate\Database\Connection->statement('insert into `us...', Array)
#3 /var/www/html/vendor/laravel/framework/src/Illuminate/Database/Query/Builder.php(2121): Illuminate\Database\Connection->insert('insert into `us...', Array)
#4 /var/www/html/vendor/laravel/framework/src/Illuminate/Database/Eloquent/Builder.php(1251): Illuminate\Database\Query\Builder->insert(Array)
#5 /var/www/html/vendor/laravel/framework/src/Illuminate/Database/Eloquent/Model.php(1360): Illuminate\Database\Eloquent\Builder->__call('insert', Array)
#6 /var/www/html/app/Repositories/UserCar/UserCarRepository.php(36): Illuminate\Database\Eloquent\Model->__call('insert', Array)
#7 /var/www/html/app/Services/UserCarService.php(26): App\Repositories\UserCar\UserCarRepository->create(Array)
#8 /var/www/html/app/Http/Controllers/Apis/UserCarController.php(80): App\Services\UserCarService->create(Array)
#9 [internal function]: App\Http\Controllers\Apis\UserCarController->store(Object(App\Http\Requests\UserCarTrimRequest))
#10 /var/www/html/vendor/laravel/framework/src/Illuminate/Routing/Controller.php(55): call_user_func_array(Array, Array)
#11 /var/www/html/vendor/laravel/framework/src/Illuminate/Routing/ControllerDispatcher.php(44): Illuminate\Routing\Controller->callAction('store', Array)
#12 /var/www/html/vendor/laravel/framework/src/Illuminate/Routing/Route.php(203): Illuminate\Routing\ControllerDispatcher->dispatch(Object(Illuminate\Routing\Route), Object(App\Http\Controllers\Apis\UserCarController), 'store')
#13 /var/www/html/vendor/laravel/framework/src/Illuminate/Routing/Route.php(160): Illuminate\Routing\Route->runController()
#14 /var/www/html/vendor/laravel/framework/src/Illuminate/Routing/Router.php(574): Illuminate\Routing\Route->run()
#15 /var/www/html/vendor/laravel/framework/src/Illuminate/Routing/Pipeline.php(30): Illuminate\Routing\Router->Illuminate\Routing\{closure}(Object(Illuminate\Http\Request))
#16 /var/www/html/vendor/laravel/framework/src/Illuminate/Routing/Middleware/SubstituteBindings.php(41): Illuminate\Routing\Pipeline->Illuminate\Routing\{closure}(Object(Illuminate\Http\Request))
#17 /var/www/html/vendor/laravel/framework/src/Illuminate/Pipeline/Pipeline.php(148): Illuminate\Routing\Middleware\SubstituteBindings->handle(Object(Illuminate\Http\Request), Object(Closure))
#18 /var/www/html/vendor/laravel/framework/src/Illuminate/Routing/Pipeline.php(53): Illuminate\Pipeline\Pipeline->Illuminate\Pipeline\{closure}(Object(Illuminate\Http\Request))
#19 /var/www/html/vendor/laravel/framework/src/Illuminate/Auth/Middleware/Authenticate.php(43): Illuminate\Routing\Pipeline->Illuminate\Routing\{closure}(Object(Illuminate\Http\Request))
#20 /var/www/html/vendor/laravel/framework/src/Illuminate/Pipeline/Pipeline.php(148): Illuminate\Auth\Middleware\Authenticate->handle(Object(Illuminate\Http\Request), Object(Closure), 'api')
#21 /var/www/html/vendor/laravel/framework/src/Illuminate/Routing/Pipeline.php(53): Illuminate\Pipeline\Pipeline->Illuminate\Pipeline\{closure}(Object(Illuminate\Http\Request))
#22 /var/www/html/vendor/laravel/framework/src/Illuminate/Routing/Middleware/ThrottleRequests.php(49): Illuminate\Routing\Pipeline->Illuminate\Routing\{closure}(Object(Illuminate\Http\Request))
#23 /var/www/html/vendor/laravel/framework/src/Illuminate/Pipeline/Pipeline.php(148): Illuminate\Routing\Middleware\ThrottleRequests->handle(Object(Illuminate\Http\Request), Object(Closure), '60', '1')
#24 /var/www/html/vendor/laravel/framework/src/Illuminate/Routing/Pipeline.php(53): Illuminate\Pipeline\Pipeline->Illuminate\Pipeline\{closure}(Object(Illuminate\Http\Request))
#25 /var/www/html/vendor/laravel/framework/src/Illuminate/Session/Middleware/StartSession.php(64): Illuminate\Routing\Pipeline->Illuminate\Routing\{closure}(Object(Illuminate\Http\Request))
#26 /var/www/html/vendor/laravel/framework/src/Illuminate/Pipeline/Pipeline.php(148): Illuminate\Session\Middleware\StartSession->handle(Object(Illuminate\Http\Request), Object(Closure))
#27 /var/www/html/vendor/laravel/framework/src/Illuminate/Routing/Pipeline.php(53): Illuminate\Pipeline\Pipeline->Illuminate\Pipeline\{closure}(Object(Illuminate\Http\Request))
#28 /var/www/html/vendor/laravel/framework/src/Illuminate/Cookie/Middleware/EncryptCookies.php(59): Illuminate\Routing\Pipeline->Illuminate\Routing\{closure}(Object(Illuminate\Http\Request))
#29 /var/www/html/vendor/laravel/framework/src/Illuminate/Pipeline/Pipeline.php(148): Illuminate\Cookie\Middleware\EncryptCookies->handle(Object(Illuminate\Http\Request), Object(Closure))
#30 /var/www/html/vendor/laravel/framework/src/Illuminate/Routing/Pipeline.php(53): Illuminate\Pipeline\Pipeline->Illuminate\Pipeline\{closure}(Object(Illuminate\Http\Request))
#31 /var/www/html/vendor/laravel/framework/src/Illuminate/Pipeline/Pipeline.php(102): Illuminate\Routing\Pipeline->Illuminate\Routing\{closure}(Object(Illuminate\Http\Request))
#32 /var/www/html/vendor/laravel/framework/src/Illuminate/Routing/Router.php(576): Illuminate\Pipeline\Pipeline->then(Object(Closure))
#33 /var/www/html/vendor/laravel/framework/src/Illuminate/Routing/Router.php(535): Illuminate\Routing\Router->runRouteWithinStack(Object(Illuminate\Routing\Route), Object(Illuminate\Http\Request))
#34 /var/www/html/vendor/laravel/framework/src/Illuminate/Routing/Router.php(513): Illuminate\Routing\Router->dispatchToRoute(Object(Illuminate\Http\Request))
#35 /var/www/html/vendor/laravel/framework/src/Illuminate/Foundation/Http/Kernel.php(176): Illuminate\Routing\Router->dispatch(Object(Illuminate\Http\Request))
#36 /var/www/html/vendor/laravel/framework/src/Illuminate/Routing/Pipeline.php(30): Illuminate\Foundation\Http\Kernel->Illuminate\Foundation\Http\{closure}(Object(Illuminate\Http\Request))
#37 /var/www/html/vendor/laravel/framework/src/Illuminate/Foundation/Http/Middleware/TransformsRequest.php(30): Illuminate\Routing\Pipeline->Illuminate\Routing\{closure}(Object(Illuminate\Http\Request))
#38 /var/www/html/vendor/laravel/framework/src/Illuminate/Pipeline/Pipeline.php(148): Illuminate\Foundation\Http\Middleware\TransformsRequest->handle(Object(Illuminate\Http\Request), Object(Closure))
#39 /var/www/html/vendor/laravel/framework/src/Illuminate/Routing/Pipeline.php(53): Illuminate\Pipeline\Pipeline->Illuminate\Pipeline\{closure}(Object(Illuminate\Http\Request))
#40 /var/www/html/vendor/laravel/framework/src/Illuminate/Foundation/Http/Middleware/TransformsRequest.php(30): Illuminate\Routing\Pipeline->Illuminate\Routing\{closure}(Object(Illuminate\Http\Request))
#41 /var/www/html/vendor/laravel/framework/src/Illuminate/Pipeline/Pipeline.php(148): Illuminate\Foundation\Http\Middleware\TransformsRequest->handle(Object(Illuminate\Http\Request), Object(Closure))
#42 /var/www/html/vendor/laravel/framework/src/Illuminate/Routing/Pipeline.php(53): Illuminate\Pipeline\Pipeline->Illuminate\Pipeline\{closure}(Object(Illuminate\Http\Request))
#43 /var/www/html/vendor/laravel/framework/src/Illuminate/Foundation/Http/Middleware/ValidatePostSize.php(27): Illuminate\Routing\Pipeline->Illuminate\Routing\{closure}(Object(Illuminate\Http\Request))
#44 /var/www/html/vendor/laravel/framework/src/Illuminate/Pipeline/Pipeline.php(148): Illuminate\Foundation\Http\Middleware\ValidatePostSize->handle(Object(Illuminate\Http\Request), Object(Closure))
#45 /var/www/html/vendor/laravel/framework/src/Illuminate/Routing/Pipeline.php(53): Illuminate\Pipeline\Pipeline->Illuminate\Pipeline\{closure}(Object(Illuminate\Http\Request))
#46 /var/www/html/vendor/laravel/framework/src/Illuminate/Foundation/Http/Middleware/CheckForMaintenanceMode.php(46): Illuminate\Routing\Pipeline->Illuminate\Routing\{closure}(Object(Illuminate\Http\Request))
#47 /var/www/html/vendor/laravel/framework/src/Illuminate/Pipeline/Pipeline.php(148): Illuminate\Foundation\Http\Middleware\CheckForMaintenanceMode->handle(Object(Illuminate\Http\Request), Object(Closure))
#48 /var/www/html/vendor/laravel/framework/src/Illuminate/Routing/Pipeline.php(53): Illuminate\Pipeline\Pipeline->Illuminate\Pipeline\{closure}(Object(Illuminate\Http\Request))
#49 /var/www/html/vendor/laravel/framework/src/Illuminate/Pipeline/Pipeline.php(102): Illuminate\Routing\Pipeline->Illuminate\Routing\{closure}(Object(Illuminate\Http\Request))
#50 /var/www/html/vendor/laravel/framework/src/Illuminate/Foundation/Http/Kernel.php(151): Illuminate\Pipeline\Pipeline->then(Object(Closure))
#51 /var/www/html/vendor/laravel/framework/src/Illuminate/Foundation/Http/Kernel.php(116): Illuminate\Foundation\Http\Kernel->sendRequestThroughRouter(Object(Illuminate\Http\Request))
#52 /var/www/html/public/index.php(53): Illuminate\Foundation\Http\Kernel->handle(Object(Illuminate\Http\Request))
#53 {main}  
[2019-01-20 15:30:15] production.ERROR: array (
  'Request' => 
  array (
    'device' => 'android',
    'device_token' => 'cvLhMQjlfs0:APA91bHY6GzECsdRQwmYGY5GfYCchCH8WRcR0pS-v2iLxN5hzF5MA2wToUva0KPWjpfq_6uvcn_w4V6CrWBQq1boMuzEGHYBBw9EgZM_SkmDCLm_UEHEUUMEit4kfOYlvLkwTGYxCWzv',
    'user_id' => 2146,
  ),
)  
[2019-01-20 17:01:44] production.INFO: array (
  0 => 'sendNotification Android START',
)  
[2019-01-20 17:01:44] production.INFO: array (
  0 => 'sendNotification Android START',
)  
[2019-01-20 17:01:44] production.INFO: array (
  'sendNotification Android END' => '{"multicast_id":9076259749833008615,"success":0,"failure":1,"canonical_ids":0,"results":[{"error":"MismatchSenderId"}]}',
)  
[2019-01-20 17:01:44] production.INFO: array (
  'sendNotification Android END' => '{"multicast_id":9076259749833008615,"success":0,"failure":1,"canonical_ids":0,"results":[{"error":"MismatchSenderId"}]}',
)  
[2019-01-20 17:01:44] production.INFO: array (
  0 => 'sendNotification Android START',
)  
[2019-01-20 17:01:44] production.INFO: array (
  0 => 'sendNotification Android START',
)  
[2019-01-20 17:01:44] production.INFO: array (
  0 => 'sendNotification Android START',
)  
[2019-01-20 17:01:44] production.INFO: array (
  'sendNotification Android END' => '{"multicast_id":5343556302452054528,"success":0,"failure":1,"canonical_ids":0,"results":[{"error":"NotRegistered"}]}',
)  
[2019-01-20 17:01:44] production.INFO: array (
  'sendNotification Android END' => '{"multicast_id":5343556302452054528,"success":0,"failure":1,"canonical_ids":0,"results":[{"error":"NotRegistered"}]}',
)  
[2019-01-20 17:01:44] production.INFO: array (
  'sendNotification Android END' => '{"multicast_id":5343556302452054528,"success":0,"failure":1,"canonical_ids":0,"results":[{"error":"NotRegistered"}]}',
)  
[2019-01-20 17:01:44] production.INFO: array (
  0 => 'sendNotification Android START',
)  
[2019-01-20 17:01:44] production.INFO: array (
  0 => 'sendNotification Android START',
)  
[2019-01-20 17:01:44] production.INFO: array (
  0 => 'sendNotification Android START',
)  
[2019-01-20 17:01:44] production.INFO: array (
  0 => 'sendNotification Android START',
)  
[2019-01-20 17:01:44] production.INFO: array (
  'sendNotification Android END' => '{"multicast_id":6357870967459562248,"success":1,"failure":0,"canonical_ids":0,"results":[{"message_id":"0:1548003704535651%3bf400aaf9fd7ecd"}]}',
)  
[2019-01-20 17:01:44] production.INFO: array (
  'sendNotification Android END' => '{"multicast_id":6357870967459562248,"success":1,"failure":0,"canonical_ids":0,"results":[{"message_id":"0:1548003704535651%3bf400aaf9fd7ecd"}]}',
)  
[2019-01-20 17:01:44] production.INFO: array (
  'sendNotification Android END' => '{"multicast_id":6357870967459562248,"success":1,"failure":0,"canonical_ids":0,"results":[{"message_id":"0:1548003704535651%3bf400aaf9fd7ecd"}]}',
)  
[2019-01-20 17:01:44] production.INFO: array (
  'sendNotification Android END' => '{"multicast_id":6357870967459562248,"success":1,"failure":0,"canonical_ids":0,"results":[{"message_id":"0:1548003704535651%3bf400aaf9fd7ecd"}]}',
)  
[2019-01-20 17:01:44] production.INFO: array (
  0 => 'sendNotification Android START',
)  
[2019-01-20 17:01:44] production.INFO: array (
  0 => 'sendNotification Android START',
)  
[2019-01-20 17:01:44] production.INFO: array (
  0 => 'sendNotification Android START',
)  
[2019-01-20 17:01:44] production.INFO: array (
  0 => 'sendNotification Android START',
)  
[2019-01-20 17:01:44] production.INFO: array (
  0 => 'sendNotification Android START',
)  
[2019-01-20 17:01:44] production.INFO: array (
  'sendNotification Android END' => '{"multicast_id":7123282891988067752,"success":0,"failure":1,"canonical_ids":0,"results":[{"error":"NotRegistered"}]}',
)  
[2019-01-20 17:01:44] production.INFO: array (
  'sendNotification Android END' => '{"multicast_id":7123282891988067752,"success":0,"failure":1,"canonical_ids":0,"results":[{"error":"NotRegistered"}]}',
)  
[2019-01-20 17:01:44] production.INFO: array (
  'sendNotification Android END' => '{"multicast_id":7123282891988067752,"success":0,"failure":1,"canonical_ids":0,"results":[{"error":"NotRegistered"}]}',
)  
[2019-01-20 17:01:44] production.INFO: array (
  'sendNotification Android END' => '{"multicast_id":7123282891988067752,"success":0,"failure":1,"canonical_ids":0,"results":[{"error":"NotRegistered"}]}',
)  
[2019-01-20 17:01:44] production.INFO: array (
  'sendNotification Android END' => '{"multicast_id":7123282891988067752,"success":0,"failure":1,"canonical_ids":0,"results":[{"error":"NotRegistered"}]}',
)  
[2019-01-20 17:01:44] production.INFO: array (
  0 => 'sendNotification Android START',
)  
[2019-01-20 17:01:44] production.INFO: array (
  0 => 'sendNotification Android START',
)  
[2019-01-20 17:01:44] production.INFO: array (
  0 => 'sendNotification Android START',
)  
[2019-01-20 17:01:44] production.INFO: array (
  0 => 'sendNotification Android START',
)  
[2019-01-20 17:01:44] production.INFO: array (
  0 => 'sendNotification Android START',
)  
[2019-01-20 17:01:44] production.INFO: array (
  0 => 'sendNotification Android START',
)  
[2019-01-20 17:01:44] production.INFO: array (
  'sendNotification Android END' => '{"multicast_id":7911755642737929492,"success":0,"failure":1,"canonical_ids":0,"results":[{"error":"NotRegistered"}]}',
)  
[2019-01-20 17:01:44] production.INFO: array (
  'sendNotification Android END' => '{"multicast_id":7911755642737929492,"success":0,"failure":1,"canonical_ids":0,"results":[{"error":"NotRegistered"}]}',
)  
[2019-01-20 17:01:44] production.INFO: array (
  'sendNotification Android END' => '{"multicast_id":7911755642737929492,"success":0,"failure":1,"canonical_ids":0,"results":[{"error":"NotRegistered"}]}',
)  
[2019-01-20 17:01:44] production.INFO: array (
  'sendNotification Android END' => '{"multicast_id":7911755642737929492,"success":0,"failure":1,"canonical_ids":0,"results":[{"error":"NotRegistered"}]}',
)  
[2019-01-20 17:01:44] production.INFO: array (
  'sendNotification Android END' => '{"multicast_id":7911755642737929492,"success":0,"failure":1,"canonical_ids":0,"results":[{"error":"NotRegistered"}]}',
)  
[2019-01-20 17:01:44] production.INFO: array (
  'sendNotification Android END' => '{"multicast_id":7911755642737929492,"success":0,"failure":1,"canonical_ids":0,"results":[{"error":"NotRegistered"}]}',
)  
[2019-01-20 17:01:44] production.INFO: array (
  0 => 'sendNotification Android START',
)  
[2019-01-20 17:01:44] production.INFO: array (
  0 => 'sendNotification Android START',
)  
[2019-01-20 17:01:44] production.INFO: array (
  0 => 'sendNotification Android START',
)  
[2019-01-20 17:01:44] production.INFO: array (
  0 => 'sendNotification Android START',
)  
[2019-01-20 17:01:44] production.INFO: array (
  0 => 'sendNotification Android START',
)  
[2019-01-20 17:01:44] production.INFO: array (
  0 => 'sendNotification Android START',
)  
[2019-01-20 17:01:44] production.INFO: array (
  0 => 'sendNotification Android START',
)  
[2019-01-20 17:01:44] production.INFO: array (
  'sendNotification Android END' => '{"multicast_id":7112739688235669672,"success":0,"failure":1,"canonical_ids":0,"results":[{"error":"NotRegistered"}]}',
)  
[2019-01-20 17:01:44] production.INFO: array (
  'sendNotification Android END' => '{"multicast_id":7112739688235669672,"success":0,"failure":1,"canonical_ids":0,"results":[{"error":"NotRegistered"}]}',
)  
[2019-01-20 17:01:44] production.INFO: array (
  'sendNotification Android END' => '{"multicast_id":7112739688235669672,"success":0,"failure":1,"canonical_ids":0,"results":[{"error":"NotRegistered"}]}',
)  
[2019-01-20 17:01:44] production.INFO: array (
  'sendNotification Android END' => '{"multicast_id":7112739688235669672,"success":0,"failure":1,"canonical_ids":0,"results":[{"error":"NotRegistered"}]}',
)  
[2019-01-20 17:01:44] production.INFO: array (
  'sendNotification Android END' => '{"multicast_id":7112739688235669672,"success":0,"failure":1,"canonical_ids":0,"results":[{"error":"NotRegistered"}]}',
)  
[2019-01-20 17:01:44] production.INFO: array (
  'sendNotification Android END' => '{"multicast_id":7112739688235669672,"success":0,"failure":1,"canonical_ids":0,"results":[{"error":"NotRegistered"}]}',
)  
[2019-01-20 17:01:44] production.INFO: array (
  'sendNotification Android END' => '{"multicast_id":7112739688235669672,"success":0,"failure":1,"canonical_ids":0,"results":[{"error":"NotRegistered"}]}',
)  
[2019-01-20 17:01:44] production.INFO: array (
  0 => 'sendNotification Android START',
)  
[2019-01-20 17:01:44] production.INFO: array (
  0 => 'sendNotification Android START',
)  
[2019-01-20 17:01:44] production.INFO: array (
  0 => 'sendNotification Android START',
)  
[2019-01-20 17:01:44] production.INFO: array (
  0 => 'sendNotification Android START',
)  
[2019-01-20 17:01:44] production.INFO: array (
  0 => 'sendNotification Android START',
)  
[2019-01-20 17:01:44] production.INFO: array (
  0 => 'sendNotification Android START',
)  
[2019-01-20 17:01:44] production.INFO: array (
  0 => 'sendNotification Android START',
)  
[2019-01-20 17:01:44] production.INFO: array (
  0 => 'sendNotification Android START',
)  
[2019-01-20 17:01:44] production.INFO: array (
  'sendNotification Android END' => '{"multicast_id":6351230933731552497,"success":0,"failure":1,"canonical_ids":0,"results":[{"error":"NotRegistered"}]}',
)  
[2019-01-20 17:01:44] production.INFO: array (
  'sendNotification Android END' => '{"multicast_id":6351230933731552497,"success":0,"failure":1,"canonical_ids":0,"results":[{"error":"NotRegistered"}]}',
)  
[2019-01-20 17:01:44] production.INFO: array (
  'sendNotification Android END' => '{"multicast_id":6351230933731552497,"success":0,"failure":1,"canonical_ids":0,"results":[{"error":"NotRegistered"}]}',
)  
[2019-01-20 17:01:44] production.INFO: array (
  'sendNotification Android END' => '{"multicast_id":6351230933731552497,"success":0,"failure":1,"canonical_ids":0,"results":[{"error":"NotRegistered"}]}',
)  
[2019-01-20 17:01:44] production.INFO: array (
  'sendNotification Android END' => '{"multicast_id":6351230933731552497,"success":0,"failure":1,"canonical_ids":0,"results":[{"error":"NotRegistered"}]}',
)  
[2019-01-20 17:01:44] production.INFO: array (
  'sendNotification Android END' => '{"multicast_id":6351230933731552497,"success":0,"failure":1,"canonical_ids":0,"results":[{"error":"NotRegistered"}]}',
)  
[2019-01-20 17:01:44] production.INFO: array (
  'sendNotification Android END' => '{"multicast_id":6351230933731552497,"success":0,"failure":1,"canonical_ids":0,"results":[{"error":"NotRegistered"}]}',
)  
[2019-01-20 17:01:44] production.INFO: array (
  'sendNotification Android END' => '{"multicast_id":6351230933731552497,"success":0,"failure":1,"canonical_ids":0,"results":[{"error":"NotRegistered"}]}',
)  
[2019-01-20 17:01:44] production.INFO: array (
  0 => 'sendNotification Android START',
)  
[2019-01-20 17:01:44] production.INFO: array (
  0 => 'sendNotification Android START',
)  
[2019-01-20 17:01:44] production.INFO: array (
  0 => 'sendNotification Android START',
)  
[2019-01-20 17:01:44] production.INFO: array (
  0 => 'sendNotification Android START',
)  
[2019-01-20 17:01:44] production.INFO: array (
  0 => 'sendNotification Android START',
)  
[2019-01-20 17:01:44] production.INFO: array (
  0 => 'sendNotification Android START',
)  
[2019-01-20 17:01:44] production.INFO: array (
  0 => 'sendNotification Android START',
)  
[2019-01-20 17:01:44] production.INFO: array (
  0 => 'sendNotification Android START',
)  
[2019-01-20 17:01:44] production.INFO: array (
  0 => 'sendNotification Android START',
)  
[2019-01-20 17:01:44] production.INFO: array (
  'sendNotification Android END' => '{"multicast_id":5422171204605810520,"success":0,"failure":1,"canonical_ids":0,"results":[{"error":"NotRegistered"}]}',
)  
[2019-01-20 17:01:44] production.INFO: array (
  'sendNotification Android END' => '{"multicast_id":5422171204605810520,"success":0,"failure":1,"canonical_ids":0,"results":[{"error":"NotRegistered"}]}',
)  
[2019-01-20 17:01:44] production.INFO: array (
  'sendNotification Android END' => '{"multicast_id":5422171204605810520,"success":0,"failure":1,"canonical_ids":0,"results":[{"error":"NotRegistered"}]}',
)  
[2019-01-20 17:01:44] production.INFO: array (
  'sendNotification Android END' => '{"multicast_id":5422171204605810520,"success":0,"failure":1,"canonical_ids":0,"results":[{"error":"NotRegistered"}]}',
)  
[2019-01-20 17:01:44] production.INFO: array (
  'sendNotification Android END' => '{"multicast_id":5422171204605810520,"success":0,"failure":1,"canonical_ids":0,"results":[{"error":"NotRegistered"}]}',
)  
[2019-01-20 17:01:44] production.INFO: array (
  'sendNotification Android END' => '{"multicast_id":5422171204605810520,"success":0,"failure":1,"canonical_ids":0,"results":[{"error":"NotRegistered"}]}',
)  
[2019-01-20 17:01:44] production.INFO: array (
  'sendNotification Android END' => '{"multicast_id":5422171204605810520,"success":0,"failure":1,"canonical_ids":0,"results":[{"error":"NotRegistered"}]}',
)  
[2019-01-20 17:01:44] production.INFO: array (
  'sendNotification Android END' => '{"multicast_id":5422171204605810520,"success":0,"failure":1,"canonical_ids":0,"results":[{"error":"NotRegistered"}]}',
)  
[2019-01-20 17:01:44] production.INFO: array (
  'sendNotification Android END' => '{"multicast_id":5422171204605810520,"success":0,"failure":1,"canonical_ids":0,"results":[{"error":"NotRegistered"}]}',
)  
[2019-01-20 19:34:32] production.ERROR: array (
  'Request' => 
  array (
    'device' => 'android',
    'device_token' => 'c5QIE7ZB0Rk:APA91bGZN3FUmtPGmbX7B4waZhHuZoX9PVOjE6PvQdXu5ZxH6q5i9brcyI1w2P6g5TBGxBqdrRLLpc_rA8Xogln-s2XpBqeZIjIJd-pNB9n5NjVTGHRqXwLoBSjqMWSGO-rZKvDIy1-_',
    'user_id' => 2147,
  ),
)  
