[2018-03-12 07:55:12] production.INFO: array (
  'sendNotification BOOKING OBJECT END:' => 903,
)  
[2018-03-12 08:07:47] production.INFO: array (
  'sendNotification BOOKING OBJECT END:' => 903,
)  
[2018-03-12 08:31:19] production.INFO: array (
  'sendNotification BOOKING OBJECT END:' => 903,
)  
[2018-03-12 09:11:26] production.INFO: array (
  'sendNotification BOOKING OBJECT END:' => 909,
)  
[2018-03-12 10:26:56] production.INFO: array (
  'sendNotification BOOKING OBJECT END:' => 910,
)  
[2018-03-12 11:24:21] production.INFO: array (
  'sendNotification BOOKING OBJECT END:' => 913,
)  
[2018-03-12 15:14:55] production.ERROR: array (
  'Request' => 
  array (
    'device' => 'iOS',
    'device_token' => '386305e7ac403e2ae684a1b2e1a87344a8e77ffb1c7bdef74245b62783f8d346',
    'user_id' => 1315,
  ),
)  
[2018-03-12 15:16:57] production.INFO: array (
  'sendNotification BOOKING OBJECT END:' => 914,
)  
[2018-03-12 22:36:55] production.INFO: array (
  'sendNotification BOOKING OBJECT END:' => 917,
)  
