[2019-01-01 08:08:37] production.INFO: array (
  0 => 'sendNotification Android START',
)  
[2019-01-01 08:08:37] production.INFO: array (
  0 => 'sendNotification Android START',
)  
[2019-01-01 08:08:38] production.INFO: array (
  'sendNotification Android END' => '{"multicast_id":5654845230725782664,"success":0,"failure":1,"canonical_ids":0,"results":[{"error":"MismatchSenderId"}]}',
)  
[2019-01-01 08:08:38] production.INFO: array (
  'sendNotification Android END' => '{"multicast_id":5654845230725782664,"success":0,"failure":1,"canonical_ids":0,"results":[{"error":"MismatchSenderId"}]}',
)  
[2019-01-01 08:08:38] production.INFO: array (
  0 => 'sendNotification Android START',
)  
[2019-01-01 08:08:38] production.INFO: array (
  0 => 'sendNotification Android START',
)  
[2019-01-01 08:08:38] production.INFO: array (
  0 => 'sendNotification Android START',
)  
[2019-01-01 08:08:38] production.INFO: array (
  'sendNotification Android END' => '{"multicast_id":8895122237363369120,"success":0,"failure":1,"canonical_ids":0,"results":[{"error":"NotRegistered"}]}',
)  
[2019-01-01 08:08:38] production.INFO: array (
  'sendNotification Android END' => '{"multicast_id":8895122237363369120,"success":0,"failure":1,"canonical_ids":0,"results":[{"error":"NotRegistered"}]}',
)  
[2019-01-01 08:08:38] production.INFO: array (
  'sendNotification Android END' => '{"multicast_id":8895122237363369120,"success":0,"failure":1,"canonical_ids":0,"results":[{"error":"NotRegistered"}]}',
)  
[2019-01-01 08:08:38] production.INFO: array (
  0 => 'sendNotification Android START',
)  
[2019-01-01 08:08:38] production.INFO: array (
  0 => 'sendNotification Android START',
)  
[2019-01-01 08:08:38] production.INFO: array (
  0 => 'sendNotification Android START',
)  
[2019-01-01 08:08:38] production.INFO: array (
  0 => 'sendNotification Android START',
)  
[2019-01-01 08:08:38] production.INFO: array (
  'sendNotification Android END' => '{"multicast_id":7822946742218148863,"success":1,"failure":0,"canonical_ids":0,"results":[{"message_id":"0:1546330118215602%3bf400aaf9fd7ecd"}]}',
)  
[2019-01-01 08:08:38] production.INFO: array (
  'sendNotification Android END' => '{"multicast_id":7822946742218148863,"success":1,"failure":0,"canonical_ids":0,"results":[{"message_id":"0:1546330118215602%3bf400aaf9fd7ecd"}]}',
)  
[2019-01-01 08:08:38] production.INFO: array (
  'sendNotification Android END' => '{"multicast_id":7822946742218148863,"success":1,"failure":0,"canonical_ids":0,"results":[{"message_id":"0:1546330118215602%3bf400aaf9fd7ecd"}]}',
)  
[2019-01-01 08:08:38] production.INFO: array (
  'sendNotification Android END' => '{"multicast_id":7822946742218148863,"success":1,"failure":0,"canonical_ids":0,"results":[{"message_id":"0:1546330118215602%3bf400aaf9fd7ecd"}]}',
)  
[2019-01-01 08:08:38] production.INFO: array (
  0 => 'sendNotification Android START',
)  
[2019-01-01 08:08:38] production.INFO: array (
  0 => 'sendNotification Android START',
)  
[2019-01-01 08:08:38] production.INFO: array (
  0 => 'sendNotification Android START',
)  
[2019-01-01 08:08:38] production.INFO: array (
  0 => 'sendNotification Android START',
)  
[2019-01-01 08:08:38] production.INFO: array (
  0 => 'sendNotification Android START',
)  
[2019-01-01 08:08:38] production.INFO: array (
  'sendNotification Android END' => '{"multicast_id":5450594498216225926,"success":0,"failure":1,"canonical_ids":0,"results":[{"error":"NotRegistered"}]}',
)  
[2019-01-01 08:08:38] production.INFO: array (
  'sendNotification Android END' => '{"multicast_id":5450594498216225926,"success":0,"failure":1,"canonical_ids":0,"results":[{"error":"NotRegistered"}]}',
)  
[2019-01-01 08:08:38] production.INFO: array (
  'sendNotification Android END' => '{"multicast_id":5450594498216225926,"success":0,"failure":1,"canonical_ids":0,"results":[{"error":"NotRegistered"}]}',
)  
[2019-01-01 08:08:38] production.INFO: array (
  'sendNotification Android END' => '{"multicast_id":5450594498216225926,"success":0,"failure":1,"canonical_ids":0,"results":[{"error":"NotRegistered"}]}',
)  
[2019-01-01 08:08:38] production.INFO: array (
  'sendNotification Android END' => '{"multicast_id":5450594498216225926,"success":0,"failure":1,"canonical_ids":0,"results":[{"error":"NotRegistered"}]}',
)  
[2019-01-01 08:08:38] production.INFO: array (
  0 => 'sendNotification Android START',
)  
[2019-01-01 08:08:38] production.INFO: array (
  0 => 'sendNotification Android START',
)  
[2019-01-01 08:08:38] production.INFO: array (
  0 => 'sendNotification Android START',
)  
[2019-01-01 08:08:38] production.INFO: array (
  0 => 'sendNotification Android START',
)  
[2019-01-01 08:08:38] production.INFO: array (
  0 => 'sendNotification Android START',
)  
[2019-01-01 08:08:38] production.INFO: array (
  0 => 'sendNotification Android START',
)  
[2019-01-01 08:08:38] production.INFO: array (
  'sendNotification Android END' => '{"multicast_id":6647252089990644202,"success":0,"failure":1,"canonical_ids":0,"results":[{"error":"NotRegistered"}]}',
)  
[2019-01-01 08:08:38] production.INFO: array (
  'sendNotification Android END' => '{"multicast_id":6647252089990644202,"success":0,"failure":1,"canonical_ids":0,"results":[{"error":"NotRegistered"}]}',
)  
[2019-01-01 08:08:38] production.INFO: array (
  'sendNotification Android END' => '{"multicast_id":6647252089990644202,"success":0,"failure":1,"canonical_ids":0,"results":[{"error":"NotRegistered"}]}',
)  
[2019-01-01 08:08:38] production.INFO: array (
  'sendNotification Android END' => '{"multicast_id":6647252089990644202,"success":0,"failure":1,"canonical_ids":0,"results":[{"error":"NotRegistered"}]}',
)  
[2019-01-01 08:08:38] production.INFO: array (
  'sendNotification Android END' => '{"multicast_id":6647252089990644202,"success":0,"failure":1,"canonical_ids":0,"results":[{"error":"NotRegistered"}]}',
)  
[2019-01-01 08:08:38] production.INFO: array (
  'sendNotification Android END' => '{"multicast_id":6647252089990644202,"success":0,"failure":1,"canonical_ids":0,"results":[{"error":"NotRegistered"}]}',
)  
[2019-01-01 08:08:38] production.INFO: array (
  0 => 'sendNotification Android START',
)  
[2019-01-01 08:08:38] production.INFO: array (
  0 => 'sendNotification Android START',
)  
[2019-01-01 08:08:38] production.INFO: array (
  0 => 'sendNotification Android START',
)  
[2019-01-01 08:08:38] production.INFO: array (
  0 => 'sendNotification Android START',
)  
[2019-01-01 08:08:38] production.INFO: array (
  0 => 'sendNotification Android START',
)  
[2019-01-01 08:08:38] production.INFO: array (
  0 => 'sendNotification Android START',
)  
[2019-01-01 08:08:38] production.INFO: array (
  0 => 'sendNotification Android START',
)  
[2019-01-01 08:08:38] production.INFO: array (
  'sendNotification Android END' => '{"multicast_id":7567123142014855142,"success":0,"failure":1,"canonical_ids":0,"results":[{"error":"NotRegistered"}]}',
)  
[2019-01-01 08:08:38] production.INFO: array (
  'sendNotification Android END' => '{"multicast_id":7567123142014855142,"success":0,"failure":1,"canonical_ids":0,"results":[{"error":"NotRegistered"}]}',
)  
[2019-01-01 08:08:38] production.INFO: array (
  'sendNotification Android END' => '{"multicast_id":7567123142014855142,"success":0,"failure":1,"canonical_ids":0,"results":[{"error":"NotRegistered"}]}',
)  
[2019-01-01 08:08:38] production.INFO: array (
  'sendNotification Android END' => '{"multicast_id":7567123142014855142,"success":0,"failure":1,"canonical_ids":0,"results":[{"error":"NotRegistered"}]}',
)  
[2019-01-01 08:08:38] production.INFO: array (
  'sendNotification Android END' => '{"multicast_id":7567123142014855142,"success":0,"failure":1,"canonical_ids":0,"results":[{"error":"NotRegistered"}]}',
)  
[2019-01-01 08:08:38] production.INFO: array (
  'sendNotification Android END' => '{"multicast_id":7567123142014855142,"success":0,"failure":1,"canonical_ids":0,"results":[{"error":"NotRegistered"}]}',
)  
[2019-01-01 08:08:38] production.INFO: array (
  'sendNotification Android END' => '{"multicast_id":7567123142014855142,"success":0,"failure":1,"canonical_ids":0,"results":[{"error":"NotRegistered"}]}',
)  
[2019-01-01 08:08:38] production.INFO: array (
  0 => 'sendNotification Android START',
)  
[2019-01-01 08:08:38] production.INFO: array (
  0 => 'sendNotification Android START',
)  
[2019-01-01 08:08:38] production.INFO: array (
  0 => 'sendNotification Android START',
)  
[2019-01-01 08:08:38] production.INFO: array (
  0 => 'sendNotification Android START',
)  
[2019-01-01 08:08:38] production.INFO: array (
  0 => 'sendNotification Android START',
)  
[2019-01-01 08:08:38] production.INFO: array (
  0 => 'sendNotification Android START',
)  
[2019-01-01 08:08:38] production.INFO: array (
  0 => 'sendNotification Android START',
)  
[2019-01-01 08:08:38] production.INFO: array (
  0 => 'sendNotification Android START',
)  
[2019-01-01 08:08:38] production.INFO: array (
  'sendNotification Android END' => '{"multicast_id":8463355552254664819,"success":0,"failure":1,"canonical_ids":0,"results":[{"error":"NotRegistered"}]}',
)  
[2019-01-01 08:08:38] production.INFO: array (
  'sendNotification Android END' => '{"multicast_id":8463355552254664819,"success":0,"failure":1,"canonical_ids":0,"results":[{"error":"NotRegistered"}]}',
)  
[2019-01-01 08:08:38] production.INFO: array (
  'sendNotification Android END' => '{"multicast_id":8463355552254664819,"success":0,"failure":1,"canonical_ids":0,"results":[{"error":"NotRegistered"}]}',
)  
[2019-01-01 08:08:38] production.INFO: array (
  'sendNotification Android END' => '{"multicast_id":8463355552254664819,"success":0,"failure":1,"canonical_ids":0,"results":[{"error":"NotRegistered"}]}',
)  
[2019-01-01 08:08:38] production.INFO: array (
  'sendNotification Android END' => '{"multicast_id":8463355552254664819,"success":0,"failure":1,"canonical_ids":0,"results":[{"error":"NotRegistered"}]}',
)  
[2019-01-01 08:08:38] production.INFO: array (
  'sendNotification Android END' => '{"multicast_id":8463355552254664819,"success":0,"failure":1,"canonical_ids":0,"results":[{"error":"NotRegistered"}]}',
)  
[2019-01-01 08:08:38] production.INFO: array (
  'sendNotification Android END' => '{"multicast_id":8463355552254664819,"success":0,"failure":1,"canonical_ids":0,"results":[{"error":"NotRegistered"}]}',
)  
[2019-01-01 08:08:38] production.INFO: array (
  'sendNotification Android END' => '{"multicast_id":8463355552254664819,"success":0,"failure":1,"canonical_ids":0,"results":[{"error":"NotRegistered"}]}',
)  
[2019-01-01 08:08:38] production.INFO: array (
  0 => 'sendNotification Android START',
)  
[2019-01-01 08:08:38] production.INFO: array (
  0 => 'sendNotification Android START',
)  
[2019-01-01 08:08:38] production.INFO: array (
  0 => 'sendNotification Android START',
)  
[2019-01-01 08:08:38] production.INFO: array (
  0 => 'sendNotification Android START',
)  
[2019-01-01 08:08:38] production.INFO: array (
  0 => 'sendNotification Android START',
)  
[2019-01-01 08:08:38] production.INFO: array (
  0 => 'sendNotification Android START',
)  
[2019-01-01 08:08:38] production.INFO: array (
  0 => 'sendNotification Android START',
)  
[2019-01-01 08:08:38] production.INFO: array (
  0 => 'sendNotification Android START',
)  
[2019-01-01 08:08:38] production.INFO: array (
  0 => 'sendNotification Android START',
)  
[2019-01-01 08:08:38] production.INFO: array (
  'sendNotification Android END' => '{"multicast_id":4974320977862624814,"success":0,"failure":1,"canonical_ids":0,"results":[{"error":"NotRegistered"}]}',
)  
[2019-01-01 08:08:38] production.INFO: array (
  'sendNotification Android END' => '{"multicast_id":4974320977862624814,"success":0,"failure":1,"canonical_ids":0,"results":[{"error":"NotRegistered"}]}',
)  
[2019-01-01 08:08:38] production.INFO: array (
  'sendNotification Android END' => '{"multicast_id":4974320977862624814,"success":0,"failure":1,"canonical_ids":0,"results":[{"error":"NotRegistered"}]}',
)  
[2019-01-01 08:08:38] production.INFO: array (
  'sendNotification Android END' => '{"multicast_id":4974320977862624814,"success":0,"failure":1,"canonical_ids":0,"results":[{"error":"NotRegistered"}]}',
)  
[2019-01-01 08:08:38] production.INFO: array (
  'sendNotification Android END' => '{"multicast_id":4974320977862624814,"success":0,"failure":1,"canonical_ids":0,"results":[{"error":"NotRegistered"}]}',
)  
[2019-01-01 08:08:38] production.INFO: array (
  'sendNotification Android END' => '{"multicast_id":4974320977862624814,"success":0,"failure":1,"canonical_ids":0,"results":[{"error":"NotRegistered"}]}',
)  
[2019-01-01 08:08:38] production.INFO: array (
  'sendNotification Android END' => '{"multicast_id":4974320977862624814,"success":0,"failure":1,"canonical_ids":0,"results":[{"error":"NotRegistered"}]}',
)  
[2019-01-01 08:08:38] production.INFO: array (
  'sendNotification Android END' => '{"multicast_id":4974320977862624814,"success":0,"failure":1,"canonical_ids":0,"results":[{"error":"NotRegistered"}]}',
)  
[2019-01-01 08:08:38] production.INFO: array (
  'sendNotification Android END' => '{"multicast_id":4974320977862624814,"success":0,"failure":1,"canonical_ids":0,"results":[{"error":"NotRegistered"}]}',
)  
